-- Install configuration: ""
-- Execute custom install script
-- Up-to-date symlink: /home/yann/ros2_ws/install/limo_car/share/limo_car/launch/ackermann.launch.py
-- Up-to-date symlink: /home/yann/ros2_ws/install/limo_car/share/limo_car/launch/ackermann_gazebo.launch.py
-- Up-to-date symlink: /home/yann/ros2_ws/install/limo_car/share/limo_car/launch/display_ackermann.launch.py
-- Up-to-date symlink: /home/yann/ros2_ws/install/limo_car/share/limo_car/gazebo/ackermann.xacro
-- Up-to-date symlink: /home/yann/ros2_ws/install/limo_car/share/limo_car/gazebo/ackermann_with_sensor.xacro
-- Up-to-date symlink: /home/yann/ros2_ws/install/limo_car/share/limo_car/gazebo/sensor.xacro
-- Symlinking: /home/yann/ros2_ws/install/limo_car/share/limo_car/meshes/limo_base.dae
-- Symlinking: /home/yann/ros2_ws/install/limo_car/share/limo_car/meshes/limo_base.stl
-- Symlinking: /home/yann/ros2_ws/install/limo_car/share/limo_car/meshes/limo_wheel.dae
-- Symlinking: /home/yann/ros2_ws/install/limo_car/share/limo_car/meshes/limo_wheel.stl
-- Symlinking: /home/yann/ros2_ws/install/limo_car/share/limo_car/rviz/gazebo.rviz
-- Symlinking: /home/yann/ros2_ws/install/limo_car/share/limo_car/rviz/urdf.rviz
[31mCMake Error at ament_cmake_symlink_install/ament_cmake_symlink_install.cmake:100 (message):
  ament_cmake_symlink_install_directory() can't find
  '/home/yann/ros2_ws/src/limo_ros2/limo_car/src'
Call Stack (most recent call first):
  ament_cmake_symlink_install/ament_cmake_symlink_install.cmake:314 (ament_cmake_symlink_install_directory)
  cmake_install.cmake:46 (include)

[0m
