[0.076s] Invoking command in '/home/yann/ros2_ws/build/limo_msgs': CMAKE_PREFIX_PATH=${CMAKE_PREFIX_PATH}:/opt/ros/humble:/home/yann/ros2_humble/install/rqt_bag_plugins:/home/yann/ros2_humble/install/rqt_bag:/home/yann/ros2_humble/install/launch_testing_examples:/home/yann/ros2_humble/install/ros2bag:/home/yann/ros2_humble/install/tracetools_test:/home/yann/ros2_humble/install/tracetools_launch:/home/yann/ros2_humble/install/topic_monitor:/home/yann/ros2_humble/install/tf2_tools:/home/yann/ros2_humble/install/examples_tf2_py:/home/yann/ros2_humble/install/tf2_ros_py:/home/yann/ros2_humble/install/sros2:/home/yann/ros2_humble/install/rqt_topic:/home/yann/ros2_humble/install/rqt_srv:/home/yann/ros2_humble/install/rqt_shell:/home/yann/ros2_humble/install/rqt_service_caller:/home/yann/ros2_humble/install/rqt_reconfigure:/home/yann/ros2_humble/install/rqt_py_console:/home/yann/ros2_humble/install/rqt_publisher:/home/yann/ros2_humble/install/rqt_plot:/home/yann/ros2_humble/install/rqt_action:/home/yann/ros2_humble/install/rqt_msg:/home/yann/ros2_humble/install/rqt_console:/home/yann/ros2_humble/install/rqt:/home/yann/ros2_humble/install/rqt_graph:/home/yann/ros2_humble/install/rqt_gui_py:/home/yann/ros2_humble/install/rqt_gui:/home/yann/ros2_humble/install/ros2trace:/home/yann/ros2_humble/install/ros2topic:/home/yann/ros2_humble/install/ros2test:/home/yann/ros2_humble/install/ros2component:/home/yann/ros2_humble/install/ros2param:/home/yann/ros2_humble/install/ros2lifecycle:/home/yann/ros2_humble/install/ros2service:/home/yann/ros2_humble/install/ros2run:/home/yann/ros2_humble/install/ros2plugin:/home/yann/ros2_humble/install/ros2launch:/home/yann/ros2_humble/install/ros2pkg:/home/yann/ros2_humble/install/ros2node:/home/yann/ros2_humble/install/ros2multicast:/home/yann/ros2_humble/install/ros2interface:/home/yann/ros2_humble/install/ros2doctor:/home/yann/ros2_humble/install/ros2action:/home/yann/ros2_humble/install/ros2cli:/home/yann/ros2_humble/install/quality_of_service_demo_py:/home/yann/ros2_humble/install/lifecycle_py:/home/yann/ros2_humble/install/launch_testing_ros:/home/yann/ros2_humble/install/launch_ros:/home/yann/ros2_humble/install/examples_rclpy_pointcloud_publisher:/home/yann/ros2_humble/install/examples_rclpy_minimal_subscriber:/home/yann/ros2_humble/install/examples_rclpy_minimal_service:/home/yann/ros2_humble/install/examples_rclpy_minimal_publisher:/home/yann/ros2_humble/install/examples_rclpy_minimal_client:/home/yann/ros2_humble/install/examples_rclpy_minimal_action_server:/home/yann/ros2_humble/install/examples_rclpy_minimal_action_client:/home/yann/ros2_humble/install/examples_rclpy_guard_conditions:/home/yann/ros2_humble/install/examples_rclpy_executors:/home/yann/ros2_humble/install/demo_nodes_py:/home/yann/ros2_humble/install/camera_info_manager_py:/home/yann/ros2_humble/install/action_tutorials_py:/home/yann/ros2_humble/install/ament_uncrustify:/home/yann/ros2_humble/install/tracetools_trace:/home/yann/ros2_humble/install/tracetools_read:/home/yann/ros2_humble/install/test_tracetools_launch:/home/yann/ros2_humble/install/test_launch_ros:/home/yann/ros2_humble/install/sensor_msgs_py:/home/yann/ros2_humble/install/rpyutils:/home/yann/ros2_humble/install/rosidl_runtime_py:/home/yann/ros2_humble/install/rosidl_cli:/home/yann/ros2_humble/install/launch_pytest:/home/yann/ros2_humble/install/launch_testing:/home/yann/ros2_humble/install/launch_yaml:/home/yann/ros2_humble/install/launch_xml:/home/yann/ros2_humble/install/launch:/home/yann/ros2_humble/install/osrf_pycommon:/home/yann/ros2_humble/install/domain_coordinator:/home/yann/ros2_humble/install/ament_xmllint:/home/yann/ros2_humble/install/ament_pyflakes:/home/yann/ros2_humble/install/ament_pycodestyle:/home/yann/ros2_humble/install/ament_pep257:/home/yann/ros2_humble/install/ament_pclint:/home/yann/ros2_humble/install/ament_package:/home/yann/ros2_humble/install/ament_mypy:/home/yann/ros2_humble/install/ament_lint_cmake:/home/yann/ros2_humble/install/ament_flake8:/home/yann/ros2_humble/install/ament_copyright:/home/yann/ros2_humble/install/ament_lint:/home/yann/ros2_humble/install/ament_index_python:/home/yann/ros2_humble/install/ament_cpplint:/home/yann/ros2_humble/install/ament_cppcheck:/home/yann/ros2_humble/install/ament_clang_tidy:/home/yann/ros2_humble/install/ament_clang_format /usr/bin/cmake --build /home/yann/ros2_ws/build/limo_msgs -- -j16 -l16
[0.219s] [  6%] Built target limo_msgs__cpp
[0.219s] [ 12%] Built target limo_msgs__rosidl_generator_c
[0.243s] [ 12%] Built target ament_cmake_python_symlink_limo_msgs
[0.282s] [ 61%] Built target limo_msgs__rosidl_typesupport_c
[0.282s] [ 61%] Built target limo_msgs__rosidl_typesupport_fastrtps_c
[0.282s] [ 61%] Built target limo_msgs__rosidl_typesupport_fastrtps_cpp
[0.282s] [ 61%] Built target limo_msgs__rosidl_typesupport_cpp
[0.282s] [ 70%] Built target limo_msgs__rosidl_typesupport_introspection_cpp
[0.282s] [ 70%] Built target limo_msgs__rosidl_typesupport_introspection_c
[0.343s] [ 70%] Built target limo_msgs
[0.406s] [ 74%] Built target limo_msgs__py
[0.468s] [ 80%] Built target limo_msgs__rosidl_generator_py
[0.530s] [100%] Built target limo_msgs__rosidl_typesupport_fastrtps_c__pyext
[0.530s] [100%] Built target limo_msgs__rosidl_typesupport_introspection_c__pyext
[0.530s] [100%] Built target limo_msgs__rosidl_typesupport_c__pyext
[0.750s] running egg_info
[0.750s] writing limo_msgs.egg-info/PKG-INFO
[0.751s] writing dependency_links to limo_msgs.egg-info/dependency_links.txt
[0.751s] writing top-level names to limo_msgs.egg-info/top_level.txt
[0.753s] reading manifest file 'limo_msgs.egg-info/SOURCES.txt'
[0.753s] writing manifest file 'limo_msgs.egg-info/SOURCES.txt'
[0.798s] [100%] Built target ament_cmake_python_build_limo_msgs_egg
