[0.081s] Invoking command in '/home/yann/ros2_ws/build/limo_msgs': CMAKE_PREFIX_PATH=${CMAKE_PREFIX_PATH}:/opt/ros/humble:/home/yann/ros2_humble/install/rqt_bag_plugins:/home/yann/ros2_humble/install/rqt_bag:/home/yann/ros2_humble/install/launch_testing_examples:/home/yann/ros2_humble/install/ros2bag:/home/yann/ros2_humble/install/tracetools_test:/home/yann/ros2_humble/install/tracetools_launch:/home/yann/ros2_humble/install/topic_monitor:/home/yann/ros2_humble/install/tf2_tools:/home/yann/ros2_humble/install/examples_tf2_py:/home/yann/ros2_humble/install/tf2_ros_py:/home/yann/ros2_humble/install/sros2:/home/yann/ros2_humble/install/rqt_topic:/home/yann/ros2_humble/install/rqt_srv:/home/yann/ros2_humble/install/rqt_shell:/home/yann/ros2_humble/install/rqt_service_caller:/home/yann/ros2_humble/install/rqt_reconfigure:/home/yann/ros2_humble/install/rqt_py_console:/home/yann/ros2_humble/install/rqt_publisher:/home/yann/ros2_humble/install/rqt_plot:/home/yann/ros2_humble/install/rqt_action:/home/yann/ros2_humble/install/rqt_msg:/home/yann/ros2_humble/install/rqt_console:/home/yann/ros2_humble/install/rqt:/home/yann/ros2_humble/install/rqt_graph:/home/yann/ros2_humble/install/rqt_gui_py:/home/yann/ros2_humble/install/rqt_gui:/home/yann/ros2_humble/install/ros2trace:/home/yann/ros2_humble/install/ros2topic:/home/yann/ros2_humble/install/ros2test:/home/yann/ros2_humble/install/ros2component:/home/yann/ros2_humble/install/ros2param:/home/yann/ros2_humble/install/ros2lifecycle:/home/yann/ros2_humble/install/ros2service:/home/yann/ros2_humble/install/ros2run:/home/yann/ros2_humble/install/ros2plugin:/home/yann/ros2_humble/install/ros2launch:/home/yann/ros2_humble/install/ros2pkg:/home/yann/ros2_humble/install/ros2node:/home/yann/ros2_humble/install/ros2multicast:/home/yann/ros2_humble/install/ros2interface:/home/yann/ros2_humble/install/ros2doctor:/home/yann/ros2_humble/install/ros2action:/home/yann/ros2_humble/install/ros2cli:/home/yann/ros2_humble/install/quality_of_service_demo_py:/home/yann/ros2_humble/install/lifecycle_py:/home/yann/ros2_humble/install/launch_testing_ros:/home/yann/ros2_humble/install/launch_ros:/home/yann/ros2_humble/install/examples_rclpy_pointcloud_publisher:/home/yann/ros2_humble/install/examples_rclpy_minimal_subscriber:/home/yann/ros2_humble/install/examples_rclpy_minimal_service:/home/yann/ros2_humble/install/examples_rclpy_minimal_publisher:/home/yann/ros2_humble/install/examples_rclpy_minimal_client:/home/yann/ros2_humble/install/examples_rclpy_minimal_action_server:/home/yann/ros2_humble/install/examples_rclpy_minimal_action_client:/home/yann/ros2_humble/install/examples_rclpy_guard_conditions:/home/yann/ros2_humble/install/examples_rclpy_executors:/home/yann/ros2_humble/install/demo_nodes_py:/home/yann/ros2_humble/install/camera_info_manager_py:/home/yann/ros2_humble/install/action_tutorials_py:/home/yann/ros2_humble/install/ament_uncrustify:/home/yann/ros2_humble/install/tracetools_trace:/home/yann/ros2_humble/install/tracetools_read:/home/yann/ros2_humble/install/test_tracetools_launch:/home/yann/ros2_humble/install/test_launch_ros:/home/yann/ros2_humble/install/sensor_msgs_py:/home/yann/ros2_humble/install/rpyutils:/home/yann/ros2_humble/install/rosidl_runtime_py:/home/yann/ros2_humble/install/rosidl_cli:/home/yann/ros2_humble/install/launch_pytest:/home/yann/ros2_humble/install/launch_testing:/home/yann/ros2_humble/install/launch_yaml:/home/yann/ros2_humble/install/launch_xml:/home/yann/ros2_humble/install/launch:/home/yann/ros2_humble/install/osrf_pycommon:/home/yann/ros2_humble/install/domain_coordinator:/home/yann/ros2_humble/install/ament_xmllint:/home/yann/ros2_humble/install/ament_pyflakes:/home/yann/ros2_humble/install/ament_pycodestyle:/home/yann/ros2_humble/install/ament_pep257:/home/yann/ros2_humble/install/ament_pclint:/home/yann/ros2_humble/install/ament_package:/home/yann/ros2_humble/install/ament_mypy:/home/yann/ros2_humble/install/ament_lint_cmake:/home/yann/ros2_humble/install/ament_flake8:/home/yann/ros2_humble/install/ament_copyright:/home/yann/ros2_humble/install/ament_lint:/home/yann/ros2_humble/install/ament_index_python:/home/yann/ros2_humble/install/ament_cpplint:/home/yann/ros2_humble/install/ament_cppcheck:/home/yann/ros2_humble/install/ament_clang_tidy:/home/yann/ros2_humble/install/ament_clang_format /usr/bin/cmake /home/yann/ros2_ws/src/limo_ros2/limo_msgs -DAMENT_CMAKE_SYMLINK_INSTALL=1 -DCMAKE_INSTALL_PREFIX=/home/yann/ros2_ws/install/limo_msgs
[0.198s] -- The C compiler identification is GNU 11.4.0
[0.273s] -- The CXX compiler identification is GNU 11.4.0
[0.285s] -- Detecting C compiler ABI info
[0.428s] -- Detecting C compiler ABI info - done
[0.434s] -- Check for working C compiler: /usr/bin/cc - skipped
[0.434s] -- Detecting C compile features
[0.435s] -- Detecting C compile features - done
[0.437s] -- Detecting CXX compiler ABI info
[0.587s] -- Detecting CXX compiler ABI info - done
[0.593s] -- Check for working CXX compiler: /usr/bin/c++ - skipped
[0.593s] -- Detecting CXX compile features
[0.594s] -- Detecting CXX compile features - done
[0.617s] -- Found ament_cmake: 1.3.12 (/home/yann/ros2_humble/install/ament_cmake/share/ament_cmake/cmake)
[1.183s] -- Found Python3: /usr/bin/python3 (found version "3.10.12") found components: Interpreter 
[1.367s] -- Override CMake install command with custom implementation using symlinks instead of copying resources
[1.709s] -- Found std_msgs: 4.9.0 (/home/yann/ros2_humble/install/std_msgs/share/std_msgs/cmake)
[1.905s] -- Found rosidl_generator_c: 3.1.7 (/home/yann/ros2_humble/install/rosidl_generator_c/share/rosidl_generator_c/cmake)
[1.943s] -- Found rosidl_adapter: 3.1.7 (/home/yann/ros2_humble/install/rosidl_adapter/share/rosidl_adapter/cmake)
[1.982s] -- Found rosidl_generator_cpp: 3.1.7 (/home/yann/ros2_humble/install/rosidl_generator_cpp/share/rosidl_generator_cpp/cmake)
[2.044s] -- Using all available rosidl_typesupport_c: rosidl_typesupport_fastrtps_c;rosidl_typesupport_introspection_c
[2.127s] -- Using all available rosidl_typesupport_cpp: rosidl_typesupport_fastrtps_cpp;rosidl_typesupport_introspection_cpp
[2.217s] -- Found rosidl_default_generators: 1.2.0 (/home/yann/ros2_humble/install/rosidl_default_generators/share/rosidl_default_generators/cmake)
[3.089s] -- Found ament_cmake_ros: 0.10.0 (/home/yann/ros2_humble/install/ament_cmake_ros/share/ament_cmake_ros/cmake)
[4.152s] -- Using all available rosidl_typesupport_c: rosidl_typesupport_fastrtps_c;rosidl_typesupport_introspection_c
[4.565s] -- Using all available rosidl_typesupport_cpp: rosidl_typesupport_fastrtps_cpp;rosidl_typesupport_introspection_cpp
[4.646s] -- Found PythonInterp: /usr/bin/python3 (found suitable version "3.10.12", minimum required is "3.6") 
[4.666s] -- Found python_cmake_module: 0.10.0 (/home/yann/ros2_humble/install/python_cmake_module/share/python_cmake_module/cmake)
[4.776s] -- Found PythonLibs: /usr/lib/x86_64-linux-gnu/libpython3.10.so (found suitable version "3.10.12", minimum required is "3.5") 
[4.776s] -- Using PYTHON_EXECUTABLE: /usr/bin/python3
[4.776s] -- Using PYTHON_INCLUDE_DIRS: /usr/include/python3.10
[4.776s] -- Using PYTHON_LIBRARIES: /usr/lib/x86_64-linux-gnu/libpython3.10.so
[4.854s] -- Found PythonExtra: .so  
[5.284s] -- Found ament_lint_auto: 0.12.14 (/home/yann/ros2_humble/install/ament_lint_auto/share/ament_lint_auto/cmake)
[5.469s] -- Added test 'copyright' to check source files copyright and LICENSE
[5.475s] -- Added test 'lint_cmake' to check CMake code style
[5.481s] -- Added test 'xmllint' to check XML markup files
[5.493s] -- Configuring done
[5.524s] -- Generating done
[5.533s] -- Build files have been written to: /home/yann/ros2_ws/build/limo_msgs
