[0.215s] DEBUG:colcon:Command line arguments: ['/usr/bin/colcon', 'build', '--symlink-install']
[0.215s] DEBUG:colcon:Parsed command line arguments: Namespace(log_base=None, log_level=None, verb_name='build', build_base='build', install_base='install', merge_install=False, symlink_install=True, test_result_base=None, continue_on_error=False, executor='parallel', parallel_workers=16, event_handlers=None, ignore_user_meta=False, metas=['./colcon.meta'], base_paths=['.'], packages_ignore=None, packages_ignore_regex=None, paths=None, packages_up_to=None, packages_up_to_regex=None, packages_above=None, packages_above_and_dependencies=None, packages_above_depth=None, packages_select_by_dep=None, packages_skip_by_dep=None, packages_skip_up_to=None, packages_select_build_failed=False, packages_skip_build_finished=False, packages_select_test_failures=False, packages_skip_test_passed=False, packages_select=None, packages_skip=None, packages_select_regex=None, packages_skip_regex=None, packages_start=None, packages_end=None, allow_overriding=[], cmake_args=None, cmake_target=None, cmake_target_skip_unavailable=False, cmake_clean_cache=False, cmake_clean_first=False, cmake_force_configure=False, ament_cmake_args=None, catkin_cmake_args=None, catkin_skip_building_tests=False, mixin_files=None, mixin=None, verb_parser=<colcon_mixin.mixin.mixin_argument.MixinArgumentDecorator object at 0x702ce06c5300>, verb_extension=<colcon_core.verb.build.BuildVerb object at 0x702ce06c4700>, main=<bound method BuildVerb.main of <colcon_core.verb.build.BuildVerb object at 0x702ce06c4700>>, mixin_verb=('build',))
[0.463s] Level 1:colcon.colcon_core.package_discovery:discover_packages(colcon_meta) check parameters
[0.463s] Level 1:colcon.colcon_core.package_discovery:discover_packages(recursive) check parameters
[0.463s] Level 1:colcon.colcon_core.package_discovery:discover_packages(ignore) check parameters
[0.463s] Level 1:colcon.colcon_core.package_discovery:discover_packages(path) check parameters
[0.463s] Level 1:colcon.colcon_core.package_discovery:discover_packages(colcon_meta) discover
[0.463s] Level 1:colcon.colcon_core.package_discovery:discover_packages(recursive) discover
[0.464s] INFO:colcon.colcon_core.package_discovery:Crawling recursively for packages in '/home/yann/ros2_ws'
[0.464s] Level 1:colcon.colcon_core.package_identification:_identify(.) by extensions ['ignore', 'ignore_ament_install']
[0.464s] Level 1:colcon.colcon_core.package_identification:_identify(.) by extension 'ignore'
[0.464s] Level 1:colcon.colcon_core.package_identification:_identify(.) by extension 'ignore_ament_install'
[0.464s] Level 1:colcon.colcon_core.package_identification:_identify(.) by extensions ['colcon_pkg']
[0.464s] Level 1:colcon.colcon_core.package_identification:_identify(.) by extension 'colcon_pkg'
[0.464s] Level 1:colcon.colcon_core.package_identification:_identify(.) by extensions ['colcon_meta']
[0.464s] Level 1:colcon.colcon_core.package_identification:_identify(.) by extension 'colcon_meta'
[0.464s] Level 1:colcon.colcon_core.package_identification:_identify(.) by extensions ['ros']
[0.464s] Level 1:colcon.colcon_core.package_identification:_identify(.) by extension 'ros'
[0.476s] Level 1:colcon.colcon_core.package_identification:_identify(.) by extensions ['cmake', 'python']
[0.476s] Level 1:colcon.colcon_core.package_identification:_identify(.) by extension 'cmake'
[0.476s] Level 1:colcon.colcon_core.package_identification:_identify(.) by extension 'python'
[0.476s] Level 1:colcon.colcon_core.package_identification:_identify(.) by extensions ['python_setup_py']
[0.476s] Level 1:colcon.colcon_core.package_identification:_identify(.) by extension 'python_setup_py'
[0.476s] Level 1:colcon.colcon_core.package_identification:_identify(build) by extensions ['ignore', 'ignore_ament_install']
[0.476s] Level 1:colcon.colcon_core.package_identification:_identify(build) by extension 'ignore'
[0.476s] Level 1:colcon.colcon_core.package_identification:_identify(build) ignored
[0.477s] Level 1:colcon.colcon_core.package_identification:_identify(install) by extensions ['ignore', 'ignore_ament_install']
[0.477s] Level 1:colcon.colcon_core.package_identification:_identify(install) by extension 'ignore'
[0.477s] Level 1:colcon.colcon_core.package_identification:_identify(install) ignored
[0.477s] Level 1:colcon.colcon_core.package_identification:_identify(log) by extensions ['ignore', 'ignore_ament_install']
[0.477s] Level 1:colcon.colcon_core.package_identification:_identify(log) by extension 'ignore'
[0.477s] Level 1:colcon.colcon_core.package_identification:_identify(log) ignored
[0.477s] Level 1:colcon.colcon_core.package_identification:_identify(src) by extensions ['ignore', 'ignore_ament_install']
[0.477s] Level 1:colcon.colcon_core.package_identification:_identify(src) by extension 'ignore'
[0.477s] Level 1:colcon.colcon_core.package_identification:_identify(src) by extension 'ignore_ament_install'
[0.477s] Level 1:colcon.colcon_core.package_identification:_identify(src) by extensions ['colcon_pkg']
[0.477s] Level 1:colcon.colcon_core.package_identification:_identify(src) by extension 'colcon_pkg'
[0.477s] Level 1:colcon.colcon_core.package_identification:_identify(src) by extensions ['colcon_meta']
[0.477s] Level 1:colcon.colcon_core.package_identification:_identify(src) by extension 'colcon_meta'
[0.477s] Level 1:colcon.colcon_core.package_identification:_identify(src) by extensions ['ros']
[0.477s] Level 1:colcon.colcon_core.package_identification:_identify(src) by extension 'ros'
[0.477s] Level 1:colcon.colcon_core.package_identification:_identify(src) by extensions ['cmake', 'python']
[0.477s] Level 1:colcon.colcon_core.package_identification:_identify(src) by extension 'cmake'
[0.477s] Level 1:colcon.colcon_core.package_identification:_identify(src) by extension 'python'
[0.477s] Level 1:colcon.colcon_core.package_identification:_identify(src) by extensions ['python_setup_py']
[0.478s] Level 1:colcon.colcon_core.package_identification:_identify(src) by extension 'python_setup_py'
[0.478s] Level 1:colcon.colcon_core.package_identification:_identify(src/limo_ros2) by extensions ['ignore', 'ignore_ament_install']
[0.478s] Level 1:colcon.colcon_core.package_identification:_identify(src/limo_ros2) by extension 'ignore'
[0.478s] Level 1:colcon.colcon_core.package_identification:_identify(src/limo_ros2) by extension 'ignore_ament_install'
[0.478s] Level 1:colcon.colcon_core.package_identification:_identify(src/limo_ros2) by extensions ['colcon_pkg']
[0.478s] Level 1:colcon.colcon_core.package_identification:_identify(src/limo_ros2) by extension 'colcon_pkg'
[0.478s] Level 1:colcon.colcon_core.package_identification:_identify(src/limo_ros2) by extensions ['colcon_meta']
[0.478s] Level 1:colcon.colcon_core.package_identification:_identify(src/limo_ros2) by extension 'colcon_meta'
[0.478s] Level 1:colcon.colcon_core.package_identification:_identify(src/limo_ros2) by extensions ['ros']
[0.478s] Level 1:colcon.colcon_core.package_identification:_identify(src/limo_ros2) by extension 'ros'
[0.478s] Level 1:colcon.colcon_core.package_identification:_identify(src/limo_ros2) by extensions ['cmake', 'python']
[0.478s] Level 1:colcon.colcon_core.package_identification:_identify(src/limo_ros2) by extension 'cmake'
[0.478s] Level 1:colcon.colcon_core.package_identification:_identify(src/limo_ros2) by extension 'python'
[0.478s] Level 1:colcon.colcon_core.package_identification:_identify(src/limo_ros2) by extensions ['python_setup_py']
[0.478s] Level 1:colcon.colcon_core.package_identification:_identify(src/limo_ros2) by extension 'python_setup_py'
[0.478s] Level 1:colcon.colcon_core.package_identification:_identify(src/limo_ros2/limo_base) by extensions ['ignore', 'ignore_ament_install']
[0.478s] Level 1:colcon.colcon_core.package_identification:_identify(src/limo_ros2/limo_base) by extension 'ignore'
[0.478s] Level 1:colcon.colcon_core.package_identification:_identify(src/limo_ros2/limo_base) by extension 'ignore_ament_install'
[0.478s] Level 1:colcon.colcon_core.package_identification:_identify(src/limo_ros2/limo_base) by extensions ['colcon_pkg']
[0.478s] Level 1:colcon.colcon_core.package_identification:_identify(src/limo_ros2/limo_base) by extension 'colcon_pkg'
[0.478s] Level 1:colcon.colcon_core.package_identification:_identify(src/limo_ros2/limo_base) by extensions ['colcon_meta']
[0.478s] Level 1:colcon.colcon_core.package_identification:_identify(src/limo_ros2/limo_base) by extension 'colcon_meta'
[0.478s] Level 1:colcon.colcon_core.package_identification:_identify(src/limo_ros2/limo_base) by extensions ['ros']
[0.478s] Level 1:colcon.colcon_core.package_identification:_identify(src/limo_ros2/limo_base) by extension 'ros'
[0.481s] DEBUG:colcon.colcon_core.package_identification:Package 'src/limo_ros2/limo_base' with type 'ros.ament_cmake' and name 'limo_base'
[0.481s] Level 1:colcon.colcon_core.package_identification:_identify(src/limo_ros2/limo_car) by extensions ['ignore', 'ignore_ament_install']
[0.482s] Level 1:colcon.colcon_core.package_identification:_identify(src/limo_ros2/limo_car) by extension 'ignore'
[0.482s] Level 1:colcon.colcon_core.package_identification:_identify(src/limo_ros2/limo_car) by extension 'ignore_ament_install'
[0.482s] Level 1:colcon.colcon_core.package_identification:_identify(src/limo_ros2/limo_car) by extensions ['colcon_pkg']
[0.482s] Level 1:colcon.colcon_core.package_identification:_identify(src/limo_ros2/limo_car) by extension 'colcon_pkg'
[0.482s] Level 1:colcon.colcon_core.package_identification:_identify(src/limo_ros2/limo_car) by extensions ['colcon_meta']
[0.482s] Level 1:colcon.colcon_core.package_identification:_identify(src/limo_ros2/limo_car) by extension 'colcon_meta'
[0.482s] Level 1:colcon.colcon_core.package_identification:_identify(src/limo_ros2/limo_car) by extensions ['ros']
[0.482s] Level 1:colcon.colcon_core.package_identification:_identify(src/limo_ros2/limo_car) by extension 'ros'
[0.483s] DEBUG:colcon.colcon_core.package_identification:Package 'src/limo_ros2/limo_car' with type 'ros.ament_cmake' and name 'limo_car'
[0.483s] Level 1:colcon.colcon_core.package_identification:_identify(src/limo_ros2/limo_description) by extensions ['ignore', 'ignore_ament_install']
[0.483s] Level 1:colcon.colcon_core.package_identification:_identify(src/limo_ros2/limo_description) by extension 'ignore'
[0.483s] Level 1:colcon.colcon_core.package_identification:_identify(src/limo_ros2/limo_description) by extension 'ignore_ament_install'
[0.483s] Level 1:colcon.colcon_core.package_identification:_identify(src/limo_ros2/limo_description) by extensions ['colcon_pkg']
[0.483s] Level 1:colcon.colcon_core.package_identification:_identify(src/limo_ros2/limo_description) by extension 'colcon_pkg'
[0.483s] Level 1:colcon.colcon_core.package_identification:_identify(src/limo_ros2/limo_description) by extensions ['colcon_meta']
[0.483s] Level 1:colcon.colcon_core.package_identification:_identify(src/limo_ros2/limo_description) by extension 'colcon_meta'
[0.483s] Level 1:colcon.colcon_core.package_identification:_identify(src/limo_ros2/limo_description) by extensions ['ros']
[0.483s] Level 1:colcon.colcon_core.package_identification:_identify(src/limo_ros2/limo_description) by extension 'ros'
[0.484s] DEBUG:colcon.colcon_core.package_identification:Package 'src/limo_ros2/limo_description' with type 'ros.ament_cmake' and name 'limo_description'
[0.484s] Level 1:colcon.colcon_core.package_identification:_identify(src/limo_ros2/limo_msgs) by extensions ['ignore', 'ignore_ament_install']
[0.484s] Level 1:colcon.colcon_core.package_identification:_identify(src/limo_ros2/limo_msgs) by extension 'ignore'
[0.484s] Level 1:colcon.colcon_core.package_identification:_identify(src/limo_ros2/limo_msgs) by extension 'ignore_ament_install'
[0.484s] Level 1:colcon.colcon_core.package_identification:_identify(src/limo_ros2/limo_msgs) by extensions ['colcon_pkg']
[0.484s] Level 1:colcon.colcon_core.package_identification:_identify(src/limo_ros2/limo_msgs) by extension 'colcon_pkg'
[0.484s] Level 1:colcon.colcon_core.package_identification:_identify(src/limo_ros2/limo_msgs) by extensions ['colcon_meta']
[0.484s] Level 1:colcon.colcon_core.package_identification:_identify(src/limo_ros2/limo_msgs) by extension 'colcon_meta'
[0.484s] Level 1:colcon.colcon_core.package_identification:_identify(src/limo_ros2/limo_msgs) by extensions ['ros']
[0.484s] Level 1:colcon.colcon_core.package_identification:_identify(src/limo_ros2/limo_msgs) by extension 'ros'
[0.485s] DEBUG:colcon.colcon_core.package_identification:Package 'src/limo_ros2/limo_msgs' with type 'ros.ament_cmake' and name 'limo_msgs'
[0.485s] Level 1:colcon.colcon_core.package_discovery:discover_packages(recursive) using defaults
[0.485s] Level 1:colcon.colcon_core.package_discovery:discover_packages(ignore) discover
[0.485s] Level 1:colcon.colcon_core.package_discovery:discover_packages(ignore) using defaults
[0.485s] Level 1:colcon.colcon_core.package_discovery:discover_packages(path) discover
[0.485s] Level 1:colcon.colcon_core.package_discovery:discover_packages(path) using defaults
[0.526s] Level 1:colcon.colcon_core.package_discovery:discover_packages(prefix_path) check parameters
[0.526s] Level 1:colcon.colcon_core.package_discovery:discover_packages(prefix_path) discover
[0.527s] WARNING:colcon.colcon_ros.prefix_path.ament:The path '/home/yann/ros2_ws/install/limo_base' in the environment variable AMENT_PREFIX_PATH doesn't exist
[0.527s] WARNING:colcon.colcon_ros.prefix_path.ament:The path '/home/yann/ros2_ws/install/limo_msgs' in the environment variable AMENT_PREFIX_PATH doesn't exist
[0.527s] WARNING:colcon.colcon_ros.prefix_path.ament:The path '/home/yann/ros2_ws/install/limo_description' in the environment variable AMENT_PREFIX_PATH doesn't exist
[0.527s] WARNING:colcon.colcon_ros.prefix_path.ament:The path '/home/yann/ros2_ws/install/limo_car' in the environment variable AMENT_PREFIX_PATH doesn't exist
[0.537s] WARNING:colcon.colcon_ros.prefix_path.catkin:The path '/home/yann/ros2_ws/install/limo_base' in the environment variable CMAKE_PREFIX_PATH doesn't exist
[0.537s] WARNING:colcon.colcon_ros.prefix_path.catkin:The path '/home/yann/ros2_ws/install/limo_msgs' in the environment variable CMAKE_PREFIX_PATH doesn't exist
[0.537s] WARNING:colcon.colcon_ros.prefix_path.catkin:The path '/home/yann/ros2_ws/install/limo_description' in the environment variable CMAKE_PREFIX_PATH doesn't exist
[0.537s] WARNING:colcon.colcon_ros.prefix_path.catkin:The path '/home/yann/ros2_ws/install/limo_car' in the environment variable CMAKE_PREFIX_PATH doesn't exist
[0.540s] DEBUG:colcon.colcon_installed_package_information.package_discovery:Found 0 installed packages in /home/yann/ros2_ws/install
[0.548s] DEBUG:colcon.colcon_installed_package_information.package_discovery:Found 347 installed packages in /home/yann/ros2_humble/install
[0.550s] DEBUG:colcon.colcon_installed_package_information.package_discovery:Found 198 installed packages in /opt/ros/humble
[0.556s] Level 1:colcon.colcon_core.package_discovery:discover_packages(prefix_path) using defaults
[0.604s] Level 5:colcon.colcon_core.verb:set package 'limo_car' build argument 'cmake_args' from command line to 'None'
[0.604s] Level 5:colcon.colcon_core.verb:set package 'limo_car' build argument 'cmake_target' from command line to 'None'
[0.604s] Level 5:colcon.colcon_core.verb:set package 'limo_car' build argument 'cmake_target_skip_unavailable' from command line to 'False'
[0.604s] Level 5:colcon.colcon_core.verb:set package 'limo_car' build argument 'cmake_clean_cache' from command line to 'False'
[0.605s] Level 5:colcon.colcon_core.verb:set package 'limo_car' build argument 'cmake_clean_first' from command line to 'False'
[0.605s] Level 5:colcon.colcon_core.verb:set package 'limo_car' build argument 'cmake_force_configure' from command line to 'False'
[0.605s] Level 5:colcon.colcon_core.verb:set package 'limo_car' build argument 'ament_cmake_args' from command line to 'None'
[0.605s] Level 5:colcon.colcon_core.verb:set package 'limo_car' build argument 'catkin_cmake_args' from command line to 'None'
[0.605s] Level 5:colcon.colcon_core.verb:set package 'limo_car' build argument 'catkin_skip_building_tests' from command line to 'False'
[0.605s] DEBUG:colcon.colcon_core.verb:Building package 'limo_car' with the following arguments: {'ament_cmake_args': None, 'build_base': '/home/yann/ros2_ws/build/limo_car', 'catkin_cmake_args': None, 'catkin_skip_building_tests': False, 'cmake_args': None, 'cmake_clean_cache': False, 'cmake_clean_first': False, 'cmake_force_configure': False, 'cmake_target': None, 'cmake_target_skip_unavailable': False, 'install_base': '/home/yann/ros2_ws/install/limo_car', 'merge_install': False, 'path': '/home/yann/ros2_ws/src/limo_ros2/limo_car', 'symlink_install': True, 'test_result_base': None}
[0.605s] Level 5:colcon.colcon_core.verb:set package 'limo_description' build argument 'cmake_args' from command line to 'None'
[0.605s] Level 5:colcon.colcon_core.verb:set package 'limo_description' build argument 'cmake_target' from command line to 'None'
[0.605s] Level 5:colcon.colcon_core.verb:set package 'limo_description' build argument 'cmake_target_skip_unavailable' from command line to 'False'
[0.605s] Level 5:colcon.colcon_core.verb:set package 'limo_description' build argument 'cmake_clean_cache' from command line to 'False'
[0.605s] Level 5:colcon.colcon_core.verb:set package 'limo_description' build argument 'cmake_clean_first' from command line to 'False'
[0.605s] Level 5:colcon.colcon_core.verb:set package 'limo_description' build argument 'cmake_force_configure' from command line to 'False'
[0.605s] Level 5:colcon.colcon_core.verb:set package 'limo_description' build argument 'ament_cmake_args' from command line to 'None'
[0.605s] Level 5:colcon.colcon_core.verb:set package 'limo_description' build argument 'catkin_cmake_args' from command line to 'None'
[0.605s] Level 5:colcon.colcon_core.verb:set package 'limo_description' build argument 'catkin_skip_building_tests' from command line to 'False'
[0.605s] DEBUG:colcon.colcon_core.verb:Building package 'limo_description' with the following arguments: {'ament_cmake_args': None, 'build_base': '/home/yann/ros2_ws/build/limo_description', 'catkin_cmake_args': None, 'catkin_skip_building_tests': False, 'cmake_args': None, 'cmake_clean_cache': False, 'cmake_clean_first': False, 'cmake_force_configure': False, 'cmake_target': None, 'cmake_target_skip_unavailable': False, 'install_base': '/home/yann/ros2_ws/install/limo_description', 'merge_install': False, 'path': '/home/yann/ros2_ws/src/limo_ros2/limo_description', 'symlink_install': True, 'test_result_base': None}
[0.605s] Level 5:colcon.colcon_core.verb:set package 'limo_msgs' build argument 'cmake_args' from command line to 'None'
[0.605s] Level 5:colcon.colcon_core.verb:set package 'limo_msgs' build argument 'cmake_target' from command line to 'None'
[0.605s] Level 5:colcon.colcon_core.verb:set package 'limo_msgs' build argument 'cmake_target_skip_unavailable' from command line to 'False'
[0.605s] Level 5:colcon.colcon_core.verb:set package 'limo_msgs' build argument 'cmake_clean_cache' from command line to 'False'
[0.605s] Level 5:colcon.colcon_core.verb:set package 'limo_msgs' build argument 'cmake_clean_first' from command line to 'False'
[0.605s] Level 5:colcon.colcon_core.verb:set package 'limo_msgs' build argument 'cmake_force_configure' from command line to 'False'
[0.606s] Level 5:colcon.colcon_core.verb:set package 'limo_msgs' build argument 'ament_cmake_args' from command line to 'None'
[0.606s] Level 5:colcon.colcon_core.verb:set package 'limo_msgs' build argument 'catkin_cmake_args' from command line to 'None'
[0.606s] Level 5:colcon.colcon_core.verb:set package 'limo_msgs' build argument 'catkin_skip_building_tests' from command line to 'False'
[0.606s] DEBUG:colcon.colcon_core.verb:Building package 'limo_msgs' with the following arguments: {'ament_cmake_args': None, 'build_base': '/home/yann/ros2_ws/build/limo_msgs', 'catkin_cmake_args': None, 'catkin_skip_building_tests': False, 'cmake_args': None, 'cmake_clean_cache': False, 'cmake_clean_first': False, 'cmake_force_configure': False, 'cmake_target': None, 'cmake_target_skip_unavailable': False, 'install_base': '/home/yann/ros2_ws/install/limo_msgs', 'merge_install': False, 'path': '/home/yann/ros2_ws/src/limo_ros2/limo_msgs', 'symlink_install': True, 'test_result_base': None}
[0.606s] Level 5:colcon.colcon_core.verb:set package 'limo_base' build argument 'cmake_args' from command line to 'None'
[0.606s] Level 5:colcon.colcon_core.verb:set package 'limo_base' build argument 'cmake_target' from command line to 'None'
[0.606s] Level 5:colcon.colcon_core.verb:set package 'limo_base' build argument 'cmake_target_skip_unavailable' from command line to 'False'
[0.606s] Level 5:colcon.colcon_core.verb:set package 'limo_base' build argument 'cmake_clean_cache' from command line to 'False'
[0.606s] Level 5:colcon.colcon_core.verb:set package 'limo_base' build argument 'cmake_clean_first' from command line to 'False'
[0.606s] Level 5:colcon.colcon_core.verb:set package 'limo_base' build argument 'cmake_force_configure' from command line to 'False'
[0.606s] Level 5:colcon.colcon_core.verb:set package 'limo_base' build argument 'ament_cmake_args' from command line to 'None'
[0.606s] Level 5:colcon.colcon_core.verb:set package 'limo_base' build argument 'catkin_cmake_args' from command line to 'None'
[0.606s] Level 5:colcon.colcon_core.verb:set package 'limo_base' build argument 'catkin_skip_building_tests' from command line to 'False'
[0.606s] DEBUG:colcon.colcon_core.verb:Building package 'limo_base' with the following arguments: {'ament_cmake_args': None, 'build_base': '/home/yann/ros2_ws/build/limo_base', 'catkin_cmake_args': None, 'catkin_skip_building_tests': False, 'cmake_args': None, 'cmake_clean_cache': False, 'cmake_clean_first': False, 'cmake_force_configure': False, 'cmake_target': None, 'cmake_target_skip_unavailable': False, 'install_base': '/home/yann/ros2_ws/install/limo_base', 'merge_install': False, 'path': '/home/yann/ros2_ws/src/limo_ros2/limo_base', 'symlink_install': True, 'test_result_base': None}
[0.606s] INFO:colcon.colcon_core.executor:Executing jobs using 'parallel' executor
[0.607s] DEBUG:colcon.colcon_parallel_executor.executor.parallel:run_until_complete
[0.608s] INFO:colcon.colcon_ros.task.ament_cmake.build:Building ROS package in '/home/yann/ros2_ws/src/limo_ros2/limo_msgs' with build type 'ament_cmake'
[0.608s] INFO:colcon.colcon_cmake.task.cmake.build:Building CMake package in '/home/yann/ros2_ws/src/limo_ros2/limo_msgs'
[0.613s] INFO:colcon.colcon_core.plugin_system:Skipping extension 'colcon_core.shell.bat': Not used on non-Windows systems
[0.613s] INFO:colcon.colcon_core.shell:Skip shell extension 'powershell' for command environment: Not usable outside of PowerShell
[0.613s] DEBUG:colcon.colcon_core.shell:Skip shell extension 'dsv' for command environment
[0.636s] INFO:colcon.colcon_ros.task.ament_cmake.build:Building ROS package in '/home/yann/ros2_ws/src/limo_ros2/limo_car' with build type 'ament_cmake'
[0.636s] INFO:colcon.colcon_cmake.task.cmake.build:Building CMake package in '/home/yann/ros2_ws/src/limo_ros2/limo_car'
[0.636s] INFO:colcon.colcon_core.shell:Skip shell extension 'powershell' for command environment: Not usable outside of PowerShell
[0.637s] DEBUG:colcon.colcon_core.shell:Skip shell extension 'dsv' for command environment
[0.660s] INFO:colcon.colcon_ros.task.ament_cmake.build:Building ROS package in '/home/yann/ros2_ws/src/limo_ros2/limo_description' with build type 'ament_cmake'
[0.660s] INFO:colcon.colcon_cmake.task.cmake.build:Building CMake package in '/home/yann/ros2_ws/src/limo_ros2/limo_description'
[0.660s] INFO:colcon.colcon_core.shell:Skip shell extension 'powershell' for command environment: Not usable outside of PowerShell
[0.660s] DEBUG:colcon.colcon_core.shell:Skip shell extension 'dsv' for command environment
[0.690s] DEBUG:colcon.colcon_core.event_handler.log_command:Invoking command in '/home/yann/ros2_ws/build/limo_msgs': CMAKE_PREFIX_PATH=${CMAKE_PREFIX_PATH}:/opt/ros/humble:/home/yann/ros2_humble/install/rqt_bag_plugins:/home/yann/ros2_humble/install/rqt_bag:/home/yann/ros2_humble/install/launch_testing_examples:/home/yann/ros2_humble/install/ros2bag:/home/yann/ros2_humble/install/tracetools_test:/home/yann/ros2_humble/install/tracetools_launch:/home/yann/ros2_humble/install/topic_monitor:/home/yann/ros2_humble/install/tf2_tools:/home/yann/ros2_humble/install/examples_tf2_py:/home/yann/ros2_humble/install/tf2_ros_py:/home/yann/ros2_humble/install/sros2:/home/yann/ros2_humble/install/rqt_topic:/home/yann/ros2_humble/install/rqt_srv:/home/yann/ros2_humble/install/rqt_shell:/home/yann/ros2_humble/install/rqt_service_caller:/home/yann/ros2_humble/install/rqt_reconfigure:/home/yann/ros2_humble/install/rqt_py_console:/home/yann/ros2_humble/install/rqt_publisher:/home/yann/ros2_humble/install/rqt_plot:/home/yann/ros2_humble/install/rqt_action:/home/yann/ros2_humble/install/rqt_msg:/home/yann/ros2_humble/install/rqt_console:/home/yann/ros2_humble/install/rqt:/home/yann/ros2_humble/install/rqt_graph:/home/yann/ros2_humble/install/rqt_gui_py:/home/yann/ros2_humble/install/rqt_gui:/home/yann/ros2_humble/install/ros2trace:/home/yann/ros2_humble/install/ros2topic:/home/yann/ros2_humble/install/ros2test:/home/yann/ros2_humble/install/ros2component:/home/yann/ros2_humble/install/ros2param:/home/yann/ros2_humble/install/ros2lifecycle:/home/yann/ros2_humble/install/ros2service:/home/yann/ros2_humble/install/ros2run:/home/yann/ros2_humble/install/ros2plugin:/home/yann/ros2_humble/install/ros2launch:/home/yann/ros2_humble/install/ros2pkg:/home/yann/ros2_humble/install/ros2node:/home/yann/ros2_humble/install/ros2multicast:/home/yann/ros2_humble/install/ros2interface:/home/yann/ros2_humble/install/ros2doctor:/home/yann/ros2_humble/install/ros2action:/home/yann/ros2_humble/install/ros2cli:/home/yann/ros2_humble/install/quality_of_service_demo_py:/home/yann/ros2_humble/install/lifecycle_py:/home/yann/ros2_humble/install/launch_testing_ros:/home/yann/ros2_humble/install/launch_ros:/home/yann/ros2_humble/install/examples_rclpy_pointcloud_publisher:/home/yann/ros2_humble/install/examples_rclpy_minimal_subscriber:/home/yann/ros2_humble/install/examples_rclpy_minimal_service:/home/yann/ros2_humble/install/examples_rclpy_minimal_publisher:/home/yann/ros2_humble/install/examples_rclpy_minimal_client:/home/yann/ros2_humble/install/examples_rclpy_minimal_action_server:/home/yann/ros2_humble/install/examples_rclpy_minimal_action_client:/home/yann/ros2_humble/install/examples_rclpy_guard_conditions:/home/yann/ros2_humble/install/examples_rclpy_executors:/home/yann/ros2_humble/install/demo_nodes_py:/home/yann/ros2_humble/install/camera_info_manager_py:/home/yann/ros2_humble/install/action_tutorials_py:/home/yann/ros2_humble/install/ament_uncrustify:/home/yann/ros2_humble/install/tracetools_trace:/home/yann/ros2_humble/install/tracetools_read:/home/yann/ros2_humble/install/test_tracetools_launch:/home/yann/ros2_humble/install/test_launch_ros:/home/yann/ros2_humble/install/sensor_msgs_py:/home/yann/ros2_humble/install/rpyutils:/home/yann/ros2_humble/install/rosidl_runtime_py:/home/yann/ros2_humble/install/rosidl_cli:/home/yann/ros2_humble/install/launch_pytest:/home/yann/ros2_humble/install/launch_testing:/home/yann/ros2_humble/install/launch_yaml:/home/yann/ros2_humble/install/launch_xml:/home/yann/ros2_humble/install/launch:/home/yann/ros2_humble/install/osrf_pycommon:/home/yann/ros2_humble/install/domain_coordinator:/home/yann/ros2_humble/install/ament_xmllint:/home/yann/ros2_humble/install/ament_pyflakes:/home/yann/ros2_humble/install/ament_pycodestyle:/home/yann/ros2_humble/install/ament_pep257:/home/yann/ros2_humble/install/ament_pclint:/home/yann/ros2_humble/install/ament_package:/home/yann/ros2_humble/install/ament_mypy:/home/yann/ros2_humble/install/ament_lint_cmake:/home/yann/ros2_humble/install/ament_flake8:/home/yann/ros2_humble/install/ament_copyright:/home/yann/ros2_humble/install/ament_lint:/home/yann/ros2_humble/install/ament_index_python:/home/yann/ros2_humble/install/ament_cpplint:/home/yann/ros2_humble/install/ament_cppcheck:/home/yann/ros2_humble/install/ament_clang_tidy:/home/yann/ros2_humble/install/ament_clang_format /usr/bin/cmake /home/yann/ros2_ws/src/limo_ros2/limo_msgs -DAMENT_CMAKE_SYMLINK_INSTALL=1 -DCMAKE_INSTALL_PREFIX=/home/yann/ros2_ws/install/limo_msgs
[0.699s] DEBUG:colcon.colcon_core.event_handler.log_command:Invoking command in '/home/yann/ros2_ws/build/limo_car': CMAKE_PREFIX_PATH=${CMAKE_PREFIX_PATH}:/opt/ros/humble:/home/yann/ros2_humble/install/rqt_bag_plugins:/home/yann/ros2_humble/install/rqt_bag:/home/yann/ros2_humble/install/launch_testing_examples:/home/yann/ros2_humble/install/ros2bag:/home/yann/ros2_humble/install/tracetools_test:/home/yann/ros2_humble/install/tracetools_launch:/home/yann/ros2_humble/install/topic_monitor:/home/yann/ros2_humble/install/tf2_tools:/home/yann/ros2_humble/install/examples_tf2_py:/home/yann/ros2_humble/install/tf2_ros_py:/home/yann/ros2_humble/install/sros2:/home/yann/ros2_humble/install/rqt_topic:/home/yann/ros2_humble/install/rqt_srv:/home/yann/ros2_humble/install/rqt_shell:/home/yann/ros2_humble/install/rqt_service_caller:/home/yann/ros2_humble/install/rqt_reconfigure:/home/yann/ros2_humble/install/rqt_py_console:/home/yann/ros2_humble/install/rqt_publisher:/home/yann/ros2_humble/install/rqt_plot:/home/yann/ros2_humble/install/rqt_action:/home/yann/ros2_humble/install/rqt_msg:/home/yann/ros2_humble/install/rqt_console:/home/yann/ros2_humble/install/rqt:/home/yann/ros2_humble/install/rqt_graph:/home/yann/ros2_humble/install/rqt_gui_py:/home/yann/ros2_humble/install/rqt_gui:/home/yann/ros2_humble/install/ros2trace:/home/yann/ros2_humble/install/ros2topic:/home/yann/ros2_humble/install/ros2test:/home/yann/ros2_humble/install/ros2component:/home/yann/ros2_humble/install/ros2param:/home/yann/ros2_humble/install/ros2lifecycle:/home/yann/ros2_humble/install/ros2service:/home/yann/ros2_humble/install/ros2run:/home/yann/ros2_humble/install/ros2plugin:/home/yann/ros2_humble/install/ros2launch:/home/yann/ros2_humble/install/ros2pkg:/home/yann/ros2_humble/install/ros2node:/home/yann/ros2_humble/install/ros2multicast:/home/yann/ros2_humble/install/ros2interface:/home/yann/ros2_humble/install/ros2doctor:/home/yann/ros2_humble/install/ros2action:/home/yann/ros2_humble/install/ros2cli:/home/yann/ros2_humble/install/quality_of_service_demo_py:/home/yann/ros2_humble/install/lifecycle_py:/home/yann/ros2_humble/install/launch_testing_ros:/home/yann/ros2_humble/install/launch_ros:/home/yann/ros2_humble/install/examples_rclpy_pointcloud_publisher:/home/yann/ros2_humble/install/examples_rclpy_minimal_subscriber:/home/yann/ros2_humble/install/examples_rclpy_minimal_service:/home/yann/ros2_humble/install/examples_rclpy_minimal_publisher:/home/yann/ros2_humble/install/examples_rclpy_minimal_client:/home/yann/ros2_humble/install/examples_rclpy_minimal_action_server:/home/yann/ros2_humble/install/examples_rclpy_minimal_action_client:/home/yann/ros2_humble/install/examples_rclpy_guard_conditions:/home/yann/ros2_humble/install/examples_rclpy_executors:/home/yann/ros2_humble/install/demo_nodes_py:/home/yann/ros2_humble/install/camera_info_manager_py:/home/yann/ros2_humble/install/action_tutorials_py:/home/yann/ros2_humble/install/ament_uncrustify:/home/yann/ros2_humble/install/tracetools_trace:/home/yann/ros2_humble/install/tracetools_read:/home/yann/ros2_humble/install/test_tracetools_launch:/home/yann/ros2_humble/install/test_launch_ros:/home/yann/ros2_humble/install/sensor_msgs_py:/home/yann/ros2_humble/install/rpyutils:/home/yann/ros2_humble/install/rosidl_runtime_py:/home/yann/ros2_humble/install/rosidl_cli:/home/yann/ros2_humble/install/launch_pytest:/home/yann/ros2_humble/install/launch_testing:/home/yann/ros2_humble/install/launch_yaml:/home/yann/ros2_humble/install/launch_xml:/home/yann/ros2_humble/install/launch:/home/yann/ros2_humble/install/osrf_pycommon:/home/yann/ros2_humble/install/domain_coordinator:/home/yann/ros2_humble/install/ament_xmllint:/home/yann/ros2_humble/install/ament_pyflakes:/home/yann/ros2_humble/install/ament_pycodestyle:/home/yann/ros2_humble/install/ament_pep257:/home/yann/ros2_humble/install/ament_pclint:/home/yann/ros2_humble/install/ament_package:/home/yann/ros2_humble/install/ament_mypy:/home/yann/ros2_humble/install/ament_lint_cmake:/home/yann/ros2_humble/install/ament_flake8:/home/yann/ros2_humble/install/ament_copyright:/home/yann/ros2_humble/install/ament_lint:/home/yann/ros2_humble/install/ament_index_python:/home/yann/ros2_humble/install/ament_cpplint:/home/yann/ros2_humble/install/ament_cppcheck:/home/yann/ros2_humble/install/ament_clang_tidy:/home/yann/ros2_humble/install/ament_clang_format /usr/bin/cmake /home/yann/ros2_ws/src/limo_ros2/limo_car -DAMENT_CMAKE_SYMLINK_INSTALL=1 -DCMAKE_INSTALL_PREFIX=/home/yann/ros2_ws/install/limo_car
[0.704s] DEBUG:colcon.colcon_core.event_handler.log_command:Invoking command in '/home/yann/ros2_ws/build/limo_description': CMAKE_PREFIX_PATH=${CMAKE_PREFIX_PATH}:/opt/ros/humble:/home/yann/ros2_humble/install/rqt_bag_plugins:/home/yann/ros2_humble/install/rqt_bag:/home/yann/ros2_humble/install/launch_testing_examples:/home/yann/ros2_humble/install/ros2bag:/home/yann/ros2_humble/install/tracetools_test:/home/yann/ros2_humble/install/tracetools_launch:/home/yann/ros2_humble/install/topic_monitor:/home/yann/ros2_humble/install/tf2_tools:/home/yann/ros2_humble/install/examples_tf2_py:/home/yann/ros2_humble/install/tf2_ros_py:/home/yann/ros2_humble/install/sros2:/home/yann/ros2_humble/install/rqt_topic:/home/yann/ros2_humble/install/rqt_srv:/home/yann/ros2_humble/install/rqt_shell:/home/yann/ros2_humble/install/rqt_service_caller:/home/yann/ros2_humble/install/rqt_reconfigure:/home/yann/ros2_humble/install/rqt_py_console:/home/yann/ros2_humble/install/rqt_publisher:/home/yann/ros2_humble/install/rqt_plot:/home/yann/ros2_humble/install/rqt_action:/home/yann/ros2_humble/install/rqt_msg:/home/yann/ros2_humble/install/rqt_console:/home/yann/ros2_humble/install/rqt:/home/yann/ros2_humble/install/rqt_graph:/home/yann/ros2_humble/install/rqt_gui_py:/home/yann/ros2_humble/install/rqt_gui:/home/yann/ros2_humble/install/ros2trace:/home/yann/ros2_humble/install/ros2topic:/home/yann/ros2_humble/install/ros2test:/home/yann/ros2_humble/install/ros2component:/home/yann/ros2_humble/install/ros2param:/home/yann/ros2_humble/install/ros2lifecycle:/home/yann/ros2_humble/install/ros2service:/home/yann/ros2_humble/install/ros2run:/home/yann/ros2_humble/install/ros2plugin:/home/yann/ros2_humble/install/ros2launch:/home/yann/ros2_humble/install/ros2pkg:/home/yann/ros2_humble/install/ros2node:/home/yann/ros2_humble/install/ros2multicast:/home/yann/ros2_humble/install/ros2interface:/home/yann/ros2_humble/install/ros2doctor:/home/yann/ros2_humble/install/ros2action:/home/yann/ros2_humble/install/ros2cli:/home/yann/ros2_humble/install/quality_of_service_demo_py:/home/yann/ros2_humble/install/lifecycle_py:/home/yann/ros2_humble/install/launch_testing_ros:/home/yann/ros2_humble/install/launch_ros:/home/yann/ros2_humble/install/examples_rclpy_pointcloud_publisher:/home/yann/ros2_humble/install/examples_rclpy_minimal_subscriber:/home/yann/ros2_humble/install/examples_rclpy_minimal_service:/home/yann/ros2_humble/install/examples_rclpy_minimal_publisher:/home/yann/ros2_humble/install/examples_rclpy_minimal_client:/home/yann/ros2_humble/install/examples_rclpy_minimal_action_server:/home/yann/ros2_humble/install/examples_rclpy_minimal_action_client:/home/yann/ros2_humble/install/examples_rclpy_guard_conditions:/home/yann/ros2_humble/install/examples_rclpy_executors:/home/yann/ros2_humble/install/demo_nodes_py:/home/yann/ros2_humble/install/camera_info_manager_py:/home/yann/ros2_humble/install/action_tutorials_py:/home/yann/ros2_humble/install/ament_uncrustify:/home/yann/ros2_humble/install/tracetools_trace:/home/yann/ros2_humble/install/tracetools_read:/home/yann/ros2_humble/install/test_tracetools_launch:/home/yann/ros2_humble/install/test_launch_ros:/home/yann/ros2_humble/install/sensor_msgs_py:/home/yann/ros2_humble/install/rpyutils:/home/yann/ros2_humble/install/rosidl_runtime_py:/home/yann/ros2_humble/install/rosidl_cli:/home/yann/ros2_humble/install/launch_pytest:/home/yann/ros2_humble/install/launch_testing:/home/yann/ros2_humble/install/launch_yaml:/home/yann/ros2_humble/install/launch_xml:/home/yann/ros2_humble/install/launch:/home/yann/ros2_humble/install/osrf_pycommon:/home/yann/ros2_humble/install/domain_coordinator:/home/yann/ros2_humble/install/ament_xmllint:/home/yann/ros2_humble/install/ament_pyflakes:/home/yann/ros2_humble/install/ament_pycodestyle:/home/yann/ros2_humble/install/ament_pep257:/home/yann/ros2_humble/install/ament_pclint:/home/yann/ros2_humble/install/ament_package:/home/yann/ros2_humble/install/ament_mypy:/home/yann/ros2_humble/install/ament_lint_cmake:/home/yann/ros2_humble/install/ament_flake8:/home/yann/ros2_humble/install/ament_copyright:/home/yann/ros2_humble/install/ament_lint:/home/yann/ros2_humble/install/ament_index_python:/home/yann/ros2_humble/install/ament_cpplint:/home/yann/ros2_humble/install/ament_cppcheck:/home/yann/ros2_humble/install/ament_clang_tidy:/home/yann/ros2_humble/install/ament_clang_format /usr/bin/cmake /home/yann/ros2_ws/src/limo_ros2/limo_description -DAMENT_CMAKE_SYMLINK_INSTALL=1 -DCMAKE_INSTALL_PREFIX=/home/yann/ros2_ws/install/limo_description
[2.710s] DEBUG:colcon.colcon_core.event_handler.log_command:Invoked command in '/home/yann/ros2_ws/build/limo_car' returned '0': CMAKE_PREFIX_PATH=${CMAKE_PREFIX_PATH}:/opt/ros/humble:/home/yann/ros2_humble/install/rqt_bag_plugins:/home/yann/ros2_humble/install/rqt_bag:/home/yann/ros2_humble/install/launch_testing_examples:/home/yann/ros2_humble/install/ros2bag:/home/yann/ros2_humble/install/tracetools_test:/home/yann/ros2_humble/install/tracetools_launch:/home/yann/ros2_humble/install/topic_monitor:/home/yann/ros2_humble/install/tf2_tools:/home/yann/ros2_humble/install/examples_tf2_py:/home/yann/ros2_humble/install/tf2_ros_py:/home/yann/ros2_humble/install/sros2:/home/yann/ros2_humble/install/rqt_topic:/home/yann/ros2_humble/install/rqt_srv:/home/yann/ros2_humble/install/rqt_shell:/home/yann/ros2_humble/install/rqt_service_caller:/home/yann/ros2_humble/install/rqt_reconfigure:/home/yann/ros2_humble/install/rqt_py_console:/home/yann/ros2_humble/install/rqt_publisher:/home/yann/ros2_humble/install/rqt_plot:/home/yann/ros2_humble/install/rqt_action:/home/yann/ros2_humble/install/rqt_msg:/home/yann/ros2_humble/install/rqt_console:/home/yann/ros2_humble/install/rqt:/home/yann/ros2_humble/install/rqt_graph:/home/yann/ros2_humble/install/rqt_gui_py:/home/yann/ros2_humble/install/rqt_gui:/home/yann/ros2_humble/install/ros2trace:/home/yann/ros2_humble/install/ros2topic:/home/yann/ros2_humble/install/ros2test:/home/yann/ros2_humble/install/ros2component:/home/yann/ros2_humble/install/ros2param:/home/yann/ros2_humble/install/ros2lifecycle:/home/yann/ros2_humble/install/ros2service:/home/yann/ros2_humble/install/ros2run:/home/yann/ros2_humble/install/ros2plugin:/home/yann/ros2_humble/install/ros2launch:/home/yann/ros2_humble/install/ros2pkg:/home/yann/ros2_humble/install/ros2node:/home/yann/ros2_humble/install/ros2multicast:/home/yann/ros2_humble/install/ros2interface:/home/yann/ros2_humble/install/ros2doctor:/home/yann/ros2_humble/install/ros2action:/home/yann/ros2_humble/install/ros2cli:/home/yann/ros2_humble/install/quality_of_service_demo_py:/home/yann/ros2_humble/install/lifecycle_py:/home/yann/ros2_humble/install/launch_testing_ros:/home/yann/ros2_humble/install/launch_ros:/home/yann/ros2_humble/install/examples_rclpy_pointcloud_publisher:/home/yann/ros2_humble/install/examples_rclpy_minimal_subscriber:/home/yann/ros2_humble/install/examples_rclpy_minimal_service:/home/yann/ros2_humble/install/examples_rclpy_minimal_publisher:/home/yann/ros2_humble/install/examples_rclpy_minimal_client:/home/yann/ros2_humble/install/examples_rclpy_minimal_action_server:/home/yann/ros2_humble/install/examples_rclpy_minimal_action_client:/home/yann/ros2_humble/install/examples_rclpy_guard_conditions:/home/yann/ros2_humble/install/examples_rclpy_executors:/home/yann/ros2_humble/install/demo_nodes_py:/home/yann/ros2_humble/install/camera_info_manager_py:/home/yann/ros2_humble/install/action_tutorials_py:/home/yann/ros2_humble/install/ament_uncrustify:/home/yann/ros2_humble/install/tracetools_trace:/home/yann/ros2_humble/install/tracetools_read:/home/yann/ros2_humble/install/test_tracetools_launch:/home/yann/ros2_humble/install/test_launch_ros:/home/yann/ros2_humble/install/sensor_msgs_py:/home/yann/ros2_humble/install/rpyutils:/home/yann/ros2_humble/install/rosidl_runtime_py:/home/yann/ros2_humble/install/rosidl_cli:/home/yann/ros2_humble/install/launch_pytest:/home/yann/ros2_humble/install/launch_testing:/home/yann/ros2_humble/install/launch_yaml:/home/yann/ros2_humble/install/launch_xml:/home/yann/ros2_humble/install/launch:/home/yann/ros2_humble/install/osrf_pycommon:/home/yann/ros2_humble/install/domain_coordinator:/home/yann/ros2_humble/install/ament_xmllint:/home/yann/ros2_humble/install/ament_pyflakes:/home/yann/ros2_humble/install/ament_pycodestyle:/home/yann/ros2_humble/install/ament_pep257:/home/yann/ros2_humble/install/ament_pclint:/home/yann/ros2_humble/install/ament_package:/home/yann/ros2_humble/install/ament_mypy:/home/yann/ros2_humble/install/ament_lint_cmake:/home/yann/ros2_humble/install/ament_flake8:/home/yann/ros2_humble/install/ament_copyright:/home/yann/ros2_humble/install/ament_lint:/home/yann/ros2_humble/install/ament_index_python:/home/yann/ros2_humble/install/ament_cpplint:/home/yann/ros2_humble/install/ament_cppcheck:/home/yann/ros2_humble/install/ament_clang_tidy:/home/yann/ros2_humble/install/ament_clang_format /usr/bin/cmake /home/yann/ros2_ws/src/limo_ros2/limo_car -DAMENT_CMAKE_SYMLINK_INSTALL=1 -DCMAKE_INSTALL_PREFIX=/home/yann/ros2_ws/install/limo_car
[2.713s] DEBUG:colcon.colcon_core.event_handler.log_command:Invoking command in '/home/yann/ros2_ws/build/limo_car': CMAKE_PREFIX_PATH=${CMAKE_PREFIX_PATH}:/opt/ros/humble:/home/yann/ros2_humble/install/rqt_bag_plugins:/home/yann/ros2_humble/install/rqt_bag:/home/yann/ros2_humble/install/launch_testing_examples:/home/yann/ros2_humble/install/ros2bag:/home/yann/ros2_humble/install/tracetools_test:/home/yann/ros2_humble/install/tracetools_launch:/home/yann/ros2_humble/install/topic_monitor:/home/yann/ros2_humble/install/tf2_tools:/home/yann/ros2_humble/install/examples_tf2_py:/home/yann/ros2_humble/install/tf2_ros_py:/home/yann/ros2_humble/install/sros2:/home/yann/ros2_humble/install/rqt_topic:/home/yann/ros2_humble/install/rqt_srv:/home/yann/ros2_humble/install/rqt_shell:/home/yann/ros2_humble/install/rqt_service_caller:/home/yann/ros2_humble/install/rqt_reconfigure:/home/yann/ros2_humble/install/rqt_py_console:/home/yann/ros2_humble/install/rqt_publisher:/home/yann/ros2_humble/install/rqt_plot:/home/yann/ros2_humble/install/rqt_action:/home/yann/ros2_humble/install/rqt_msg:/home/yann/ros2_humble/install/rqt_console:/home/yann/ros2_humble/install/rqt:/home/yann/ros2_humble/install/rqt_graph:/home/yann/ros2_humble/install/rqt_gui_py:/home/yann/ros2_humble/install/rqt_gui:/home/yann/ros2_humble/install/ros2trace:/home/yann/ros2_humble/install/ros2topic:/home/yann/ros2_humble/install/ros2test:/home/yann/ros2_humble/install/ros2component:/home/yann/ros2_humble/install/ros2param:/home/yann/ros2_humble/install/ros2lifecycle:/home/yann/ros2_humble/install/ros2service:/home/yann/ros2_humble/install/ros2run:/home/yann/ros2_humble/install/ros2plugin:/home/yann/ros2_humble/install/ros2launch:/home/yann/ros2_humble/install/ros2pkg:/home/yann/ros2_humble/install/ros2node:/home/yann/ros2_humble/install/ros2multicast:/home/yann/ros2_humble/install/ros2interface:/home/yann/ros2_humble/install/ros2doctor:/home/yann/ros2_humble/install/ros2action:/home/yann/ros2_humble/install/ros2cli:/home/yann/ros2_humble/install/quality_of_service_demo_py:/home/yann/ros2_humble/install/lifecycle_py:/home/yann/ros2_humble/install/launch_testing_ros:/home/yann/ros2_humble/install/launch_ros:/home/yann/ros2_humble/install/examples_rclpy_pointcloud_publisher:/home/yann/ros2_humble/install/examples_rclpy_minimal_subscriber:/home/yann/ros2_humble/install/examples_rclpy_minimal_service:/home/yann/ros2_humble/install/examples_rclpy_minimal_publisher:/home/yann/ros2_humble/install/examples_rclpy_minimal_client:/home/yann/ros2_humble/install/examples_rclpy_minimal_action_server:/home/yann/ros2_humble/install/examples_rclpy_minimal_action_client:/home/yann/ros2_humble/install/examples_rclpy_guard_conditions:/home/yann/ros2_humble/install/examples_rclpy_executors:/home/yann/ros2_humble/install/demo_nodes_py:/home/yann/ros2_humble/install/camera_info_manager_py:/home/yann/ros2_humble/install/action_tutorials_py:/home/yann/ros2_humble/install/ament_uncrustify:/home/yann/ros2_humble/install/tracetools_trace:/home/yann/ros2_humble/install/tracetools_read:/home/yann/ros2_humble/install/test_tracetools_launch:/home/yann/ros2_humble/install/test_launch_ros:/home/yann/ros2_humble/install/sensor_msgs_py:/home/yann/ros2_humble/install/rpyutils:/home/yann/ros2_humble/install/rosidl_runtime_py:/home/yann/ros2_humble/install/rosidl_cli:/home/yann/ros2_humble/install/launch_pytest:/home/yann/ros2_humble/install/launch_testing:/home/yann/ros2_humble/install/launch_yaml:/home/yann/ros2_humble/install/launch_xml:/home/yann/ros2_humble/install/launch:/home/yann/ros2_humble/install/osrf_pycommon:/home/yann/ros2_humble/install/domain_coordinator:/home/yann/ros2_humble/install/ament_xmllint:/home/yann/ros2_humble/install/ament_pyflakes:/home/yann/ros2_humble/install/ament_pycodestyle:/home/yann/ros2_humble/install/ament_pep257:/home/yann/ros2_humble/install/ament_pclint:/home/yann/ros2_humble/install/ament_package:/home/yann/ros2_humble/install/ament_mypy:/home/yann/ros2_humble/install/ament_lint_cmake:/home/yann/ros2_humble/install/ament_flake8:/home/yann/ros2_humble/install/ament_copyright:/home/yann/ros2_humble/install/ament_lint:/home/yann/ros2_humble/install/ament_index_python:/home/yann/ros2_humble/install/ament_cpplint:/home/yann/ros2_humble/install/ament_cppcheck:/home/yann/ros2_humble/install/ament_clang_tidy:/home/yann/ros2_humble/install/ament_clang_format /usr/bin/cmake --build /home/yann/ros2_ws/build/limo_car -- -j16 -l16
[2.724s] DEBUG:colcon.colcon_core.event_handler.log_command:Invoked command in '/home/yann/ros2_ws/build/limo_description' returned '0': CMAKE_PREFIX_PATH=${CMAKE_PREFIX_PATH}:/opt/ros/humble:/home/yann/ros2_humble/install/rqt_bag_plugins:/home/yann/ros2_humble/install/rqt_bag:/home/yann/ros2_humble/install/launch_testing_examples:/home/yann/ros2_humble/install/ros2bag:/home/yann/ros2_humble/install/tracetools_test:/home/yann/ros2_humble/install/tracetools_launch:/home/yann/ros2_humble/install/topic_monitor:/home/yann/ros2_humble/install/tf2_tools:/home/yann/ros2_humble/install/examples_tf2_py:/home/yann/ros2_humble/install/tf2_ros_py:/home/yann/ros2_humble/install/sros2:/home/yann/ros2_humble/install/rqt_topic:/home/yann/ros2_humble/install/rqt_srv:/home/yann/ros2_humble/install/rqt_shell:/home/yann/ros2_humble/install/rqt_service_caller:/home/yann/ros2_humble/install/rqt_reconfigure:/home/yann/ros2_humble/install/rqt_py_console:/home/yann/ros2_humble/install/rqt_publisher:/home/yann/ros2_humble/install/rqt_plot:/home/yann/ros2_humble/install/rqt_action:/home/yann/ros2_humble/install/rqt_msg:/home/yann/ros2_humble/install/rqt_console:/home/yann/ros2_humble/install/rqt:/home/yann/ros2_humble/install/rqt_graph:/home/yann/ros2_humble/install/rqt_gui_py:/home/yann/ros2_humble/install/rqt_gui:/home/yann/ros2_humble/install/ros2trace:/home/yann/ros2_humble/install/ros2topic:/home/yann/ros2_humble/install/ros2test:/home/yann/ros2_humble/install/ros2component:/home/yann/ros2_humble/install/ros2param:/home/yann/ros2_humble/install/ros2lifecycle:/home/yann/ros2_humble/install/ros2service:/home/yann/ros2_humble/install/ros2run:/home/yann/ros2_humble/install/ros2plugin:/home/yann/ros2_humble/install/ros2launch:/home/yann/ros2_humble/install/ros2pkg:/home/yann/ros2_humble/install/ros2node:/home/yann/ros2_humble/install/ros2multicast:/home/yann/ros2_humble/install/ros2interface:/home/yann/ros2_humble/install/ros2doctor:/home/yann/ros2_humble/install/ros2action:/home/yann/ros2_humble/install/ros2cli:/home/yann/ros2_humble/install/quality_of_service_demo_py:/home/yann/ros2_humble/install/lifecycle_py:/home/yann/ros2_humble/install/launch_testing_ros:/home/yann/ros2_humble/install/launch_ros:/home/yann/ros2_humble/install/examples_rclpy_pointcloud_publisher:/home/yann/ros2_humble/install/examples_rclpy_minimal_subscriber:/home/yann/ros2_humble/install/examples_rclpy_minimal_service:/home/yann/ros2_humble/install/examples_rclpy_minimal_publisher:/home/yann/ros2_humble/install/examples_rclpy_minimal_client:/home/yann/ros2_humble/install/examples_rclpy_minimal_action_server:/home/yann/ros2_humble/install/examples_rclpy_minimal_action_client:/home/yann/ros2_humble/install/examples_rclpy_guard_conditions:/home/yann/ros2_humble/install/examples_rclpy_executors:/home/yann/ros2_humble/install/demo_nodes_py:/home/yann/ros2_humble/install/camera_info_manager_py:/home/yann/ros2_humble/install/action_tutorials_py:/home/yann/ros2_humble/install/ament_uncrustify:/home/yann/ros2_humble/install/tracetools_trace:/home/yann/ros2_humble/install/tracetools_read:/home/yann/ros2_humble/install/test_tracetools_launch:/home/yann/ros2_humble/install/test_launch_ros:/home/yann/ros2_humble/install/sensor_msgs_py:/home/yann/ros2_humble/install/rpyutils:/home/yann/ros2_humble/install/rosidl_runtime_py:/home/yann/ros2_humble/install/rosidl_cli:/home/yann/ros2_humble/install/launch_pytest:/home/yann/ros2_humble/install/launch_testing:/home/yann/ros2_humble/install/launch_yaml:/home/yann/ros2_humble/install/launch_xml:/home/yann/ros2_humble/install/launch:/home/yann/ros2_humble/install/osrf_pycommon:/home/yann/ros2_humble/install/domain_coordinator:/home/yann/ros2_humble/install/ament_xmllint:/home/yann/ros2_humble/install/ament_pyflakes:/home/yann/ros2_humble/install/ament_pycodestyle:/home/yann/ros2_humble/install/ament_pep257:/home/yann/ros2_humble/install/ament_pclint:/home/yann/ros2_humble/install/ament_package:/home/yann/ros2_humble/install/ament_mypy:/home/yann/ros2_humble/install/ament_lint_cmake:/home/yann/ros2_humble/install/ament_flake8:/home/yann/ros2_humble/install/ament_copyright:/home/yann/ros2_humble/install/ament_lint:/home/yann/ros2_humble/install/ament_index_python:/home/yann/ros2_humble/install/ament_cpplint:/home/yann/ros2_humble/install/ament_cppcheck:/home/yann/ros2_humble/install/ament_clang_tidy:/home/yann/ros2_humble/install/ament_clang_format /usr/bin/cmake /home/yann/ros2_ws/src/limo_ros2/limo_description -DAMENT_CMAKE_SYMLINK_INSTALL=1 -DCMAKE_INSTALL_PREFIX=/home/yann/ros2_ws/install/limo_description
[2.726s] DEBUG:colcon.colcon_core.event_handler.log_command:Invoking command in '/home/yann/ros2_ws/build/limo_description': CMAKE_PREFIX_PATH=${CMAKE_PREFIX_PATH}:/opt/ros/humble:/home/yann/ros2_humble/install/rqt_bag_plugins:/home/yann/ros2_humble/install/rqt_bag:/home/yann/ros2_humble/install/launch_testing_examples:/home/yann/ros2_humble/install/ros2bag:/home/yann/ros2_humble/install/tracetools_test:/home/yann/ros2_humble/install/tracetools_launch:/home/yann/ros2_humble/install/topic_monitor:/home/yann/ros2_humble/install/tf2_tools:/home/yann/ros2_humble/install/examples_tf2_py:/home/yann/ros2_humble/install/tf2_ros_py:/home/yann/ros2_humble/install/sros2:/home/yann/ros2_humble/install/rqt_topic:/home/yann/ros2_humble/install/rqt_srv:/home/yann/ros2_humble/install/rqt_shell:/home/yann/ros2_humble/install/rqt_service_caller:/home/yann/ros2_humble/install/rqt_reconfigure:/home/yann/ros2_humble/install/rqt_py_console:/home/yann/ros2_humble/install/rqt_publisher:/home/yann/ros2_humble/install/rqt_plot:/home/yann/ros2_humble/install/rqt_action:/home/yann/ros2_humble/install/rqt_msg:/home/yann/ros2_humble/install/rqt_console:/home/yann/ros2_humble/install/rqt:/home/yann/ros2_humble/install/rqt_graph:/home/yann/ros2_humble/install/rqt_gui_py:/home/yann/ros2_humble/install/rqt_gui:/home/yann/ros2_humble/install/ros2trace:/home/yann/ros2_humble/install/ros2topic:/home/yann/ros2_humble/install/ros2test:/home/yann/ros2_humble/install/ros2component:/home/yann/ros2_humble/install/ros2param:/home/yann/ros2_humble/install/ros2lifecycle:/home/yann/ros2_humble/install/ros2service:/home/yann/ros2_humble/install/ros2run:/home/yann/ros2_humble/install/ros2plugin:/home/yann/ros2_humble/install/ros2launch:/home/yann/ros2_humble/install/ros2pkg:/home/yann/ros2_humble/install/ros2node:/home/yann/ros2_humble/install/ros2multicast:/home/yann/ros2_humble/install/ros2interface:/home/yann/ros2_humble/install/ros2doctor:/home/yann/ros2_humble/install/ros2action:/home/yann/ros2_humble/install/ros2cli:/home/yann/ros2_humble/install/quality_of_service_demo_py:/home/yann/ros2_humble/install/lifecycle_py:/home/yann/ros2_humble/install/launch_testing_ros:/home/yann/ros2_humble/install/launch_ros:/home/yann/ros2_humble/install/examples_rclpy_pointcloud_publisher:/home/yann/ros2_humble/install/examples_rclpy_minimal_subscriber:/home/yann/ros2_humble/install/examples_rclpy_minimal_service:/home/yann/ros2_humble/install/examples_rclpy_minimal_publisher:/home/yann/ros2_humble/install/examples_rclpy_minimal_client:/home/yann/ros2_humble/install/examples_rclpy_minimal_action_server:/home/yann/ros2_humble/install/examples_rclpy_minimal_action_client:/home/yann/ros2_humble/install/examples_rclpy_guard_conditions:/home/yann/ros2_humble/install/examples_rclpy_executors:/home/yann/ros2_humble/install/demo_nodes_py:/home/yann/ros2_humble/install/camera_info_manager_py:/home/yann/ros2_humble/install/action_tutorials_py:/home/yann/ros2_humble/install/ament_uncrustify:/home/yann/ros2_humble/install/tracetools_trace:/home/yann/ros2_humble/install/tracetools_read:/home/yann/ros2_humble/install/test_tracetools_launch:/home/yann/ros2_humble/install/test_launch_ros:/home/yann/ros2_humble/install/sensor_msgs_py:/home/yann/ros2_humble/install/rpyutils:/home/yann/ros2_humble/install/rosidl_runtime_py:/home/yann/ros2_humble/install/rosidl_cli:/home/yann/ros2_humble/install/launch_pytest:/home/yann/ros2_humble/install/launch_testing:/home/yann/ros2_humble/install/launch_yaml:/home/yann/ros2_humble/install/launch_xml:/home/yann/ros2_humble/install/launch:/home/yann/ros2_humble/install/osrf_pycommon:/home/yann/ros2_humble/install/domain_coordinator:/home/yann/ros2_humble/install/ament_xmllint:/home/yann/ros2_humble/install/ament_pyflakes:/home/yann/ros2_humble/install/ament_pycodestyle:/home/yann/ros2_humble/install/ament_pep257:/home/yann/ros2_humble/install/ament_pclint:/home/yann/ros2_humble/install/ament_package:/home/yann/ros2_humble/install/ament_mypy:/home/yann/ros2_humble/install/ament_lint_cmake:/home/yann/ros2_humble/install/ament_flake8:/home/yann/ros2_humble/install/ament_copyright:/home/yann/ros2_humble/install/ament_lint:/home/yann/ros2_humble/install/ament_index_python:/home/yann/ros2_humble/install/ament_cpplint:/home/yann/ros2_humble/install/ament_cppcheck:/home/yann/ros2_humble/install/ament_clang_tidy:/home/yann/ros2_humble/install/ament_clang_format /usr/bin/cmake --build /home/yann/ros2_ws/build/limo_description -- -j16 -l16
[2.812s] DEBUG:colcon.colcon_core.event_handler.log_command:Invoked command in '/home/yann/ros2_ws/build/limo_car' returned '0': CMAKE_PREFIX_PATH=${CMAKE_PREFIX_PATH}:/opt/ros/humble:/home/yann/ros2_humble/install/rqt_bag_plugins:/home/yann/ros2_humble/install/rqt_bag:/home/yann/ros2_humble/install/launch_testing_examples:/home/yann/ros2_humble/install/ros2bag:/home/yann/ros2_humble/install/tracetools_test:/home/yann/ros2_humble/install/tracetools_launch:/home/yann/ros2_humble/install/topic_monitor:/home/yann/ros2_humble/install/tf2_tools:/home/yann/ros2_humble/install/examples_tf2_py:/home/yann/ros2_humble/install/tf2_ros_py:/home/yann/ros2_humble/install/sros2:/home/yann/ros2_humble/install/rqt_topic:/home/yann/ros2_humble/install/rqt_srv:/home/yann/ros2_humble/install/rqt_shell:/home/yann/ros2_humble/install/rqt_service_caller:/home/yann/ros2_humble/install/rqt_reconfigure:/home/yann/ros2_humble/install/rqt_py_console:/home/yann/ros2_humble/install/rqt_publisher:/home/yann/ros2_humble/install/rqt_plot:/home/yann/ros2_humble/install/rqt_action:/home/yann/ros2_humble/install/rqt_msg:/home/yann/ros2_humble/install/rqt_console:/home/yann/ros2_humble/install/rqt:/home/yann/ros2_humble/install/rqt_graph:/home/yann/ros2_humble/install/rqt_gui_py:/home/yann/ros2_humble/install/rqt_gui:/home/yann/ros2_humble/install/ros2trace:/home/yann/ros2_humble/install/ros2topic:/home/yann/ros2_humble/install/ros2test:/home/yann/ros2_humble/install/ros2component:/home/yann/ros2_humble/install/ros2param:/home/yann/ros2_humble/install/ros2lifecycle:/home/yann/ros2_humble/install/ros2service:/home/yann/ros2_humble/install/ros2run:/home/yann/ros2_humble/install/ros2plugin:/home/yann/ros2_humble/install/ros2launch:/home/yann/ros2_humble/install/ros2pkg:/home/yann/ros2_humble/install/ros2node:/home/yann/ros2_humble/install/ros2multicast:/home/yann/ros2_humble/install/ros2interface:/home/yann/ros2_humble/install/ros2doctor:/home/yann/ros2_humble/install/ros2action:/home/yann/ros2_humble/install/ros2cli:/home/yann/ros2_humble/install/quality_of_service_demo_py:/home/yann/ros2_humble/install/lifecycle_py:/home/yann/ros2_humble/install/launch_testing_ros:/home/yann/ros2_humble/install/launch_ros:/home/yann/ros2_humble/install/examples_rclpy_pointcloud_publisher:/home/yann/ros2_humble/install/examples_rclpy_minimal_subscriber:/home/yann/ros2_humble/install/examples_rclpy_minimal_service:/home/yann/ros2_humble/install/examples_rclpy_minimal_publisher:/home/yann/ros2_humble/install/examples_rclpy_minimal_client:/home/yann/ros2_humble/install/examples_rclpy_minimal_action_server:/home/yann/ros2_humble/install/examples_rclpy_minimal_action_client:/home/yann/ros2_humble/install/examples_rclpy_guard_conditions:/home/yann/ros2_humble/install/examples_rclpy_executors:/home/yann/ros2_humble/install/demo_nodes_py:/home/yann/ros2_humble/install/camera_info_manager_py:/home/yann/ros2_humble/install/action_tutorials_py:/home/yann/ros2_humble/install/ament_uncrustify:/home/yann/ros2_humble/install/tracetools_trace:/home/yann/ros2_humble/install/tracetools_read:/home/yann/ros2_humble/install/test_tracetools_launch:/home/yann/ros2_humble/install/test_launch_ros:/home/yann/ros2_humble/install/sensor_msgs_py:/home/yann/ros2_humble/install/rpyutils:/home/yann/ros2_humble/install/rosidl_runtime_py:/home/yann/ros2_humble/install/rosidl_cli:/home/yann/ros2_humble/install/launch_pytest:/home/yann/ros2_humble/install/launch_testing:/home/yann/ros2_humble/install/launch_yaml:/home/yann/ros2_humble/install/launch_xml:/home/yann/ros2_humble/install/launch:/home/yann/ros2_humble/install/osrf_pycommon:/home/yann/ros2_humble/install/domain_coordinator:/home/yann/ros2_humble/install/ament_xmllint:/home/yann/ros2_humble/install/ament_pyflakes:/home/yann/ros2_humble/install/ament_pycodestyle:/home/yann/ros2_humble/install/ament_pep257:/home/yann/ros2_humble/install/ament_pclint:/home/yann/ros2_humble/install/ament_package:/home/yann/ros2_humble/install/ament_mypy:/home/yann/ros2_humble/install/ament_lint_cmake:/home/yann/ros2_humble/install/ament_flake8:/home/yann/ros2_humble/install/ament_copyright:/home/yann/ros2_humble/install/ament_lint:/home/yann/ros2_humble/install/ament_index_python:/home/yann/ros2_humble/install/ament_cpplint:/home/yann/ros2_humble/install/ament_cppcheck:/home/yann/ros2_humble/install/ament_clang_tidy:/home/yann/ros2_humble/install/ament_clang_format /usr/bin/cmake --build /home/yann/ros2_ws/build/limo_car -- -j16 -l16
[2.835s] DEBUG:colcon.colcon_core.event_handler.log_command:Invoking command in '/home/yann/ros2_ws/build/limo_car': CMAKE_PREFIX_PATH=${CMAKE_PREFIX_PATH}:/opt/ros/humble:/home/yann/ros2_humble/install/rqt_bag_plugins:/home/yann/ros2_humble/install/rqt_bag:/home/yann/ros2_humble/install/launch_testing_examples:/home/yann/ros2_humble/install/ros2bag:/home/yann/ros2_humble/install/tracetools_test:/home/yann/ros2_humble/install/tracetools_launch:/home/yann/ros2_humble/install/topic_monitor:/home/yann/ros2_humble/install/tf2_tools:/home/yann/ros2_humble/install/examples_tf2_py:/home/yann/ros2_humble/install/tf2_ros_py:/home/yann/ros2_humble/install/sros2:/home/yann/ros2_humble/install/rqt_topic:/home/yann/ros2_humble/install/rqt_srv:/home/yann/ros2_humble/install/rqt_shell:/home/yann/ros2_humble/install/rqt_service_caller:/home/yann/ros2_humble/install/rqt_reconfigure:/home/yann/ros2_humble/install/rqt_py_console:/home/yann/ros2_humble/install/rqt_publisher:/home/yann/ros2_humble/install/rqt_plot:/home/yann/ros2_humble/install/rqt_action:/home/yann/ros2_humble/install/rqt_msg:/home/yann/ros2_humble/install/rqt_console:/home/yann/ros2_humble/install/rqt:/home/yann/ros2_humble/install/rqt_graph:/home/yann/ros2_humble/install/rqt_gui_py:/home/yann/ros2_humble/install/rqt_gui:/home/yann/ros2_humble/install/ros2trace:/home/yann/ros2_humble/install/ros2topic:/home/yann/ros2_humble/install/ros2test:/home/yann/ros2_humble/install/ros2component:/home/yann/ros2_humble/install/ros2param:/home/yann/ros2_humble/install/ros2lifecycle:/home/yann/ros2_humble/install/ros2service:/home/yann/ros2_humble/install/ros2run:/home/yann/ros2_humble/install/ros2plugin:/home/yann/ros2_humble/install/ros2launch:/home/yann/ros2_humble/install/ros2pkg:/home/yann/ros2_humble/install/ros2node:/home/yann/ros2_humble/install/ros2multicast:/home/yann/ros2_humble/install/ros2interface:/home/yann/ros2_humble/install/ros2doctor:/home/yann/ros2_humble/install/ros2action:/home/yann/ros2_humble/install/ros2cli:/home/yann/ros2_humble/install/quality_of_service_demo_py:/home/yann/ros2_humble/install/lifecycle_py:/home/yann/ros2_humble/install/launch_testing_ros:/home/yann/ros2_humble/install/launch_ros:/home/yann/ros2_humble/install/examples_rclpy_pointcloud_publisher:/home/yann/ros2_humble/install/examples_rclpy_minimal_subscriber:/home/yann/ros2_humble/install/examples_rclpy_minimal_service:/home/yann/ros2_humble/install/examples_rclpy_minimal_publisher:/home/yann/ros2_humble/install/examples_rclpy_minimal_client:/home/yann/ros2_humble/install/examples_rclpy_minimal_action_server:/home/yann/ros2_humble/install/examples_rclpy_minimal_action_client:/home/yann/ros2_humble/install/examples_rclpy_guard_conditions:/home/yann/ros2_humble/install/examples_rclpy_executors:/home/yann/ros2_humble/install/demo_nodes_py:/home/yann/ros2_humble/install/camera_info_manager_py:/home/yann/ros2_humble/install/action_tutorials_py:/home/yann/ros2_humble/install/ament_uncrustify:/home/yann/ros2_humble/install/tracetools_trace:/home/yann/ros2_humble/install/tracetools_read:/home/yann/ros2_humble/install/test_tracetools_launch:/home/yann/ros2_humble/install/test_launch_ros:/home/yann/ros2_humble/install/sensor_msgs_py:/home/yann/ros2_humble/install/rpyutils:/home/yann/ros2_humble/install/rosidl_runtime_py:/home/yann/ros2_humble/install/rosidl_cli:/home/yann/ros2_humble/install/launch_pytest:/home/yann/ros2_humble/install/launch_testing:/home/yann/ros2_humble/install/launch_yaml:/home/yann/ros2_humble/install/launch_xml:/home/yann/ros2_humble/install/launch:/home/yann/ros2_humble/install/osrf_pycommon:/home/yann/ros2_humble/install/domain_coordinator:/home/yann/ros2_humble/install/ament_xmllint:/home/yann/ros2_humble/install/ament_pyflakes:/home/yann/ros2_humble/install/ament_pycodestyle:/home/yann/ros2_humble/install/ament_pep257:/home/yann/ros2_humble/install/ament_pclint:/home/yann/ros2_humble/install/ament_package:/home/yann/ros2_humble/install/ament_mypy:/home/yann/ros2_humble/install/ament_lint_cmake:/home/yann/ros2_humble/install/ament_flake8:/home/yann/ros2_humble/install/ament_copyright:/home/yann/ros2_humble/install/ament_lint:/home/yann/ros2_humble/install/ament_index_python:/home/yann/ros2_humble/install/ament_cpplint:/home/yann/ros2_humble/install/ament_cppcheck:/home/yann/ros2_humble/install/ament_clang_tidy:/home/yann/ros2_humble/install/ament_clang_format /usr/bin/cmake --install /home/yann/ros2_ws/build/limo_car
[2.836s] DEBUG:colcon.colcon_core.event_handler.log_command:Invoked command in '/home/yann/ros2_ws/build/limo_description' returned '0': CMAKE_PREFIX_PATH=${CMAKE_PREFIX_PATH}:/opt/ros/humble:/home/yann/ros2_humble/install/rqt_bag_plugins:/home/yann/ros2_humble/install/rqt_bag:/home/yann/ros2_humble/install/launch_testing_examples:/home/yann/ros2_humble/install/ros2bag:/home/yann/ros2_humble/install/tracetools_test:/home/yann/ros2_humble/install/tracetools_launch:/home/yann/ros2_humble/install/topic_monitor:/home/yann/ros2_humble/install/tf2_tools:/home/yann/ros2_humble/install/examples_tf2_py:/home/yann/ros2_humble/install/tf2_ros_py:/home/yann/ros2_humble/install/sros2:/home/yann/ros2_humble/install/rqt_topic:/home/yann/ros2_humble/install/rqt_srv:/home/yann/ros2_humble/install/rqt_shell:/home/yann/ros2_humble/install/rqt_service_caller:/home/yann/ros2_humble/install/rqt_reconfigure:/home/yann/ros2_humble/install/rqt_py_console:/home/yann/ros2_humble/install/rqt_publisher:/home/yann/ros2_humble/install/rqt_plot:/home/yann/ros2_humble/install/rqt_action:/home/yann/ros2_humble/install/rqt_msg:/home/yann/ros2_humble/install/rqt_console:/home/yann/ros2_humble/install/rqt:/home/yann/ros2_humble/install/rqt_graph:/home/yann/ros2_humble/install/rqt_gui_py:/home/yann/ros2_humble/install/rqt_gui:/home/yann/ros2_humble/install/ros2trace:/home/yann/ros2_humble/install/ros2topic:/home/yann/ros2_humble/install/ros2test:/home/yann/ros2_humble/install/ros2component:/home/yann/ros2_humble/install/ros2param:/home/yann/ros2_humble/install/ros2lifecycle:/home/yann/ros2_humble/install/ros2service:/home/yann/ros2_humble/install/ros2run:/home/yann/ros2_humble/install/ros2plugin:/home/yann/ros2_humble/install/ros2launch:/home/yann/ros2_humble/install/ros2pkg:/home/yann/ros2_humble/install/ros2node:/home/yann/ros2_humble/install/ros2multicast:/home/yann/ros2_humble/install/ros2interface:/home/yann/ros2_humble/install/ros2doctor:/home/yann/ros2_humble/install/ros2action:/home/yann/ros2_humble/install/ros2cli:/home/yann/ros2_humble/install/quality_of_service_demo_py:/home/yann/ros2_humble/install/lifecycle_py:/home/yann/ros2_humble/install/launch_testing_ros:/home/yann/ros2_humble/install/launch_ros:/home/yann/ros2_humble/install/examples_rclpy_pointcloud_publisher:/home/yann/ros2_humble/install/examples_rclpy_minimal_subscriber:/home/yann/ros2_humble/install/examples_rclpy_minimal_service:/home/yann/ros2_humble/install/examples_rclpy_minimal_publisher:/home/yann/ros2_humble/install/examples_rclpy_minimal_client:/home/yann/ros2_humble/install/examples_rclpy_minimal_action_server:/home/yann/ros2_humble/install/examples_rclpy_minimal_action_client:/home/yann/ros2_humble/install/examples_rclpy_guard_conditions:/home/yann/ros2_humble/install/examples_rclpy_executors:/home/yann/ros2_humble/install/demo_nodes_py:/home/yann/ros2_humble/install/camera_info_manager_py:/home/yann/ros2_humble/install/action_tutorials_py:/home/yann/ros2_humble/install/ament_uncrustify:/home/yann/ros2_humble/install/tracetools_trace:/home/yann/ros2_humble/install/tracetools_read:/home/yann/ros2_humble/install/test_tracetools_launch:/home/yann/ros2_humble/install/test_launch_ros:/home/yann/ros2_humble/install/sensor_msgs_py:/home/yann/ros2_humble/install/rpyutils:/home/yann/ros2_humble/install/rosidl_runtime_py:/home/yann/ros2_humble/install/rosidl_cli:/home/yann/ros2_humble/install/launch_pytest:/home/yann/ros2_humble/install/launch_testing:/home/yann/ros2_humble/install/launch_yaml:/home/yann/ros2_humble/install/launch_xml:/home/yann/ros2_humble/install/launch:/home/yann/ros2_humble/install/osrf_pycommon:/home/yann/ros2_humble/install/domain_coordinator:/home/yann/ros2_humble/install/ament_xmllint:/home/yann/ros2_humble/install/ament_pyflakes:/home/yann/ros2_humble/install/ament_pycodestyle:/home/yann/ros2_humble/install/ament_pep257:/home/yann/ros2_humble/install/ament_pclint:/home/yann/ros2_humble/install/ament_package:/home/yann/ros2_humble/install/ament_mypy:/home/yann/ros2_humble/install/ament_lint_cmake:/home/yann/ros2_humble/install/ament_flake8:/home/yann/ros2_humble/install/ament_copyright:/home/yann/ros2_humble/install/ament_lint:/home/yann/ros2_humble/install/ament_index_python:/home/yann/ros2_humble/install/ament_cpplint:/home/yann/ros2_humble/install/ament_cppcheck:/home/yann/ros2_humble/install/ament_clang_tidy:/home/yann/ros2_humble/install/ament_clang_format /usr/bin/cmake --build /home/yann/ros2_ws/build/limo_description -- -j16 -l16
[2.838s] DEBUG:colcon.colcon_core.event_handler.log_command:Invoking command in '/home/yann/ros2_ws/build/limo_description': CMAKE_PREFIX_PATH=${CMAKE_PREFIX_PATH}:/opt/ros/humble:/home/yann/ros2_humble/install/rqt_bag_plugins:/home/yann/ros2_humble/install/rqt_bag:/home/yann/ros2_humble/install/launch_testing_examples:/home/yann/ros2_humble/install/ros2bag:/home/yann/ros2_humble/install/tracetools_test:/home/yann/ros2_humble/install/tracetools_launch:/home/yann/ros2_humble/install/topic_monitor:/home/yann/ros2_humble/install/tf2_tools:/home/yann/ros2_humble/install/examples_tf2_py:/home/yann/ros2_humble/install/tf2_ros_py:/home/yann/ros2_humble/install/sros2:/home/yann/ros2_humble/install/rqt_topic:/home/yann/ros2_humble/install/rqt_srv:/home/yann/ros2_humble/install/rqt_shell:/home/yann/ros2_humble/install/rqt_service_caller:/home/yann/ros2_humble/install/rqt_reconfigure:/home/yann/ros2_humble/install/rqt_py_console:/home/yann/ros2_humble/install/rqt_publisher:/home/yann/ros2_humble/install/rqt_plot:/home/yann/ros2_humble/install/rqt_action:/home/yann/ros2_humble/install/rqt_msg:/home/yann/ros2_humble/install/rqt_console:/home/yann/ros2_humble/install/rqt:/home/yann/ros2_humble/install/rqt_graph:/home/yann/ros2_humble/install/rqt_gui_py:/home/yann/ros2_humble/install/rqt_gui:/home/yann/ros2_humble/install/ros2trace:/home/yann/ros2_humble/install/ros2topic:/home/yann/ros2_humble/install/ros2test:/home/yann/ros2_humble/install/ros2component:/home/yann/ros2_humble/install/ros2param:/home/yann/ros2_humble/install/ros2lifecycle:/home/yann/ros2_humble/install/ros2service:/home/yann/ros2_humble/install/ros2run:/home/yann/ros2_humble/install/ros2plugin:/home/yann/ros2_humble/install/ros2launch:/home/yann/ros2_humble/install/ros2pkg:/home/yann/ros2_humble/install/ros2node:/home/yann/ros2_humble/install/ros2multicast:/home/yann/ros2_humble/install/ros2interface:/home/yann/ros2_humble/install/ros2doctor:/home/yann/ros2_humble/install/ros2action:/home/yann/ros2_humble/install/ros2cli:/home/yann/ros2_humble/install/quality_of_service_demo_py:/home/yann/ros2_humble/install/lifecycle_py:/home/yann/ros2_humble/install/launch_testing_ros:/home/yann/ros2_humble/install/launch_ros:/home/yann/ros2_humble/install/examples_rclpy_pointcloud_publisher:/home/yann/ros2_humble/install/examples_rclpy_minimal_subscriber:/home/yann/ros2_humble/install/examples_rclpy_minimal_service:/home/yann/ros2_humble/install/examples_rclpy_minimal_publisher:/home/yann/ros2_humble/install/examples_rclpy_minimal_client:/home/yann/ros2_humble/install/examples_rclpy_minimal_action_server:/home/yann/ros2_humble/install/examples_rclpy_minimal_action_client:/home/yann/ros2_humble/install/examples_rclpy_guard_conditions:/home/yann/ros2_humble/install/examples_rclpy_executors:/home/yann/ros2_humble/install/demo_nodes_py:/home/yann/ros2_humble/install/camera_info_manager_py:/home/yann/ros2_humble/install/action_tutorials_py:/home/yann/ros2_humble/install/ament_uncrustify:/home/yann/ros2_humble/install/tracetools_trace:/home/yann/ros2_humble/install/tracetools_read:/home/yann/ros2_humble/install/test_tracetools_launch:/home/yann/ros2_humble/install/test_launch_ros:/home/yann/ros2_humble/install/sensor_msgs_py:/home/yann/ros2_humble/install/rpyutils:/home/yann/ros2_humble/install/rosidl_runtime_py:/home/yann/ros2_humble/install/rosidl_cli:/home/yann/ros2_humble/install/launch_pytest:/home/yann/ros2_humble/install/launch_testing:/home/yann/ros2_humble/install/launch_yaml:/home/yann/ros2_humble/install/launch_xml:/home/yann/ros2_humble/install/launch:/home/yann/ros2_humble/install/osrf_pycommon:/home/yann/ros2_humble/install/domain_coordinator:/home/yann/ros2_humble/install/ament_xmllint:/home/yann/ros2_humble/install/ament_pyflakes:/home/yann/ros2_humble/install/ament_pycodestyle:/home/yann/ros2_humble/install/ament_pep257:/home/yann/ros2_humble/install/ament_pclint:/home/yann/ros2_humble/install/ament_package:/home/yann/ros2_humble/install/ament_mypy:/home/yann/ros2_humble/install/ament_lint_cmake:/home/yann/ros2_humble/install/ament_flake8:/home/yann/ros2_humble/install/ament_copyright:/home/yann/ros2_humble/install/ament_lint:/home/yann/ros2_humble/install/ament_index_python:/home/yann/ros2_humble/install/ament_cpplint:/home/yann/ros2_humble/install/ament_cppcheck:/home/yann/ros2_humble/install/ament_clang_tidy:/home/yann/ros2_humble/install/ament_clang_format /usr/bin/cmake --install /home/yann/ros2_ws/build/limo_description
[2.989s] DEBUG:colcon.colcon_core.event_handler.log_command:Invoked command in '/home/yann/ros2_ws/build/limo_car' returned '1': CMAKE_PREFIX_PATH=${CMAKE_PREFIX_PATH}:/opt/ros/humble:/home/yann/ros2_humble/install/rqt_bag_plugins:/home/yann/ros2_humble/install/rqt_bag:/home/yann/ros2_humble/install/launch_testing_examples:/home/yann/ros2_humble/install/ros2bag:/home/yann/ros2_humble/install/tracetools_test:/home/yann/ros2_humble/install/tracetools_launch:/home/yann/ros2_humble/install/topic_monitor:/home/yann/ros2_humble/install/tf2_tools:/home/yann/ros2_humble/install/examples_tf2_py:/home/yann/ros2_humble/install/tf2_ros_py:/home/yann/ros2_humble/install/sros2:/home/yann/ros2_humble/install/rqt_topic:/home/yann/ros2_humble/install/rqt_srv:/home/yann/ros2_humble/install/rqt_shell:/home/yann/ros2_humble/install/rqt_service_caller:/home/yann/ros2_humble/install/rqt_reconfigure:/home/yann/ros2_humble/install/rqt_py_console:/home/yann/ros2_humble/install/rqt_publisher:/home/yann/ros2_humble/install/rqt_plot:/home/yann/ros2_humble/install/rqt_action:/home/yann/ros2_humble/install/rqt_msg:/home/yann/ros2_humble/install/rqt_console:/home/yann/ros2_humble/install/rqt:/home/yann/ros2_humble/install/rqt_graph:/home/yann/ros2_humble/install/rqt_gui_py:/home/yann/ros2_humble/install/rqt_gui:/home/yann/ros2_humble/install/ros2trace:/home/yann/ros2_humble/install/ros2topic:/home/yann/ros2_humble/install/ros2test:/home/yann/ros2_humble/install/ros2component:/home/yann/ros2_humble/install/ros2param:/home/yann/ros2_humble/install/ros2lifecycle:/home/yann/ros2_humble/install/ros2service:/home/yann/ros2_humble/install/ros2run:/home/yann/ros2_humble/install/ros2plugin:/home/yann/ros2_humble/install/ros2launch:/home/yann/ros2_humble/install/ros2pkg:/home/yann/ros2_humble/install/ros2node:/home/yann/ros2_humble/install/ros2multicast:/home/yann/ros2_humble/install/ros2interface:/home/yann/ros2_humble/install/ros2doctor:/home/yann/ros2_humble/install/ros2action:/home/yann/ros2_humble/install/ros2cli:/home/yann/ros2_humble/install/quality_of_service_demo_py:/home/yann/ros2_humble/install/lifecycle_py:/home/yann/ros2_humble/install/launch_testing_ros:/home/yann/ros2_humble/install/launch_ros:/home/yann/ros2_humble/install/examples_rclpy_pointcloud_publisher:/home/yann/ros2_humble/install/examples_rclpy_minimal_subscriber:/home/yann/ros2_humble/install/examples_rclpy_minimal_service:/home/yann/ros2_humble/install/examples_rclpy_minimal_publisher:/home/yann/ros2_humble/install/examples_rclpy_minimal_client:/home/yann/ros2_humble/install/examples_rclpy_minimal_action_server:/home/yann/ros2_humble/install/examples_rclpy_minimal_action_client:/home/yann/ros2_humble/install/examples_rclpy_guard_conditions:/home/yann/ros2_humble/install/examples_rclpy_executors:/home/yann/ros2_humble/install/demo_nodes_py:/home/yann/ros2_humble/install/camera_info_manager_py:/home/yann/ros2_humble/install/action_tutorials_py:/home/yann/ros2_humble/install/ament_uncrustify:/home/yann/ros2_humble/install/tracetools_trace:/home/yann/ros2_humble/install/tracetools_read:/home/yann/ros2_humble/install/test_tracetools_launch:/home/yann/ros2_humble/install/test_launch_ros:/home/yann/ros2_humble/install/sensor_msgs_py:/home/yann/ros2_humble/install/rpyutils:/home/yann/ros2_humble/install/rosidl_runtime_py:/home/yann/ros2_humble/install/rosidl_cli:/home/yann/ros2_humble/install/launch_pytest:/home/yann/ros2_humble/install/launch_testing:/home/yann/ros2_humble/install/launch_yaml:/home/yann/ros2_humble/install/launch_xml:/home/yann/ros2_humble/install/launch:/home/yann/ros2_humble/install/osrf_pycommon:/home/yann/ros2_humble/install/domain_coordinator:/home/yann/ros2_humble/install/ament_xmllint:/home/yann/ros2_humble/install/ament_pyflakes:/home/yann/ros2_humble/install/ament_pycodestyle:/home/yann/ros2_humble/install/ament_pep257:/home/yann/ros2_humble/install/ament_pclint:/home/yann/ros2_humble/install/ament_package:/home/yann/ros2_humble/install/ament_mypy:/home/yann/ros2_humble/install/ament_lint_cmake:/home/yann/ros2_humble/install/ament_flake8:/home/yann/ros2_humble/install/ament_copyright:/home/yann/ros2_humble/install/ament_lint:/home/yann/ros2_humble/install/ament_index_python:/home/yann/ros2_humble/install/ament_cpplint:/home/yann/ros2_humble/install/ament_cppcheck:/home/yann/ros2_humble/install/ament_clang_tidy:/home/yann/ros2_humble/install/ament_clang_format /usr/bin/cmake --install /home/yann/ros2_ws/build/limo_car
[2.989s] Level 1:colcon.colcon_core.environment:create_environment_scripts_only(limo_car)
[2.995s] Level 1:colcon.colcon_core.environment:checking '/home/yann/ros2_ws/install/limo_car' for CMake module files
[2.995s] Level 1:colcon.colcon_core.environment:checking '/home/yann/ros2_ws/install/limo_car' for CMake config files
[2.996s] Level 1:colcon.colcon_core.environment:checking '/home/yann/ros2_ws/install/limo_car/bin'
[2.996s] Level 1:colcon.colcon_core.environment:checking '/home/yann/ros2_ws/install/limo_car/lib/pkgconfig/limo_car.pc'
[2.996s] Level 1:colcon.colcon_core.environment:checking '/home/yann/ros2_ws/install/limo_car/lib/python3.10/site-packages'
[2.996s] Level 1:colcon.colcon_core.environment:checking '/home/yann/ros2_ws/install/limo_car/bin'
[2.996s] INFO:colcon.colcon_core.shell:Creating package script '/home/yann/ros2_ws/install/limo_car/share/limo_car/package.ps1'
[2.997s] INFO:colcon.colcon_core.shell:Creating package descriptor '/home/yann/ros2_ws/install/limo_car/share/limo_car/package.dsv'
[2.998s] INFO:colcon.colcon_core.shell:Creating package script '/home/yann/ros2_ws/install/limo_car/share/limo_car/package.sh'
[2.998s] INFO:colcon.colcon_core.shell:Creating package script '/home/yann/ros2_ws/install/limo_car/share/limo_car/package.bash'
[2.999s] INFO:colcon.colcon_core.shell:Creating package script '/home/yann/ros2_ws/install/limo_car/share/limo_car/package.zsh'
[2.999s] Level 1:colcon.colcon_core.environment:create_file_with_runtime_dependencies(/home/yann/ros2_ws/install/limo_car/share/colcon-core/packages/limo_car)
[6.161s] DEBUG:colcon.colcon_parallel_executor.executor.parallel:closing loop
[6.162s] DEBUG:colcon.colcon_parallel_executor.executor.parallel:loop closed
[6.162s] DEBUG:colcon.colcon_parallel_executor.executor.parallel:run_until_complete finished with '1'
[6.162s] DEBUG:colcon.colcon_core.event_reactor:joining thread
[6.174s] INFO:colcon.colcon_core.plugin_system:Skipping extension 'colcon_notification.desktop_notification.terminal_notifier': Not used on non-Darwin systems
[6.174s] INFO:colcon.colcon_core.plugin_system:Skipping extension 'colcon_notification.desktop_notification.win32': Not used on non-Windows systems
[6.174s] INFO:colcon.colcon_notification.desktop_notification:Sending desktop notification using 'notify2'
[6.184s] DEBUG:colcon.colcon_core.event_reactor:joined thread
[6.184s] INFO:colcon.colcon_core.shell:Creating prefix script '/home/yann/ros2_ws/install/local_setup.ps1'
[6.185s] INFO:colcon.colcon_core.shell:Creating prefix util module '/home/yann/ros2_ws/install/_local_setup_util_ps1.py'
[6.186s] INFO:colcon.colcon_core.shell:Creating prefix chain script '/home/yann/ros2_ws/install/setup.ps1'
[6.199s] INFO:colcon.colcon_core.shell:Creating prefix script '/home/yann/ros2_ws/install/local_setup.sh'
[6.200s] INFO:colcon.colcon_core.shell:Creating prefix util module '/home/yann/ros2_ws/install/_local_setup_util_sh.py'
[6.200s] INFO:colcon.colcon_core.shell:Creating prefix chain script '/home/yann/ros2_ws/install/setup.sh'
[6.214s] INFO:colcon.colcon_core.shell:Creating prefix script '/home/yann/ros2_ws/install/local_setup.bash'
[6.214s] INFO:colcon.colcon_core.shell:Creating prefix chain script '/home/yann/ros2_ws/install/setup.bash'
[6.227s] INFO:colcon.colcon_core.shell:Creating prefix script '/home/yann/ros2_ws/install/local_setup.zsh'
[6.228s] INFO:colcon.colcon_core.shell:Creating prefix chain script '/home/yann/ros2_ws/install/setup.zsh'
