[0.214s] DEBUG:colcon:Command line arguments: ['/usr/bin/colcon', 'build', '--symlink-install']
[0.214s] DEBUG:colcon:Parsed command line arguments: Namespace(log_base=None, log_level=None, verb_name='build', build_base='build', install_base='install', merge_install=False, symlink_install=True, test_result_base=None, continue_on_error=False, executor='parallel', parallel_workers=16, event_handlers=None, ignore_user_meta=False, metas=['./colcon.meta'], base_paths=['.'], packages_ignore=None, packages_ignore_regex=None, paths=None, packages_up_to=None, packages_up_to_regex=None, packages_above=None, packages_above_and_dependencies=None, packages_above_depth=None, packages_select_by_dep=None, packages_skip_by_dep=None, packages_skip_up_to=None, packages_select_build_failed=False, packages_skip_build_finished=False, packages_select_test_failures=False, packages_skip_test_passed=False, packages_select=None, packages_skip=None, packages_select_regex=None, packages_skip_regex=None, packages_start=None, packages_end=None, allow_overriding=[], cmake_args=None, cmake_target=None, cmake_target_skip_unavailable=False, cmake_clean_cache=False, cmake_clean_first=False, cmake_force_configure=False, ament_cmake_args=None, catkin_cmake_args=None, catkin_skip_building_tests=False, mixin_files=None, mixin=None, verb_parser=<colcon_mixin.mixin.mixin_argument.MixinArgumentDecorator object at 0x78d3e0ac9300>, verb_extension=<colcon_core.verb.build.BuildVerb object at 0x78d3e0ac8700>, main=<bound method BuildVerb.main of <colcon_core.verb.build.BuildVerb object at 0x78d3e0ac8700>>, mixin_verb=('build',))
[0.458s] Level 1:colcon.colcon_core.package_discovery:discover_packages(colcon_meta) check parameters
[0.458s] Level 1:colcon.colcon_core.package_discovery:discover_packages(recursive) check parameters
[0.458s] Level 1:colcon.colcon_core.package_discovery:discover_packages(ignore) check parameters
[0.458s] Level 1:colcon.colcon_core.package_discovery:discover_packages(path) check parameters
[0.458s] Level 1:colcon.colcon_core.package_discovery:discover_packages(colcon_meta) discover
[0.458s] Level 1:colcon.colcon_core.package_discovery:discover_packages(recursive) discover
[0.458s] INFO:colcon.colcon_core.package_discovery:Crawling recursively for packages in '/home/yann/ros2_ws'
[0.458s] Level 1:colcon.colcon_core.package_identification:_identify(.) by extensions ['ignore', 'ignore_ament_install']
[0.458s] Level 1:colcon.colcon_core.package_identification:_identify(.) by extension 'ignore'
[0.458s] Level 1:colcon.colcon_core.package_identification:_identify(.) by extension 'ignore_ament_install'
[0.458s] Level 1:colcon.colcon_core.package_identification:_identify(.) by extensions ['colcon_pkg']
[0.458s] Level 1:colcon.colcon_core.package_identification:_identify(.) by extension 'colcon_pkg'
[0.458s] Level 1:colcon.colcon_core.package_identification:_identify(.) by extensions ['colcon_meta']
[0.458s] Level 1:colcon.colcon_core.package_identification:_identify(.) by extension 'colcon_meta'
[0.459s] Level 1:colcon.colcon_core.package_identification:_identify(.) by extensions ['ros']
[0.459s] Level 1:colcon.colcon_core.package_identification:_identify(.) by extension 'ros'
[0.469s] Level 1:colcon.colcon_core.package_identification:_identify(.) by extensions ['cmake', 'python']
[0.470s] Level 1:colcon.colcon_core.package_identification:_identify(.) by extension 'cmake'
[0.470s] Level 1:colcon.colcon_core.package_identification:_identify(.) by extension 'python'
[0.470s] Level 1:colcon.colcon_core.package_identification:_identify(.) by extensions ['python_setup_py']
[0.470s] Level 1:colcon.colcon_core.package_identification:_identify(.) by extension 'python_setup_py'
[0.470s] Level 1:colcon.colcon_core.package_identification:_identify(build) by extensions ['ignore', 'ignore_ament_install']
[0.470s] Level 1:colcon.colcon_core.package_identification:_identify(build) by extension 'ignore'
[0.470s] Level 1:colcon.colcon_core.package_identification:_identify(build) ignored
[0.470s] Level 1:colcon.colcon_core.package_identification:_identify(install) by extensions ['ignore', 'ignore_ament_install']
[0.470s] Level 1:colcon.colcon_core.package_identification:_identify(install) by extension 'ignore'
[0.471s] Level 1:colcon.colcon_core.package_identification:_identify(install) ignored
[0.471s] Level 1:colcon.colcon_core.package_identification:_identify(log) by extensions ['ignore', 'ignore_ament_install']
[0.471s] Level 1:colcon.colcon_core.package_identification:_identify(log) by extension 'ignore'
[0.471s] Level 1:colcon.colcon_core.package_identification:_identify(log) ignored
[0.471s] Level 1:colcon.colcon_core.package_identification:_identify(src) by extensions ['ignore', 'ignore_ament_install']
[0.471s] Level 1:colcon.colcon_core.package_identification:_identify(src) by extension 'ignore'
[0.471s] Level 1:colcon.colcon_core.package_identification:_identify(src) by extension 'ignore_ament_install'
[0.471s] Level 1:colcon.colcon_core.package_identification:_identify(src) by extensions ['colcon_pkg']
[0.471s] Level 1:colcon.colcon_core.package_identification:_identify(src) by extension 'colcon_pkg'
[0.471s] Level 1:colcon.colcon_core.package_identification:_identify(src) by extensions ['colcon_meta']
[0.471s] Level 1:colcon.colcon_core.package_identification:_identify(src) by extension 'colcon_meta'
[0.471s] Level 1:colcon.colcon_core.package_identification:_identify(src) by extensions ['ros']
[0.471s] Level 1:colcon.colcon_core.package_identification:_identify(src) by extension 'ros'
[0.471s] Level 1:colcon.colcon_core.package_identification:_identify(src) by extensions ['cmake', 'python']
[0.471s] Level 1:colcon.colcon_core.package_identification:_identify(src) by extension 'cmake'
[0.471s] Level 1:colcon.colcon_core.package_identification:_identify(src) by extension 'python'
[0.471s] Level 1:colcon.colcon_core.package_identification:_identify(src) by extensions ['python_setup_py']
[0.471s] Level 1:colcon.colcon_core.package_identification:_identify(src) by extension 'python_setup_py'
[0.471s] Level 1:colcon.colcon_core.package_identification:_identify(src/limo_ros2) by extensions ['ignore', 'ignore_ament_install']
[0.471s] Level 1:colcon.colcon_core.package_identification:_identify(src/limo_ros2) by extension 'ignore'
[0.471s] Level 1:colcon.colcon_core.package_identification:_identify(src/limo_ros2) by extension 'ignore_ament_install'
[0.471s] Level 1:colcon.colcon_core.package_identification:_identify(src/limo_ros2) by extensions ['colcon_pkg']
[0.471s] Level 1:colcon.colcon_core.package_identification:_identify(src/limo_ros2) by extension 'colcon_pkg'
[0.472s] Level 1:colcon.colcon_core.package_identification:_identify(src/limo_ros2) by extensions ['colcon_meta']
[0.472s] Level 1:colcon.colcon_core.package_identification:_identify(src/limo_ros2) by extension 'colcon_meta'
[0.472s] Level 1:colcon.colcon_core.package_identification:_identify(src/limo_ros2) by extensions ['ros']
[0.472s] Level 1:colcon.colcon_core.package_identification:_identify(src/limo_ros2) by extension 'ros'
[0.472s] Level 1:colcon.colcon_core.package_identification:_identify(src/limo_ros2) by extensions ['cmake', 'python']
[0.472s] Level 1:colcon.colcon_core.package_identification:_identify(src/limo_ros2) by extension 'cmake'
[0.472s] Level 1:colcon.colcon_core.package_identification:_identify(src/limo_ros2) by extension 'python'
[0.472s] Level 1:colcon.colcon_core.package_identification:_identify(src/limo_ros2) by extensions ['python_setup_py']
[0.472s] Level 1:colcon.colcon_core.package_identification:_identify(src/limo_ros2) by extension 'python_setup_py'
[0.472s] Level 1:colcon.colcon_core.package_identification:_identify(src/limo_ros2/limo_base) by extensions ['ignore', 'ignore_ament_install']
[0.472s] Level 1:colcon.colcon_core.package_identification:_identify(src/limo_ros2/limo_base) by extension 'ignore'
[0.472s] Level 1:colcon.colcon_core.package_identification:_identify(src/limo_ros2/limo_base) by extension 'ignore_ament_install'
[0.472s] Level 1:colcon.colcon_core.package_identification:_identify(src/limo_ros2/limo_base) by extensions ['colcon_pkg']
[0.472s] Level 1:colcon.colcon_core.package_identification:_identify(src/limo_ros2/limo_base) by extension 'colcon_pkg'
[0.472s] Level 1:colcon.colcon_core.package_identification:_identify(src/limo_ros2/limo_base) by extensions ['colcon_meta']
[0.472s] Level 1:colcon.colcon_core.package_identification:_identify(src/limo_ros2/limo_base) by extension 'colcon_meta'
[0.472s] Level 1:colcon.colcon_core.package_identification:_identify(src/limo_ros2/limo_base) by extensions ['ros']
[0.472s] Level 1:colcon.colcon_core.package_identification:_identify(src/limo_ros2/limo_base) by extension 'ros'
[0.474s] DEBUG:colcon.colcon_core.package_identification:Package 'src/limo_ros2/limo_base' with type 'ros.ament_cmake' and name 'limo_base'
[0.475s] Level 1:colcon.colcon_core.package_identification:_identify(src/limo_ros2/limo_car) by extensions ['ignore', 'ignore_ament_install']
[0.475s] Level 1:colcon.colcon_core.package_identification:_identify(src/limo_ros2/limo_car) by extension 'ignore'
[0.475s] Level 1:colcon.colcon_core.package_identification:_identify(src/limo_ros2/limo_car) by extension 'ignore_ament_install'
[0.475s] Level 1:colcon.colcon_core.package_identification:_identify(src/limo_ros2/limo_car) by extensions ['colcon_pkg']
[0.475s] Level 1:colcon.colcon_core.package_identification:_identify(src/limo_ros2/limo_car) by extension 'colcon_pkg'
[0.475s] Level 1:colcon.colcon_core.package_identification:_identify(src/limo_ros2/limo_car) by extensions ['colcon_meta']
[0.475s] Level 1:colcon.colcon_core.package_identification:_identify(src/limo_ros2/limo_car) by extension 'colcon_meta'
[0.475s] Level 1:colcon.colcon_core.package_identification:_identify(src/limo_ros2/limo_car) by extensions ['ros']
[0.475s] Level 1:colcon.colcon_core.package_identification:_identify(src/limo_ros2/limo_car) by extension 'ros'
[0.476s] DEBUG:colcon.colcon_core.package_identification:Package 'src/limo_ros2/limo_car' with type 'ros.ament_cmake' and name 'limo_car'
[0.476s] Level 1:colcon.colcon_core.package_identification:_identify(src/limo_ros2/limo_description) by extensions ['ignore', 'ignore_ament_install']
[0.476s] Level 1:colcon.colcon_core.package_identification:_identify(src/limo_ros2/limo_description) by extension 'ignore'
[0.476s] Level 1:colcon.colcon_core.package_identification:_identify(src/limo_ros2/limo_description) by extension 'ignore_ament_install'
[0.476s] Level 1:colcon.colcon_core.package_identification:_identify(src/limo_ros2/limo_description) by extensions ['colcon_pkg']
[0.476s] Level 1:colcon.colcon_core.package_identification:_identify(src/limo_ros2/limo_description) by extension 'colcon_pkg'
[0.476s] Level 1:colcon.colcon_core.package_identification:_identify(src/limo_ros2/limo_description) by extensions ['colcon_meta']
[0.476s] Level 1:colcon.colcon_core.package_identification:_identify(src/limo_ros2/limo_description) by extension 'colcon_meta'
[0.476s] Level 1:colcon.colcon_core.package_identification:_identify(src/limo_ros2/limo_description) by extensions ['ros']
[0.476s] Level 1:colcon.colcon_core.package_identification:_identify(src/limo_ros2/limo_description) by extension 'ros'
[0.477s] DEBUG:colcon.colcon_core.package_identification:Package 'src/limo_ros2/limo_description' with type 'ros.ament_cmake' and name 'limo_description'
[0.477s] Level 1:colcon.colcon_core.package_identification:_identify(src/limo_ros2/limo_msgs) by extensions ['ignore', 'ignore_ament_install']
[0.477s] Level 1:colcon.colcon_core.package_identification:_identify(src/limo_ros2/limo_msgs) by extension 'ignore'
[0.477s] Level 1:colcon.colcon_core.package_identification:_identify(src/limo_ros2/limo_msgs) by extension 'ignore_ament_install'
[0.477s] Level 1:colcon.colcon_core.package_identification:_identify(src/limo_ros2/limo_msgs) by extensions ['colcon_pkg']
[0.477s] Level 1:colcon.colcon_core.package_identification:_identify(src/limo_ros2/limo_msgs) by extension 'colcon_pkg'
[0.477s] Level 1:colcon.colcon_core.package_identification:_identify(src/limo_ros2/limo_msgs) by extensions ['colcon_meta']
[0.477s] Level 1:colcon.colcon_core.package_identification:_identify(src/limo_ros2/limo_msgs) by extension 'colcon_meta'
[0.477s] Level 1:colcon.colcon_core.package_identification:_identify(src/limo_ros2/limo_msgs) by extensions ['ros']
[0.477s] Level 1:colcon.colcon_core.package_identification:_identify(src/limo_ros2/limo_msgs) by extension 'ros'
[0.478s] DEBUG:colcon.colcon_core.package_identification:Package 'src/limo_ros2/limo_msgs' with type 'ros.ament_cmake' and name 'limo_msgs'
[0.478s] Level 1:colcon.colcon_core.package_discovery:discover_packages(recursive) using defaults
[0.478s] Level 1:colcon.colcon_core.package_discovery:discover_packages(ignore) discover
[0.478s] Level 1:colcon.colcon_core.package_discovery:discover_packages(ignore) using defaults
[0.478s] Level 1:colcon.colcon_core.package_discovery:discover_packages(path) discover
[0.478s] Level 1:colcon.colcon_core.package_discovery:discover_packages(path) using defaults
[0.518s] Level 1:colcon.colcon_core.package_discovery:discover_packages(prefix_path) check parameters
[0.518s] Level 1:colcon.colcon_core.package_discovery:discover_packages(prefix_path) discover
[0.519s] WARNING:colcon.colcon_ros.prefix_path.ament:The path '/home/yann/ros2_ws/install/limo_base' in the environment variable AMENT_PREFIX_PATH doesn't exist
[0.519s] WARNING:colcon.colcon_ros.prefix_path.ament:The path '/home/yann/ros2_ws/install/limo_msgs' in the environment variable AMENT_PREFIX_PATH doesn't exist
[0.528s] WARNING:colcon.colcon_ros.prefix_path.catkin:The path '/home/yann/ros2_ws/install/limo_base' in the environment variable CMAKE_PREFIX_PATH doesn't exist
[0.528s] WARNING:colcon.colcon_ros.prefix_path.catkin:The path '/home/yann/ros2_ws/install/limo_msgs' in the environment variable CMAKE_PREFIX_PATH doesn't exist
[0.530s] DEBUG:colcon.colcon_installed_package_information.package_discovery:Found 1 installed packages in /home/yann/ros2_ws/install
[0.538s] DEBUG:colcon.colcon_installed_package_information.package_discovery:Found 347 installed packages in /home/yann/ros2_humble/install
[0.540s] DEBUG:colcon.colcon_installed_package_information.package_discovery:Found 198 installed packages in /opt/ros/humble
[0.546s] Level 1:colcon.colcon_core.package_discovery:discover_packages(prefix_path) using defaults
[0.589s] Level 5:colcon.colcon_core.verb:set package 'limo_car' build argument 'cmake_args' from command line to 'None'
[0.589s] Level 5:colcon.colcon_core.verb:set package 'limo_car' build argument 'cmake_target' from command line to 'None'
[0.589s] Level 5:colcon.colcon_core.verb:set package 'limo_car' build argument 'cmake_target_skip_unavailable' from command line to 'False'
[0.589s] Level 5:colcon.colcon_core.verb:set package 'limo_car' build argument 'cmake_clean_cache' from command line to 'False'
[0.589s] Level 5:colcon.colcon_core.verb:set package 'limo_car' build argument 'cmake_clean_first' from command line to 'False'
[0.589s] Level 5:colcon.colcon_core.verb:set package 'limo_car' build argument 'cmake_force_configure' from command line to 'False'
[0.590s] Level 5:colcon.colcon_core.verb:set package 'limo_car' build argument 'ament_cmake_args' from command line to 'None'
[0.590s] Level 5:colcon.colcon_core.verb:set package 'limo_car' build argument 'catkin_cmake_args' from command line to 'None'
[0.590s] Level 5:colcon.colcon_core.verb:set package 'limo_car' build argument 'catkin_skip_building_tests' from command line to 'False'
[0.590s] DEBUG:colcon.colcon_core.verb:Building package 'limo_car' with the following arguments: {'ament_cmake_args': None, 'build_base': '/home/yann/ros2_ws/build/limo_car', 'catkin_cmake_args': None, 'catkin_skip_building_tests': False, 'cmake_args': None, 'cmake_clean_cache': False, 'cmake_clean_first': False, 'cmake_force_configure': False, 'cmake_target': None, 'cmake_target_skip_unavailable': False, 'install_base': '/home/yann/ros2_ws/install/limo_car', 'merge_install': False, 'path': '/home/yann/ros2_ws/src/limo_ros2/limo_car', 'symlink_install': True, 'test_result_base': None}
[0.590s] Level 5:colcon.colcon_core.verb:set package 'limo_description' build argument 'cmake_args' from command line to 'None'
[0.590s] Level 5:colcon.colcon_core.verb:set package 'limo_description' build argument 'cmake_target' from command line to 'None'
[0.590s] Level 5:colcon.colcon_core.verb:set package 'limo_description' build argument 'cmake_target_skip_unavailable' from command line to 'False'
[0.590s] Level 5:colcon.colcon_core.verb:set package 'limo_description' build argument 'cmake_clean_cache' from command line to 'False'
[0.590s] Level 5:colcon.colcon_core.verb:set package 'limo_description' build argument 'cmake_clean_first' from command line to 'False'
[0.590s] Level 5:colcon.colcon_core.verb:set package 'limo_description' build argument 'cmake_force_configure' from command line to 'False'
[0.590s] Level 5:colcon.colcon_core.verb:set package 'limo_description' build argument 'ament_cmake_args' from command line to 'None'
[0.590s] Level 5:colcon.colcon_core.verb:set package 'limo_description' build argument 'catkin_cmake_args' from command line to 'None'
[0.590s] Level 5:colcon.colcon_core.verb:set package 'limo_description' build argument 'catkin_skip_building_tests' from command line to 'False'
[0.590s] DEBUG:colcon.colcon_core.verb:Building package 'limo_description' with the following arguments: {'ament_cmake_args': None, 'build_base': '/home/yann/ros2_ws/build/limo_description', 'catkin_cmake_args': None, 'catkin_skip_building_tests': False, 'cmake_args': None, 'cmake_clean_cache': False, 'cmake_clean_first': False, 'cmake_force_configure': False, 'cmake_target': None, 'cmake_target_skip_unavailable': False, 'install_base': '/home/yann/ros2_ws/install/limo_description', 'merge_install': False, 'path': '/home/yann/ros2_ws/src/limo_ros2/limo_description', 'symlink_install': True, 'test_result_base': None}
[0.590s] Level 5:colcon.colcon_core.verb:set package 'limo_msgs' build argument 'cmake_args' from command line to 'None'
[0.590s] Level 5:colcon.colcon_core.verb:set package 'limo_msgs' build argument 'cmake_target' from command line to 'None'
[0.591s] Level 5:colcon.colcon_core.verb:set package 'limo_msgs' build argument 'cmake_target_skip_unavailable' from command line to 'False'
[0.591s] Level 5:colcon.colcon_core.verb:set package 'limo_msgs' build argument 'cmake_clean_cache' from command line to 'False'
[0.591s] Level 5:colcon.colcon_core.verb:set package 'limo_msgs' build argument 'cmake_clean_first' from command line to 'False'
[0.591s] Level 5:colcon.colcon_core.verb:set package 'limo_msgs' build argument 'cmake_force_configure' from command line to 'False'
[0.591s] Level 5:colcon.colcon_core.verb:set package 'limo_msgs' build argument 'ament_cmake_args' from command line to 'None'
[0.591s] Level 5:colcon.colcon_core.verb:set package 'limo_msgs' build argument 'catkin_cmake_args' from command line to 'None'
[0.591s] Level 5:colcon.colcon_core.verb:set package 'limo_msgs' build argument 'catkin_skip_building_tests' from command line to 'False'
[0.591s] DEBUG:colcon.colcon_core.verb:Building package 'limo_msgs' with the following arguments: {'ament_cmake_args': None, 'build_base': '/home/yann/ros2_ws/build/limo_msgs', 'catkin_cmake_args': None, 'catkin_skip_building_tests': False, 'cmake_args': None, 'cmake_clean_cache': False, 'cmake_clean_first': False, 'cmake_force_configure': False, 'cmake_target': None, 'cmake_target_skip_unavailable': False, 'install_base': '/home/yann/ros2_ws/install/limo_msgs', 'merge_install': False, 'path': '/home/yann/ros2_ws/src/limo_ros2/limo_msgs', 'symlink_install': True, 'test_result_base': None}
[0.591s] Level 5:colcon.colcon_core.verb:set package 'limo_base' build argument 'cmake_args' from command line to 'None'
[0.591s] Level 5:colcon.colcon_core.verb:set package 'limo_base' build argument 'cmake_target' from command line to 'None'
[0.591s] Level 5:colcon.colcon_core.verb:set package 'limo_base' build argument 'cmake_target_skip_unavailable' from command line to 'False'
[0.591s] Level 5:colcon.colcon_core.verb:set package 'limo_base' build argument 'cmake_clean_cache' from command line to 'False'
[0.591s] Level 5:colcon.colcon_core.verb:set package 'limo_base' build argument 'cmake_clean_first' from command line to 'False'
[0.591s] Level 5:colcon.colcon_core.verb:set package 'limo_base' build argument 'cmake_force_configure' from command line to 'False'
[0.591s] Level 5:colcon.colcon_core.verb:set package 'limo_base' build argument 'ament_cmake_args' from command line to 'None'
[0.591s] Level 5:colcon.colcon_core.verb:set package 'limo_base' build argument 'catkin_cmake_args' from command line to 'None'
[0.591s] Level 5:colcon.colcon_core.verb:set package 'limo_base' build argument 'catkin_skip_building_tests' from command line to 'False'
[0.591s] DEBUG:colcon.colcon_core.verb:Building package 'limo_base' with the following arguments: {'ament_cmake_args': None, 'build_base': '/home/yann/ros2_ws/build/limo_base', 'catkin_cmake_args': None, 'catkin_skip_building_tests': False, 'cmake_args': None, 'cmake_clean_cache': False, 'cmake_clean_first': False, 'cmake_force_configure': False, 'cmake_target': None, 'cmake_target_skip_unavailable': False, 'install_base': '/home/yann/ros2_ws/install/limo_base', 'merge_install': False, 'path': '/home/yann/ros2_ws/src/limo_ros2/limo_base', 'symlink_install': True, 'test_result_base': None}
[0.591s] INFO:colcon.colcon_core.executor:Executing jobs using 'parallel' executor
[0.592s] DEBUG:colcon.colcon_parallel_executor.executor.parallel:run_until_complete
[0.592s] INFO:colcon.colcon_ros.task.ament_cmake.build:Building ROS package in '/home/yann/ros2_ws/src/limo_ros2/limo_msgs' with build type 'ament_cmake'
[0.593s] INFO:colcon.colcon_cmake.task.cmake.build:Building CMake package in '/home/yann/ros2_ws/src/limo_ros2/limo_msgs'
[0.598s] INFO:colcon.colcon_core.plugin_system:Skipping extension 'colcon_core.shell.bat': Not used on non-Windows systems
[0.598s] INFO:colcon.colcon_core.shell:Skip shell extension 'powershell' for command environment: Not usable outside of PowerShell
[0.598s] DEBUG:colcon.colcon_core.shell:Skip shell extension 'dsv' for command environment
[0.620s] INFO:colcon.colcon_ros.task.ament_cmake.build:Building ROS package in '/home/yann/ros2_ws/src/limo_ros2/limo_car' with build type 'ament_cmake'
[0.620s] INFO:colcon.colcon_cmake.task.cmake.build:Building CMake package in '/home/yann/ros2_ws/src/limo_ros2/limo_car'
[0.621s] INFO:colcon.colcon_core.shell:Skip shell extension 'powershell' for command environment: Not usable outside of PowerShell
[0.621s] DEBUG:colcon.colcon_core.shell:Skip shell extension 'dsv' for command environment
[0.643s] INFO:colcon.colcon_ros.task.ament_cmake.build:Building ROS package in '/home/yann/ros2_ws/src/limo_ros2/limo_description' with build type 'ament_cmake'
[0.643s] INFO:colcon.colcon_cmake.task.cmake.build:Building CMake package in '/home/yann/ros2_ws/src/limo_ros2/limo_description'
[0.644s] INFO:colcon.colcon_core.shell:Skip shell extension 'powershell' for command environment: Not usable outside of PowerShell
[0.644s] DEBUG:colcon.colcon_core.shell:Skip shell extension 'dsv' for command environment
[0.670s] DEBUG:colcon.colcon_core.event_handler.log_command:Invoking command in '/home/yann/ros2_ws/build/limo_msgs': CMAKE_PREFIX_PATH=${CMAKE_PREFIX_PATH}:/opt/ros/humble:/home/yann/ros2_humble/install/rqt_bag_plugins:/home/yann/ros2_humble/install/rqt_bag:/home/yann/ros2_humble/install/launch_testing_examples:/home/yann/ros2_humble/install/ros2bag:/home/yann/ros2_humble/install/tracetools_test:/home/yann/ros2_humble/install/tracetools_launch:/home/yann/ros2_humble/install/topic_monitor:/home/yann/ros2_humble/install/tf2_tools:/home/yann/ros2_humble/install/examples_tf2_py:/home/yann/ros2_humble/install/tf2_ros_py:/home/yann/ros2_humble/install/sros2:/home/yann/ros2_humble/install/rqt_topic:/home/yann/ros2_humble/install/rqt_srv:/home/yann/ros2_humble/install/rqt_shell:/home/yann/ros2_humble/install/rqt_service_caller:/home/yann/ros2_humble/install/rqt_reconfigure:/home/yann/ros2_humble/install/rqt_py_console:/home/yann/ros2_humble/install/rqt_publisher:/home/yann/ros2_humble/install/rqt_plot:/home/yann/ros2_humble/install/rqt_action:/home/yann/ros2_humble/install/rqt_msg:/home/yann/ros2_humble/install/rqt_console:/home/yann/ros2_humble/install/rqt:/home/yann/ros2_humble/install/rqt_graph:/home/yann/ros2_humble/install/rqt_gui_py:/home/yann/ros2_humble/install/rqt_gui:/home/yann/ros2_humble/install/ros2trace:/home/yann/ros2_humble/install/ros2topic:/home/yann/ros2_humble/install/ros2test:/home/yann/ros2_humble/install/ros2component:/home/yann/ros2_humble/install/ros2param:/home/yann/ros2_humble/install/ros2lifecycle:/home/yann/ros2_humble/install/ros2service:/home/yann/ros2_humble/install/ros2run:/home/yann/ros2_humble/install/ros2plugin:/home/yann/ros2_humble/install/ros2launch:/home/yann/ros2_humble/install/ros2pkg:/home/yann/ros2_humble/install/ros2node:/home/yann/ros2_humble/install/ros2multicast:/home/yann/ros2_humble/install/ros2interface:/home/yann/ros2_humble/install/ros2doctor:/home/yann/ros2_humble/install/ros2action:/home/yann/ros2_humble/install/ros2cli:/home/yann/ros2_humble/install/quality_of_service_demo_py:/home/yann/ros2_humble/install/lifecycle_py:/home/yann/ros2_humble/install/launch_testing_ros:/home/yann/ros2_humble/install/launch_ros:/home/yann/ros2_humble/install/examples_rclpy_pointcloud_publisher:/home/yann/ros2_humble/install/examples_rclpy_minimal_subscriber:/home/yann/ros2_humble/install/examples_rclpy_minimal_service:/home/yann/ros2_humble/install/examples_rclpy_minimal_publisher:/home/yann/ros2_humble/install/examples_rclpy_minimal_client:/home/yann/ros2_humble/install/examples_rclpy_minimal_action_server:/home/yann/ros2_humble/install/examples_rclpy_minimal_action_client:/home/yann/ros2_humble/install/examples_rclpy_guard_conditions:/home/yann/ros2_humble/install/examples_rclpy_executors:/home/yann/ros2_humble/install/demo_nodes_py:/home/yann/ros2_humble/install/camera_info_manager_py:/home/yann/ros2_humble/install/action_tutorials_py:/home/yann/ros2_humble/install/ament_uncrustify:/home/yann/ros2_humble/install/tracetools_trace:/home/yann/ros2_humble/install/tracetools_read:/home/yann/ros2_humble/install/test_tracetools_launch:/home/yann/ros2_humble/install/test_launch_ros:/home/yann/ros2_humble/install/sensor_msgs_py:/home/yann/ros2_humble/install/rpyutils:/home/yann/ros2_humble/install/rosidl_runtime_py:/home/yann/ros2_humble/install/rosidl_cli:/home/yann/ros2_humble/install/launch_pytest:/home/yann/ros2_humble/install/launch_testing:/home/yann/ros2_humble/install/launch_yaml:/home/yann/ros2_humble/install/launch_xml:/home/yann/ros2_humble/install/launch:/home/yann/ros2_humble/install/osrf_pycommon:/home/yann/ros2_humble/install/domain_coordinator:/home/yann/ros2_humble/install/ament_xmllint:/home/yann/ros2_humble/install/ament_pyflakes:/home/yann/ros2_humble/install/ament_pycodestyle:/home/yann/ros2_humble/install/ament_pep257:/home/yann/ros2_humble/install/ament_pclint:/home/yann/ros2_humble/install/ament_package:/home/yann/ros2_humble/install/ament_mypy:/home/yann/ros2_humble/install/ament_lint_cmake:/home/yann/ros2_humble/install/ament_flake8:/home/yann/ros2_humble/install/ament_copyright:/home/yann/ros2_humble/install/ament_lint:/home/yann/ros2_humble/install/ament_index_python:/home/yann/ros2_humble/install/ament_cpplint:/home/yann/ros2_humble/install/ament_cppcheck:/home/yann/ros2_humble/install/ament_clang_tidy:/home/yann/ros2_humble/install/ament_clang_format /usr/bin/cmake --build /home/yann/ros2_ws/build/limo_msgs -- -j16 -l16
[0.682s] DEBUG:colcon.colcon_core.event_handler.log_command:Invoking command in '/home/yann/ros2_ws/build/limo_car': CMAKE_PREFIX_PATH=${CMAKE_PREFIX_PATH}:/opt/ros/humble:/home/yann/ros2_humble/install/rqt_bag_plugins:/home/yann/ros2_humble/install/rqt_bag:/home/yann/ros2_humble/install/launch_testing_examples:/home/yann/ros2_humble/install/ros2bag:/home/yann/ros2_humble/install/tracetools_test:/home/yann/ros2_humble/install/tracetools_launch:/home/yann/ros2_humble/install/topic_monitor:/home/yann/ros2_humble/install/tf2_tools:/home/yann/ros2_humble/install/examples_tf2_py:/home/yann/ros2_humble/install/tf2_ros_py:/home/yann/ros2_humble/install/sros2:/home/yann/ros2_humble/install/rqt_topic:/home/yann/ros2_humble/install/rqt_srv:/home/yann/ros2_humble/install/rqt_shell:/home/yann/ros2_humble/install/rqt_service_caller:/home/yann/ros2_humble/install/rqt_reconfigure:/home/yann/ros2_humble/install/rqt_py_console:/home/yann/ros2_humble/install/rqt_publisher:/home/yann/ros2_humble/install/rqt_plot:/home/yann/ros2_humble/install/rqt_action:/home/yann/ros2_humble/install/rqt_msg:/home/yann/ros2_humble/install/rqt_console:/home/yann/ros2_humble/install/rqt:/home/yann/ros2_humble/install/rqt_graph:/home/yann/ros2_humble/install/rqt_gui_py:/home/yann/ros2_humble/install/rqt_gui:/home/yann/ros2_humble/install/ros2trace:/home/yann/ros2_humble/install/ros2topic:/home/yann/ros2_humble/install/ros2test:/home/yann/ros2_humble/install/ros2component:/home/yann/ros2_humble/install/ros2param:/home/yann/ros2_humble/install/ros2lifecycle:/home/yann/ros2_humble/install/ros2service:/home/yann/ros2_humble/install/ros2run:/home/yann/ros2_humble/install/ros2plugin:/home/yann/ros2_humble/install/ros2launch:/home/yann/ros2_humble/install/ros2pkg:/home/yann/ros2_humble/install/ros2node:/home/yann/ros2_humble/install/ros2multicast:/home/yann/ros2_humble/install/ros2interface:/home/yann/ros2_humble/install/ros2doctor:/home/yann/ros2_humble/install/ros2action:/home/yann/ros2_humble/install/ros2cli:/home/yann/ros2_humble/install/quality_of_service_demo_py:/home/yann/ros2_humble/install/lifecycle_py:/home/yann/ros2_humble/install/launch_testing_ros:/home/yann/ros2_humble/install/launch_ros:/home/yann/ros2_humble/install/examples_rclpy_pointcloud_publisher:/home/yann/ros2_humble/install/examples_rclpy_minimal_subscriber:/home/yann/ros2_humble/install/examples_rclpy_minimal_service:/home/yann/ros2_humble/install/examples_rclpy_minimal_publisher:/home/yann/ros2_humble/install/examples_rclpy_minimal_client:/home/yann/ros2_humble/install/examples_rclpy_minimal_action_server:/home/yann/ros2_humble/install/examples_rclpy_minimal_action_client:/home/yann/ros2_humble/install/examples_rclpy_guard_conditions:/home/yann/ros2_humble/install/examples_rclpy_executors:/home/yann/ros2_humble/install/demo_nodes_py:/home/yann/ros2_humble/install/camera_info_manager_py:/home/yann/ros2_humble/install/action_tutorials_py:/home/yann/ros2_humble/install/ament_uncrustify:/home/yann/ros2_humble/install/tracetools_trace:/home/yann/ros2_humble/install/tracetools_read:/home/yann/ros2_humble/install/test_tracetools_launch:/home/yann/ros2_humble/install/test_launch_ros:/home/yann/ros2_humble/install/sensor_msgs_py:/home/yann/ros2_humble/install/rpyutils:/home/yann/ros2_humble/install/rosidl_runtime_py:/home/yann/ros2_humble/install/rosidl_cli:/home/yann/ros2_humble/install/launch_pytest:/home/yann/ros2_humble/install/launch_testing:/home/yann/ros2_humble/install/launch_yaml:/home/yann/ros2_humble/install/launch_xml:/home/yann/ros2_humble/install/launch:/home/yann/ros2_humble/install/osrf_pycommon:/home/yann/ros2_humble/install/domain_coordinator:/home/yann/ros2_humble/install/ament_xmllint:/home/yann/ros2_humble/install/ament_pyflakes:/home/yann/ros2_humble/install/ament_pycodestyle:/home/yann/ros2_humble/install/ament_pep257:/home/yann/ros2_humble/install/ament_pclint:/home/yann/ros2_humble/install/ament_package:/home/yann/ros2_humble/install/ament_mypy:/home/yann/ros2_humble/install/ament_lint_cmake:/home/yann/ros2_humble/install/ament_flake8:/home/yann/ros2_humble/install/ament_copyright:/home/yann/ros2_humble/install/ament_lint:/home/yann/ros2_humble/install/ament_index_python:/home/yann/ros2_humble/install/ament_cpplint:/home/yann/ros2_humble/install/ament_cppcheck:/home/yann/ros2_humble/install/ament_clang_tidy:/home/yann/ros2_humble/install/ament_clang_format /usr/bin/cmake --build /home/yann/ros2_ws/build/limo_car -- -j16 -l16
[0.686s] DEBUG:colcon.colcon_core.event_handler.log_command:Invoking command in '/home/yann/ros2_ws/build/limo_description': CMAKE_PREFIX_PATH=${CMAKE_PREFIX_PATH}:/opt/ros/humble:/home/yann/ros2_humble/install/rqt_bag_plugins:/home/yann/ros2_humble/install/rqt_bag:/home/yann/ros2_humble/install/launch_testing_examples:/home/yann/ros2_humble/install/ros2bag:/home/yann/ros2_humble/install/tracetools_test:/home/yann/ros2_humble/install/tracetools_launch:/home/yann/ros2_humble/install/topic_monitor:/home/yann/ros2_humble/install/tf2_tools:/home/yann/ros2_humble/install/examples_tf2_py:/home/yann/ros2_humble/install/tf2_ros_py:/home/yann/ros2_humble/install/sros2:/home/yann/ros2_humble/install/rqt_topic:/home/yann/ros2_humble/install/rqt_srv:/home/yann/ros2_humble/install/rqt_shell:/home/yann/ros2_humble/install/rqt_service_caller:/home/yann/ros2_humble/install/rqt_reconfigure:/home/yann/ros2_humble/install/rqt_py_console:/home/yann/ros2_humble/install/rqt_publisher:/home/yann/ros2_humble/install/rqt_plot:/home/yann/ros2_humble/install/rqt_action:/home/yann/ros2_humble/install/rqt_msg:/home/yann/ros2_humble/install/rqt_console:/home/yann/ros2_humble/install/rqt:/home/yann/ros2_humble/install/rqt_graph:/home/yann/ros2_humble/install/rqt_gui_py:/home/yann/ros2_humble/install/rqt_gui:/home/yann/ros2_humble/install/ros2trace:/home/yann/ros2_humble/install/ros2topic:/home/yann/ros2_humble/install/ros2test:/home/yann/ros2_humble/install/ros2component:/home/yann/ros2_humble/install/ros2param:/home/yann/ros2_humble/install/ros2lifecycle:/home/yann/ros2_humble/install/ros2service:/home/yann/ros2_humble/install/ros2run:/home/yann/ros2_humble/install/ros2plugin:/home/yann/ros2_humble/install/ros2launch:/home/yann/ros2_humble/install/ros2pkg:/home/yann/ros2_humble/install/ros2node:/home/yann/ros2_humble/install/ros2multicast:/home/yann/ros2_humble/install/ros2interface:/home/yann/ros2_humble/install/ros2doctor:/home/yann/ros2_humble/install/ros2action:/home/yann/ros2_humble/install/ros2cli:/home/yann/ros2_humble/install/quality_of_service_demo_py:/home/yann/ros2_humble/install/lifecycle_py:/home/yann/ros2_humble/install/launch_testing_ros:/home/yann/ros2_humble/install/launch_ros:/home/yann/ros2_humble/install/examples_rclpy_pointcloud_publisher:/home/yann/ros2_humble/install/examples_rclpy_minimal_subscriber:/home/yann/ros2_humble/install/examples_rclpy_minimal_service:/home/yann/ros2_humble/install/examples_rclpy_minimal_publisher:/home/yann/ros2_humble/install/examples_rclpy_minimal_client:/home/yann/ros2_humble/install/examples_rclpy_minimal_action_server:/home/yann/ros2_humble/install/examples_rclpy_minimal_action_client:/home/yann/ros2_humble/install/examples_rclpy_guard_conditions:/home/yann/ros2_humble/install/examples_rclpy_executors:/home/yann/ros2_humble/install/demo_nodes_py:/home/yann/ros2_humble/install/camera_info_manager_py:/home/yann/ros2_humble/install/action_tutorials_py:/home/yann/ros2_humble/install/ament_uncrustify:/home/yann/ros2_humble/install/tracetools_trace:/home/yann/ros2_humble/install/tracetools_read:/home/yann/ros2_humble/install/test_tracetools_launch:/home/yann/ros2_humble/install/test_launch_ros:/home/yann/ros2_humble/install/sensor_msgs_py:/home/yann/ros2_humble/install/rpyutils:/home/yann/ros2_humble/install/rosidl_runtime_py:/home/yann/ros2_humble/install/rosidl_cli:/home/yann/ros2_humble/install/launch_pytest:/home/yann/ros2_humble/install/launch_testing:/home/yann/ros2_humble/install/launch_yaml:/home/yann/ros2_humble/install/launch_xml:/home/yann/ros2_humble/install/launch:/home/yann/ros2_humble/install/osrf_pycommon:/home/yann/ros2_humble/install/domain_coordinator:/home/yann/ros2_humble/install/ament_xmllint:/home/yann/ros2_humble/install/ament_pyflakes:/home/yann/ros2_humble/install/ament_pycodestyle:/home/yann/ros2_humble/install/ament_pep257:/home/yann/ros2_humble/install/ament_pclint:/home/yann/ros2_humble/install/ament_package:/home/yann/ros2_humble/install/ament_mypy:/home/yann/ros2_humble/install/ament_lint_cmake:/home/yann/ros2_humble/install/ament_flake8:/home/yann/ros2_humble/install/ament_copyright:/home/yann/ros2_humble/install/ament_lint:/home/yann/ros2_humble/install/ament_index_python:/home/yann/ros2_humble/install/ament_cpplint:/home/yann/ros2_humble/install/ament_cppcheck:/home/yann/ros2_humble/install/ament_clang_tidy:/home/yann/ros2_humble/install/ament_clang_format /usr/bin/cmake --build /home/yann/ros2_ws/build/limo_description -- -j16 -l16
[0.776s] DEBUG:colcon.colcon_core.event_handler.log_command:Invoked command in '/home/yann/ros2_ws/build/limo_car' returned '0': CMAKE_PREFIX_PATH=${CMAKE_PREFIX_PATH}:/opt/ros/humble:/home/yann/ros2_humble/install/rqt_bag_plugins:/home/yann/ros2_humble/install/rqt_bag:/home/yann/ros2_humble/install/launch_testing_examples:/home/yann/ros2_humble/install/ros2bag:/home/yann/ros2_humble/install/tracetools_test:/home/yann/ros2_humble/install/tracetools_launch:/home/yann/ros2_humble/install/topic_monitor:/home/yann/ros2_humble/install/tf2_tools:/home/yann/ros2_humble/install/examples_tf2_py:/home/yann/ros2_humble/install/tf2_ros_py:/home/yann/ros2_humble/install/sros2:/home/yann/ros2_humble/install/rqt_topic:/home/yann/ros2_humble/install/rqt_srv:/home/yann/ros2_humble/install/rqt_shell:/home/yann/ros2_humble/install/rqt_service_caller:/home/yann/ros2_humble/install/rqt_reconfigure:/home/yann/ros2_humble/install/rqt_py_console:/home/yann/ros2_humble/install/rqt_publisher:/home/yann/ros2_humble/install/rqt_plot:/home/yann/ros2_humble/install/rqt_action:/home/yann/ros2_humble/install/rqt_msg:/home/yann/ros2_humble/install/rqt_console:/home/yann/ros2_humble/install/rqt:/home/yann/ros2_humble/install/rqt_graph:/home/yann/ros2_humble/install/rqt_gui_py:/home/yann/ros2_humble/install/rqt_gui:/home/yann/ros2_humble/install/ros2trace:/home/yann/ros2_humble/install/ros2topic:/home/yann/ros2_humble/install/ros2test:/home/yann/ros2_humble/install/ros2component:/home/yann/ros2_humble/install/ros2param:/home/yann/ros2_humble/install/ros2lifecycle:/home/yann/ros2_humble/install/ros2service:/home/yann/ros2_humble/install/ros2run:/home/yann/ros2_humble/install/ros2plugin:/home/yann/ros2_humble/install/ros2launch:/home/yann/ros2_humble/install/ros2pkg:/home/yann/ros2_humble/install/ros2node:/home/yann/ros2_humble/install/ros2multicast:/home/yann/ros2_humble/install/ros2interface:/home/yann/ros2_humble/install/ros2doctor:/home/yann/ros2_humble/install/ros2action:/home/yann/ros2_humble/install/ros2cli:/home/yann/ros2_humble/install/quality_of_service_demo_py:/home/yann/ros2_humble/install/lifecycle_py:/home/yann/ros2_humble/install/launch_testing_ros:/home/yann/ros2_humble/install/launch_ros:/home/yann/ros2_humble/install/examples_rclpy_pointcloud_publisher:/home/yann/ros2_humble/install/examples_rclpy_minimal_subscriber:/home/yann/ros2_humble/install/examples_rclpy_minimal_service:/home/yann/ros2_humble/install/examples_rclpy_minimal_publisher:/home/yann/ros2_humble/install/examples_rclpy_minimal_client:/home/yann/ros2_humble/install/examples_rclpy_minimal_action_server:/home/yann/ros2_humble/install/examples_rclpy_minimal_action_client:/home/yann/ros2_humble/install/examples_rclpy_guard_conditions:/home/yann/ros2_humble/install/examples_rclpy_executors:/home/yann/ros2_humble/install/demo_nodes_py:/home/yann/ros2_humble/install/camera_info_manager_py:/home/yann/ros2_humble/install/action_tutorials_py:/home/yann/ros2_humble/install/ament_uncrustify:/home/yann/ros2_humble/install/tracetools_trace:/home/yann/ros2_humble/install/tracetools_read:/home/yann/ros2_humble/install/test_tracetools_launch:/home/yann/ros2_humble/install/test_launch_ros:/home/yann/ros2_humble/install/sensor_msgs_py:/home/yann/ros2_humble/install/rpyutils:/home/yann/ros2_humble/install/rosidl_runtime_py:/home/yann/ros2_humble/install/rosidl_cli:/home/yann/ros2_humble/install/launch_pytest:/home/yann/ros2_humble/install/launch_testing:/home/yann/ros2_humble/install/launch_yaml:/home/yann/ros2_humble/install/launch_xml:/home/yann/ros2_humble/install/launch:/home/yann/ros2_humble/install/osrf_pycommon:/home/yann/ros2_humble/install/domain_coordinator:/home/yann/ros2_humble/install/ament_xmllint:/home/yann/ros2_humble/install/ament_pyflakes:/home/yann/ros2_humble/install/ament_pycodestyle:/home/yann/ros2_humble/install/ament_pep257:/home/yann/ros2_humble/install/ament_pclint:/home/yann/ros2_humble/install/ament_package:/home/yann/ros2_humble/install/ament_mypy:/home/yann/ros2_humble/install/ament_lint_cmake:/home/yann/ros2_humble/install/ament_flake8:/home/yann/ros2_humble/install/ament_copyright:/home/yann/ros2_humble/install/ament_lint:/home/yann/ros2_humble/install/ament_index_python:/home/yann/ros2_humble/install/ament_cpplint:/home/yann/ros2_humble/install/ament_cppcheck:/home/yann/ros2_humble/install/ament_clang_tidy:/home/yann/ros2_humble/install/ament_clang_format /usr/bin/cmake --build /home/yann/ros2_ws/build/limo_car -- -j16 -l16
[0.800s] DEBUG:colcon.colcon_core.event_handler.log_command:Invoking command in '/home/yann/ros2_ws/build/limo_car': CMAKE_PREFIX_PATH=${CMAKE_PREFIX_PATH}:/opt/ros/humble:/home/yann/ros2_humble/install/rqt_bag_plugins:/home/yann/ros2_humble/install/rqt_bag:/home/yann/ros2_humble/install/launch_testing_examples:/home/yann/ros2_humble/install/ros2bag:/home/yann/ros2_humble/install/tracetools_test:/home/yann/ros2_humble/install/tracetools_launch:/home/yann/ros2_humble/install/topic_monitor:/home/yann/ros2_humble/install/tf2_tools:/home/yann/ros2_humble/install/examples_tf2_py:/home/yann/ros2_humble/install/tf2_ros_py:/home/yann/ros2_humble/install/sros2:/home/yann/ros2_humble/install/rqt_topic:/home/yann/ros2_humble/install/rqt_srv:/home/yann/ros2_humble/install/rqt_shell:/home/yann/ros2_humble/install/rqt_service_caller:/home/yann/ros2_humble/install/rqt_reconfigure:/home/yann/ros2_humble/install/rqt_py_console:/home/yann/ros2_humble/install/rqt_publisher:/home/yann/ros2_humble/install/rqt_plot:/home/yann/ros2_humble/install/rqt_action:/home/yann/ros2_humble/install/rqt_msg:/home/yann/ros2_humble/install/rqt_console:/home/yann/ros2_humble/install/rqt:/home/yann/ros2_humble/install/rqt_graph:/home/yann/ros2_humble/install/rqt_gui_py:/home/yann/ros2_humble/install/rqt_gui:/home/yann/ros2_humble/install/ros2trace:/home/yann/ros2_humble/install/ros2topic:/home/yann/ros2_humble/install/ros2test:/home/yann/ros2_humble/install/ros2component:/home/yann/ros2_humble/install/ros2param:/home/yann/ros2_humble/install/ros2lifecycle:/home/yann/ros2_humble/install/ros2service:/home/yann/ros2_humble/install/ros2run:/home/yann/ros2_humble/install/ros2plugin:/home/yann/ros2_humble/install/ros2launch:/home/yann/ros2_humble/install/ros2pkg:/home/yann/ros2_humble/install/ros2node:/home/yann/ros2_humble/install/ros2multicast:/home/yann/ros2_humble/install/ros2interface:/home/yann/ros2_humble/install/ros2doctor:/home/yann/ros2_humble/install/ros2action:/home/yann/ros2_humble/install/ros2cli:/home/yann/ros2_humble/install/quality_of_service_demo_py:/home/yann/ros2_humble/install/lifecycle_py:/home/yann/ros2_humble/install/launch_testing_ros:/home/yann/ros2_humble/install/launch_ros:/home/yann/ros2_humble/install/examples_rclpy_pointcloud_publisher:/home/yann/ros2_humble/install/examples_rclpy_minimal_subscriber:/home/yann/ros2_humble/install/examples_rclpy_minimal_service:/home/yann/ros2_humble/install/examples_rclpy_minimal_publisher:/home/yann/ros2_humble/install/examples_rclpy_minimal_client:/home/yann/ros2_humble/install/examples_rclpy_minimal_action_server:/home/yann/ros2_humble/install/examples_rclpy_minimal_action_client:/home/yann/ros2_humble/install/examples_rclpy_guard_conditions:/home/yann/ros2_humble/install/examples_rclpy_executors:/home/yann/ros2_humble/install/demo_nodes_py:/home/yann/ros2_humble/install/camera_info_manager_py:/home/yann/ros2_humble/install/action_tutorials_py:/home/yann/ros2_humble/install/ament_uncrustify:/home/yann/ros2_humble/install/tracetools_trace:/home/yann/ros2_humble/install/tracetools_read:/home/yann/ros2_humble/install/test_tracetools_launch:/home/yann/ros2_humble/install/test_launch_ros:/home/yann/ros2_humble/install/sensor_msgs_py:/home/yann/ros2_humble/install/rpyutils:/home/yann/ros2_humble/install/rosidl_runtime_py:/home/yann/ros2_humble/install/rosidl_cli:/home/yann/ros2_humble/install/launch_pytest:/home/yann/ros2_humble/install/launch_testing:/home/yann/ros2_humble/install/launch_yaml:/home/yann/ros2_humble/install/launch_xml:/home/yann/ros2_humble/install/launch:/home/yann/ros2_humble/install/osrf_pycommon:/home/yann/ros2_humble/install/domain_coordinator:/home/yann/ros2_humble/install/ament_xmllint:/home/yann/ros2_humble/install/ament_pyflakes:/home/yann/ros2_humble/install/ament_pycodestyle:/home/yann/ros2_humble/install/ament_pep257:/home/yann/ros2_humble/install/ament_pclint:/home/yann/ros2_humble/install/ament_package:/home/yann/ros2_humble/install/ament_mypy:/home/yann/ros2_humble/install/ament_lint_cmake:/home/yann/ros2_humble/install/ament_flake8:/home/yann/ros2_humble/install/ament_copyright:/home/yann/ros2_humble/install/ament_lint:/home/yann/ros2_humble/install/ament_index_python:/home/yann/ros2_humble/install/ament_cpplint:/home/yann/ros2_humble/install/ament_cppcheck:/home/yann/ros2_humble/install/ament_clang_tidy:/home/yann/ros2_humble/install/ament_clang_format /usr/bin/cmake --install /home/yann/ros2_ws/build/limo_car
[0.801s] DEBUG:colcon.colcon_core.event_handler.log_command:Invoked command in '/home/yann/ros2_ws/build/limo_description' returned '0': CMAKE_PREFIX_PATH=${CMAKE_PREFIX_PATH}:/opt/ros/humble:/home/yann/ros2_humble/install/rqt_bag_plugins:/home/yann/ros2_humble/install/rqt_bag:/home/yann/ros2_humble/install/launch_testing_examples:/home/yann/ros2_humble/install/ros2bag:/home/yann/ros2_humble/install/tracetools_test:/home/yann/ros2_humble/install/tracetools_launch:/home/yann/ros2_humble/install/topic_monitor:/home/yann/ros2_humble/install/tf2_tools:/home/yann/ros2_humble/install/examples_tf2_py:/home/yann/ros2_humble/install/tf2_ros_py:/home/yann/ros2_humble/install/sros2:/home/yann/ros2_humble/install/rqt_topic:/home/yann/ros2_humble/install/rqt_srv:/home/yann/ros2_humble/install/rqt_shell:/home/yann/ros2_humble/install/rqt_service_caller:/home/yann/ros2_humble/install/rqt_reconfigure:/home/yann/ros2_humble/install/rqt_py_console:/home/yann/ros2_humble/install/rqt_publisher:/home/yann/ros2_humble/install/rqt_plot:/home/yann/ros2_humble/install/rqt_action:/home/yann/ros2_humble/install/rqt_msg:/home/yann/ros2_humble/install/rqt_console:/home/yann/ros2_humble/install/rqt:/home/yann/ros2_humble/install/rqt_graph:/home/yann/ros2_humble/install/rqt_gui_py:/home/yann/ros2_humble/install/rqt_gui:/home/yann/ros2_humble/install/ros2trace:/home/yann/ros2_humble/install/ros2topic:/home/yann/ros2_humble/install/ros2test:/home/yann/ros2_humble/install/ros2component:/home/yann/ros2_humble/install/ros2param:/home/yann/ros2_humble/install/ros2lifecycle:/home/yann/ros2_humble/install/ros2service:/home/yann/ros2_humble/install/ros2run:/home/yann/ros2_humble/install/ros2plugin:/home/yann/ros2_humble/install/ros2launch:/home/yann/ros2_humble/install/ros2pkg:/home/yann/ros2_humble/install/ros2node:/home/yann/ros2_humble/install/ros2multicast:/home/yann/ros2_humble/install/ros2interface:/home/yann/ros2_humble/install/ros2doctor:/home/yann/ros2_humble/install/ros2action:/home/yann/ros2_humble/install/ros2cli:/home/yann/ros2_humble/install/quality_of_service_demo_py:/home/yann/ros2_humble/install/lifecycle_py:/home/yann/ros2_humble/install/launch_testing_ros:/home/yann/ros2_humble/install/launch_ros:/home/yann/ros2_humble/install/examples_rclpy_pointcloud_publisher:/home/yann/ros2_humble/install/examples_rclpy_minimal_subscriber:/home/yann/ros2_humble/install/examples_rclpy_minimal_service:/home/yann/ros2_humble/install/examples_rclpy_minimal_publisher:/home/yann/ros2_humble/install/examples_rclpy_minimal_client:/home/yann/ros2_humble/install/examples_rclpy_minimal_action_server:/home/yann/ros2_humble/install/examples_rclpy_minimal_action_client:/home/yann/ros2_humble/install/examples_rclpy_guard_conditions:/home/yann/ros2_humble/install/examples_rclpy_executors:/home/yann/ros2_humble/install/demo_nodes_py:/home/yann/ros2_humble/install/camera_info_manager_py:/home/yann/ros2_humble/install/action_tutorials_py:/home/yann/ros2_humble/install/ament_uncrustify:/home/yann/ros2_humble/install/tracetools_trace:/home/yann/ros2_humble/install/tracetools_read:/home/yann/ros2_humble/install/test_tracetools_launch:/home/yann/ros2_humble/install/test_launch_ros:/home/yann/ros2_humble/install/sensor_msgs_py:/home/yann/ros2_humble/install/rpyutils:/home/yann/ros2_humble/install/rosidl_runtime_py:/home/yann/ros2_humble/install/rosidl_cli:/home/yann/ros2_humble/install/launch_pytest:/home/yann/ros2_humble/install/launch_testing:/home/yann/ros2_humble/install/launch_yaml:/home/yann/ros2_humble/install/launch_xml:/home/yann/ros2_humble/install/launch:/home/yann/ros2_humble/install/osrf_pycommon:/home/yann/ros2_humble/install/domain_coordinator:/home/yann/ros2_humble/install/ament_xmllint:/home/yann/ros2_humble/install/ament_pyflakes:/home/yann/ros2_humble/install/ament_pycodestyle:/home/yann/ros2_humble/install/ament_pep257:/home/yann/ros2_humble/install/ament_pclint:/home/yann/ros2_humble/install/ament_package:/home/yann/ros2_humble/install/ament_mypy:/home/yann/ros2_humble/install/ament_lint_cmake:/home/yann/ros2_humble/install/ament_flake8:/home/yann/ros2_humble/install/ament_copyright:/home/yann/ros2_humble/install/ament_lint:/home/yann/ros2_humble/install/ament_index_python:/home/yann/ros2_humble/install/ament_cpplint:/home/yann/ros2_humble/install/ament_cppcheck:/home/yann/ros2_humble/install/ament_clang_tidy:/home/yann/ros2_humble/install/ament_clang_format /usr/bin/cmake --build /home/yann/ros2_ws/build/limo_description -- -j16 -l16
[0.803s] DEBUG:colcon.colcon_core.event_handler.log_command:Invoking command in '/home/yann/ros2_ws/build/limo_description': CMAKE_PREFIX_PATH=${CMAKE_PREFIX_PATH}:/opt/ros/humble:/home/yann/ros2_humble/install/rqt_bag_plugins:/home/yann/ros2_humble/install/rqt_bag:/home/yann/ros2_humble/install/launch_testing_examples:/home/yann/ros2_humble/install/ros2bag:/home/yann/ros2_humble/install/tracetools_test:/home/yann/ros2_humble/install/tracetools_launch:/home/yann/ros2_humble/install/topic_monitor:/home/yann/ros2_humble/install/tf2_tools:/home/yann/ros2_humble/install/examples_tf2_py:/home/yann/ros2_humble/install/tf2_ros_py:/home/yann/ros2_humble/install/sros2:/home/yann/ros2_humble/install/rqt_topic:/home/yann/ros2_humble/install/rqt_srv:/home/yann/ros2_humble/install/rqt_shell:/home/yann/ros2_humble/install/rqt_service_caller:/home/yann/ros2_humble/install/rqt_reconfigure:/home/yann/ros2_humble/install/rqt_py_console:/home/yann/ros2_humble/install/rqt_publisher:/home/yann/ros2_humble/install/rqt_plot:/home/yann/ros2_humble/install/rqt_action:/home/yann/ros2_humble/install/rqt_msg:/home/yann/ros2_humble/install/rqt_console:/home/yann/ros2_humble/install/rqt:/home/yann/ros2_humble/install/rqt_graph:/home/yann/ros2_humble/install/rqt_gui_py:/home/yann/ros2_humble/install/rqt_gui:/home/yann/ros2_humble/install/ros2trace:/home/yann/ros2_humble/install/ros2topic:/home/yann/ros2_humble/install/ros2test:/home/yann/ros2_humble/install/ros2component:/home/yann/ros2_humble/install/ros2param:/home/yann/ros2_humble/install/ros2lifecycle:/home/yann/ros2_humble/install/ros2service:/home/yann/ros2_humble/install/ros2run:/home/yann/ros2_humble/install/ros2plugin:/home/yann/ros2_humble/install/ros2launch:/home/yann/ros2_humble/install/ros2pkg:/home/yann/ros2_humble/install/ros2node:/home/yann/ros2_humble/install/ros2multicast:/home/yann/ros2_humble/install/ros2interface:/home/yann/ros2_humble/install/ros2doctor:/home/yann/ros2_humble/install/ros2action:/home/yann/ros2_humble/install/ros2cli:/home/yann/ros2_humble/install/quality_of_service_demo_py:/home/yann/ros2_humble/install/lifecycle_py:/home/yann/ros2_humble/install/launch_testing_ros:/home/yann/ros2_humble/install/launch_ros:/home/yann/ros2_humble/install/examples_rclpy_pointcloud_publisher:/home/yann/ros2_humble/install/examples_rclpy_minimal_subscriber:/home/yann/ros2_humble/install/examples_rclpy_minimal_service:/home/yann/ros2_humble/install/examples_rclpy_minimal_publisher:/home/yann/ros2_humble/install/examples_rclpy_minimal_client:/home/yann/ros2_humble/install/examples_rclpy_minimal_action_server:/home/yann/ros2_humble/install/examples_rclpy_minimal_action_client:/home/yann/ros2_humble/install/examples_rclpy_guard_conditions:/home/yann/ros2_humble/install/examples_rclpy_executors:/home/yann/ros2_humble/install/demo_nodes_py:/home/yann/ros2_humble/install/camera_info_manager_py:/home/yann/ros2_humble/install/action_tutorials_py:/home/yann/ros2_humble/install/ament_uncrustify:/home/yann/ros2_humble/install/tracetools_trace:/home/yann/ros2_humble/install/tracetools_read:/home/yann/ros2_humble/install/test_tracetools_launch:/home/yann/ros2_humble/install/test_launch_ros:/home/yann/ros2_humble/install/sensor_msgs_py:/home/yann/ros2_humble/install/rpyutils:/home/yann/ros2_humble/install/rosidl_runtime_py:/home/yann/ros2_humble/install/rosidl_cli:/home/yann/ros2_humble/install/launch_pytest:/home/yann/ros2_humble/install/launch_testing:/home/yann/ros2_humble/install/launch_yaml:/home/yann/ros2_humble/install/launch_xml:/home/yann/ros2_humble/install/launch:/home/yann/ros2_humble/install/osrf_pycommon:/home/yann/ros2_humble/install/domain_coordinator:/home/yann/ros2_humble/install/ament_xmllint:/home/yann/ros2_humble/install/ament_pyflakes:/home/yann/ros2_humble/install/ament_pycodestyle:/home/yann/ros2_humble/install/ament_pep257:/home/yann/ros2_humble/install/ament_pclint:/home/yann/ros2_humble/install/ament_package:/home/yann/ros2_humble/install/ament_mypy:/home/yann/ros2_humble/install/ament_lint_cmake:/home/yann/ros2_humble/install/ament_flake8:/home/yann/ros2_humble/install/ament_copyright:/home/yann/ros2_humble/install/ament_lint:/home/yann/ros2_humble/install/ament_index_python:/home/yann/ros2_humble/install/ament_cpplint:/home/yann/ros2_humble/install/ament_cppcheck:/home/yann/ros2_humble/install/ament_clang_tidy:/home/yann/ros2_humble/install/ament_clang_format /usr/bin/cmake --install /home/yann/ros2_ws/build/limo_description
[0.828s] Level 1:colcon.colcon_core.environment:create_environment_scripts_only(limo_description)
[0.831s] DEBUG:colcon.colcon_core.event_handler.log_command:Invoked command in '/home/yann/ros2_ws/build/limo_description' returned '0': CMAKE_PREFIX_PATH=${CMAKE_PREFIX_PATH}:/opt/ros/humble:/home/yann/ros2_humble/install/rqt_bag_plugins:/home/yann/ros2_humble/install/rqt_bag:/home/yann/ros2_humble/install/launch_testing_examples:/home/yann/ros2_humble/install/ros2bag:/home/yann/ros2_humble/install/tracetools_test:/home/yann/ros2_humble/install/tracetools_launch:/home/yann/ros2_humble/install/topic_monitor:/home/yann/ros2_humble/install/tf2_tools:/home/yann/ros2_humble/install/examples_tf2_py:/home/yann/ros2_humble/install/tf2_ros_py:/home/yann/ros2_humble/install/sros2:/home/yann/ros2_humble/install/rqt_topic:/home/yann/ros2_humble/install/rqt_srv:/home/yann/ros2_humble/install/rqt_shell:/home/yann/ros2_humble/install/rqt_service_caller:/home/yann/ros2_humble/install/rqt_reconfigure:/home/yann/ros2_humble/install/rqt_py_console:/home/yann/ros2_humble/install/rqt_publisher:/home/yann/ros2_humble/install/rqt_plot:/home/yann/ros2_humble/install/rqt_action:/home/yann/ros2_humble/install/rqt_msg:/home/yann/ros2_humble/install/rqt_console:/home/yann/ros2_humble/install/rqt:/home/yann/ros2_humble/install/rqt_graph:/home/yann/ros2_humble/install/rqt_gui_py:/home/yann/ros2_humble/install/rqt_gui:/home/yann/ros2_humble/install/ros2trace:/home/yann/ros2_humble/install/ros2topic:/home/yann/ros2_humble/install/ros2test:/home/yann/ros2_humble/install/ros2component:/home/yann/ros2_humble/install/ros2param:/home/yann/ros2_humble/install/ros2lifecycle:/home/yann/ros2_humble/install/ros2service:/home/yann/ros2_humble/install/ros2run:/home/yann/ros2_humble/install/ros2plugin:/home/yann/ros2_humble/install/ros2launch:/home/yann/ros2_humble/install/ros2pkg:/home/yann/ros2_humble/install/ros2node:/home/yann/ros2_humble/install/ros2multicast:/home/yann/ros2_humble/install/ros2interface:/home/yann/ros2_humble/install/ros2doctor:/home/yann/ros2_humble/install/ros2action:/home/yann/ros2_humble/install/ros2cli:/home/yann/ros2_humble/install/quality_of_service_demo_py:/home/yann/ros2_humble/install/lifecycle_py:/home/yann/ros2_humble/install/launch_testing_ros:/home/yann/ros2_humble/install/launch_ros:/home/yann/ros2_humble/install/examples_rclpy_pointcloud_publisher:/home/yann/ros2_humble/install/examples_rclpy_minimal_subscriber:/home/yann/ros2_humble/install/examples_rclpy_minimal_service:/home/yann/ros2_humble/install/examples_rclpy_minimal_publisher:/home/yann/ros2_humble/install/examples_rclpy_minimal_client:/home/yann/ros2_humble/install/examples_rclpy_minimal_action_server:/home/yann/ros2_humble/install/examples_rclpy_minimal_action_client:/home/yann/ros2_humble/install/examples_rclpy_guard_conditions:/home/yann/ros2_humble/install/examples_rclpy_executors:/home/yann/ros2_humble/install/demo_nodes_py:/home/yann/ros2_humble/install/camera_info_manager_py:/home/yann/ros2_humble/install/action_tutorials_py:/home/yann/ros2_humble/install/ament_uncrustify:/home/yann/ros2_humble/install/tracetools_trace:/home/yann/ros2_humble/install/tracetools_read:/home/yann/ros2_humble/install/test_tracetools_launch:/home/yann/ros2_humble/install/test_launch_ros:/home/yann/ros2_humble/install/sensor_msgs_py:/home/yann/ros2_humble/install/rpyutils:/home/yann/ros2_humble/install/rosidl_runtime_py:/home/yann/ros2_humble/install/rosidl_cli:/home/yann/ros2_humble/install/launch_pytest:/home/yann/ros2_humble/install/launch_testing:/home/yann/ros2_humble/install/launch_yaml:/home/yann/ros2_humble/install/launch_xml:/home/yann/ros2_humble/install/launch:/home/yann/ros2_humble/install/osrf_pycommon:/home/yann/ros2_humble/install/domain_coordinator:/home/yann/ros2_humble/install/ament_xmllint:/home/yann/ros2_humble/install/ament_pyflakes:/home/yann/ros2_humble/install/ament_pycodestyle:/home/yann/ros2_humble/install/ament_pep257:/home/yann/ros2_humble/install/ament_pclint:/home/yann/ros2_humble/install/ament_package:/home/yann/ros2_humble/install/ament_mypy:/home/yann/ros2_humble/install/ament_lint_cmake:/home/yann/ros2_humble/install/ament_flake8:/home/yann/ros2_humble/install/ament_copyright:/home/yann/ros2_humble/install/ament_lint:/home/yann/ros2_humble/install/ament_index_python:/home/yann/ros2_humble/install/ament_cpplint:/home/yann/ros2_humble/install/ament_cppcheck:/home/yann/ros2_humble/install/ament_clang_tidy:/home/yann/ros2_humble/install/ament_clang_format /usr/bin/cmake --install /home/yann/ros2_ws/build/limo_description
[0.836s] Level 1:colcon.colcon_core.environment:checking '/home/yann/ros2_ws/install/limo_description' for CMake module files
[0.837s] Level 1:colcon.colcon_core.environment:checking '/home/yann/ros2_ws/install/limo_description' for CMake config files
[0.837s] Level 1:colcon.colcon_core.shell:create_environment_hook('limo_description', 'cmake_prefix_path')
[0.837s] INFO:colcon.colcon_core.shell:Creating environment hook '/home/yann/ros2_ws/install/limo_description/share/limo_description/hook/cmake_prefix_path.ps1'
[0.838s] INFO:colcon.colcon_core.shell:Creating environment descriptor '/home/yann/ros2_ws/install/limo_description/share/limo_description/hook/cmake_prefix_path.dsv'
[0.838s] INFO:colcon.colcon_core.shell:Creating environment hook '/home/yann/ros2_ws/install/limo_description/share/limo_description/hook/cmake_prefix_path.sh'
[0.839s] Level 1:colcon.colcon_core.environment:checking '/home/yann/ros2_ws/install/limo_description/bin'
[0.839s] Level 1:colcon.colcon_core.environment:checking '/home/yann/ros2_ws/install/limo_description/lib/pkgconfig/limo_description.pc'
[0.839s] Level 1:colcon.colcon_core.environment:checking '/home/yann/ros2_ws/install/limo_description/lib/python3.10/site-packages'
[0.839s] Level 1:colcon.colcon_core.environment:checking '/home/yann/ros2_ws/install/limo_description/bin'
[0.839s] INFO:colcon.colcon_core.shell:Creating package script '/home/yann/ros2_ws/install/limo_description/share/limo_description/package.ps1'
[0.840s] INFO:colcon.colcon_core.shell:Creating package descriptor '/home/yann/ros2_ws/install/limo_description/share/limo_description/package.dsv'
[0.841s] INFO:colcon.colcon_core.shell:Creating package script '/home/yann/ros2_ws/install/limo_description/share/limo_description/package.sh'
[0.841s] INFO:colcon.colcon_core.shell:Creating package script '/home/yann/ros2_ws/install/limo_description/share/limo_description/package.bash'
[0.842s] INFO:colcon.colcon_core.shell:Creating package script '/home/yann/ros2_ws/install/limo_description/share/limo_description/package.zsh'
[0.842s] Level 1:colcon.colcon_core.environment:create_file_with_runtime_dependencies(/home/yann/ros2_ws/install/limo_description/share/colcon-core/packages/limo_description)
[0.843s] Level 1:colcon.colcon_core.environment:create_environment_scripts_only(limo_description)
[0.843s] Level 1:colcon.colcon_core.environment:checking '/home/yann/ros2_ws/install/limo_description' for CMake module files
[0.843s] Level 1:colcon.colcon_core.environment:checking '/home/yann/ros2_ws/install/limo_description' for CMake config files
[0.844s] Level 1:colcon.colcon_core.shell:create_environment_hook('limo_description', 'cmake_prefix_path')
[0.844s] INFO:colcon.colcon_core.shell:Creating environment hook '/home/yann/ros2_ws/install/limo_description/share/limo_description/hook/cmake_prefix_path.ps1'
[0.844s] INFO:colcon.colcon_core.shell:Creating environment descriptor '/home/yann/ros2_ws/install/limo_description/share/limo_description/hook/cmake_prefix_path.dsv'
[0.844s] INFO:colcon.colcon_core.shell:Creating environment hook '/home/yann/ros2_ws/install/limo_description/share/limo_description/hook/cmake_prefix_path.sh'
[0.845s] Level 1:colcon.colcon_core.environment:checking '/home/yann/ros2_ws/install/limo_description/bin'
[0.845s] Level 1:colcon.colcon_core.environment:checking '/home/yann/ros2_ws/install/limo_description/lib/pkgconfig/limo_description.pc'
[0.845s] Level 1:colcon.colcon_core.environment:checking '/home/yann/ros2_ws/install/limo_description/lib/python3.10/site-packages'
[0.846s] Level 1:colcon.colcon_core.environment:checking '/home/yann/ros2_ws/install/limo_description/bin'
[0.846s] INFO:colcon.colcon_core.shell:Creating package script '/home/yann/ros2_ws/install/limo_description/share/limo_description/package.ps1'
[0.846s] INFO:colcon.colcon_core.shell:Creating package descriptor '/home/yann/ros2_ws/install/limo_description/share/limo_description/package.dsv'
[0.847s] INFO:colcon.colcon_core.shell:Creating package script '/home/yann/ros2_ws/install/limo_description/share/limo_description/package.sh'
[0.847s] INFO:colcon.colcon_core.shell:Creating package script '/home/yann/ros2_ws/install/limo_description/share/limo_description/package.bash'
[0.847s] INFO:colcon.colcon_core.shell:Creating package script '/home/yann/ros2_ws/install/limo_description/share/limo_description/package.zsh'
[0.847s] Level 1:colcon.colcon_core.environment:create_file_with_runtime_dependencies(/home/yann/ros2_ws/install/limo_description/share/colcon-core/packages/limo_description)
[0.957s] DEBUG:colcon.colcon_core.event_handler.log_command:Invoked command in '/home/yann/ros2_ws/build/limo_car' returned '1': CMAKE_PREFIX_PATH=${CMAKE_PREFIX_PATH}:/opt/ros/humble:/home/yann/ros2_humble/install/rqt_bag_plugins:/home/yann/ros2_humble/install/rqt_bag:/home/yann/ros2_humble/install/launch_testing_examples:/home/yann/ros2_humble/install/ros2bag:/home/yann/ros2_humble/install/tracetools_test:/home/yann/ros2_humble/install/tracetools_launch:/home/yann/ros2_humble/install/topic_monitor:/home/yann/ros2_humble/install/tf2_tools:/home/yann/ros2_humble/install/examples_tf2_py:/home/yann/ros2_humble/install/tf2_ros_py:/home/yann/ros2_humble/install/sros2:/home/yann/ros2_humble/install/rqt_topic:/home/yann/ros2_humble/install/rqt_srv:/home/yann/ros2_humble/install/rqt_shell:/home/yann/ros2_humble/install/rqt_service_caller:/home/yann/ros2_humble/install/rqt_reconfigure:/home/yann/ros2_humble/install/rqt_py_console:/home/yann/ros2_humble/install/rqt_publisher:/home/yann/ros2_humble/install/rqt_plot:/home/yann/ros2_humble/install/rqt_action:/home/yann/ros2_humble/install/rqt_msg:/home/yann/ros2_humble/install/rqt_console:/home/yann/ros2_humble/install/rqt:/home/yann/ros2_humble/install/rqt_graph:/home/yann/ros2_humble/install/rqt_gui_py:/home/yann/ros2_humble/install/rqt_gui:/home/yann/ros2_humble/install/ros2trace:/home/yann/ros2_humble/install/ros2topic:/home/yann/ros2_humble/install/ros2test:/home/yann/ros2_humble/install/ros2component:/home/yann/ros2_humble/install/ros2param:/home/yann/ros2_humble/install/ros2lifecycle:/home/yann/ros2_humble/install/ros2service:/home/yann/ros2_humble/install/ros2run:/home/yann/ros2_humble/install/ros2plugin:/home/yann/ros2_humble/install/ros2launch:/home/yann/ros2_humble/install/ros2pkg:/home/yann/ros2_humble/install/ros2node:/home/yann/ros2_humble/install/ros2multicast:/home/yann/ros2_humble/install/ros2interface:/home/yann/ros2_humble/install/ros2doctor:/home/yann/ros2_humble/install/ros2action:/home/yann/ros2_humble/install/ros2cli:/home/yann/ros2_humble/install/quality_of_service_demo_py:/home/yann/ros2_humble/install/lifecycle_py:/home/yann/ros2_humble/install/launch_testing_ros:/home/yann/ros2_humble/install/launch_ros:/home/yann/ros2_humble/install/examples_rclpy_pointcloud_publisher:/home/yann/ros2_humble/install/examples_rclpy_minimal_subscriber:/home/yann/ros2_humble/install/examples_rclpy_minimal_service:/home/yann/ros2_humble/install/examples_rclpy_minimal_publisher:/home/yann/ros2_humble/install/examples_rclpy_minimal_client:/home/yann/ros2_humble/install/examples_rclpy_minimal_action_server:/home/yann/ros2_humble/install/examples_rclpy_minimal_action_client:/home/yann/ros2_humble/install/examples_rclpy_guard_conditions:/home/yann/ros2_humble/install/examples_rclpy_executors:/home/yann/ros2_humble/install/demo_nodes_py:/home/yann/ros2_humble/install/camera_info_manager_py:/home/yann/ros2_humble/install/action_tutorials_py:/home/yann/ros2_humble/install/ament_uncrustify:/home/yann/ros2_humble/install/tracetools_trace:/home/yann/ros2_humble/install/tracetools_read:/home/yann/ros2_humble/install/test_tracetools_launch:/home/yann/ros2_humble/install/test_launch_ros:/home/yann/ros2_humble/install/sensor_msgs_py:/home/yann/ros2_humble/install/rpyutils:/home/yann/ros2_humble/install/rosidl_runtime_py:/home/yann/ros2_humble/install/rosidl_cli:/home/yann/ros2_humble/install/launch_pytest:/home/yann/ros2_humble/install/launch_testing:/home/yann/ros2_humble/install/launch_yaml:/home/yann/ros2_humble/install/launch_xml:/home/yann/ros2_humble/install/launch:/home/yann/ros2_humble/install/osrf_pycommon:/home/yann/ros2_humble/install/domain_coordinator:/home/yann/ros2_humble/install/ament_xmllint:/home/yann/ros2_humble/install/ament_pyflakes:/home/yann/ros2_humble/install/ament_pycodestyle:/home/yann/ros2_humble/install/ament_pep257:/home/yann/ros2_humble/install/ament_pclint:/home/yann/ros2_humble/install/ament_package:/home/yann/ros2_humble/install/ament_mypy:/home/yann/ros2_humble/install/ament_lint_cmake:/home/yann/ros2_humble/install/ament_flake8:/home/yann/ros2_humble/install/ament_copyright:/home/yann/ros2_humble/install/ament_lint:/home/yann/ros2_humble/install/ament_index_python:/home/yann/ros2_humble/install/ament_cpplint:/home/yann/ros2_humble/install/ament_cppcheck:/home/yann/ros2_humble/install/ament_clang_tidy:/home/yann/ros2_humble/install/ament_clang_format /usr/bin/cmake --install /home/yann/ros2_ws/build/limo_car
[0.958s] Level 1:colcon.colcon_core.environment:create_environment_scripts_only(limo_car)
[0.958s] Level 1:colcon.colcon_core.environment:checking '/home/yann/ros2_ws/install/limo_car' for CMake module files
[0.958s] Level 1:colcon.colcon_core.environment:checking '/home/yann/ros2_ws/install/limo_car' for CMake config files
[0.959s] Level 1:colcon.colcon_core.environment:checking '/home/yann/ros2_ws/install/limo_car/bin'
[0.959s] Level 1:colcon.colcon_core.environment:checking '/home/yann/ros2_ws/install/limo_car/lib/pkgconfig/limo_car.pc'
[0.959s] Level 1:colcon.colcon_core.environment:checking '/home/yann/ros2_ws/install/limo_car/lib/python3.10/site-packages'
[0.959s] Level 1:colcon.colcon_core.environment:checking '/home/yann/ros2_ws/install/limo_car/bin'
[0.959s] INFO:colcon.colcon_core.shell:Creating package script '/home/yann/ros2_ws/install/limo_car/share/limo_car/package.ps1'
[0.960s] INFO:colcon.colcon_core.shell:Creating package descriptor '/home/yann/ros2_ws/install/limo_car/share/limo_car/package.dsv'
[0.960s] INFO:colcon.colcon_core.shell:Creating package script '/home/yann/ros2_ws/install/limo_car/share/limo_car/package.sh'
[0.961s] INFO:colcon.colcon_core.shell:Creating package script '/home/yann/ros2_ws/install/limo_car/share/limo_car/package.bash'
[0.961s] INFO:colcon.colcon_core.shell:Creating package script '/home/yann/ros2_ws/install/limo_car/share/limo_car/package.zsh'
[0.961s] Level 1:colcon.colcon_core.environment:create_file_with_runtime_dependencies(/home/yann/ros2_ws/install/limo_car/share/colcon-core/packages/limo_car)
[3.450s] DEBUG:colcon.colcon_parallel_executor.executor.parallel:closing loop
[3.450s] DEBUG:colcon.colcon_parallel_executor.executor.parallel:loop closed
[3.450s] DEBUG:colcon.colcon_parallel_executor.executor.parallel:run_until_complete finished with '1'
[3.450s] DEBUG:colcon.colcon_core.event_reactor:joining thread
[3.463s] INFO:colcon.colcon_core.plugin_system:Skipping extension 'colcon_notification.desktop_notification.terminal_notifier': Not used on non-Darwin systems
[3.463s] INFO:colcon.colcon_core.plugin_system:Skipping extension 'colcon_notification.desktop_notification.win32': Not used on non-Windows systems
[3.463s] INFO:colcon.colcon_notification.desktop_notification:Sending desktop notification using 'notify2'
[3.473s] DEBUG:colcon.colcon_core.event_reactor:joined thread
[3.473s] INFO:colcon.colcon_core.shell:Creating prefix script '/home/yann/ros2_ws/install/local_setup.ps1'
[3.474s] INFO:colcon.colcon_core.shell:Creating prefix util module '/home/yann/ros2_ws/install/_local_setup_util_ps1.py'
[3.476s] INFO:colcon.colcon_core.shell:Creating prefix chain script '/home/yann/ros2_ws/install/setup.ps1'
[3.488s] INFO:colcon.colcon_core.shell:Creating prefix script '/home/yann/ros2_ws/install/local_setup.sh'
[3.488s] INFO:colcon.colcon_core.shell:Creating prefix util module '/home/yann/ros2_ws/install/_local_setup_util_sh.py'
[3.489s] INFO:colcon.colcon_core.shell:Creating prefix chain script '/home/yann/ros2_ws/install/setup.sh'
[3.501s] INFO:colcon.colcon_core.shell:Creating prefix script '/home/yann/ros2_ws/install/local_setup.bash'
[3.502s] INFO:colcon.colcon_core.shell:Creating prefix chain script '/home/yann/ros2_ws/install/setup.bash'
[3.513s] INFO:colcon.colcon_core.shell:Creating prefix script '/home/yann/ros2_ws/install/local_setup.zsh'
[3.514s] INFO:colcon.colcon_core.shell:Creating prefix chain script '/home/yann/ros2_ws/install/setup.zsh'
