[35m[1mConsolidate compiler generated dependencies of target limo_msgs__rosidl_generator_c[0m
[  3%] Built target limo_msgs__cpp
[ 12%] Built target limo_msgs__rosidl_generator_c
[ 12%] Built target ament_cmake_python_symlink_limo_msgs
[35m[1mConsolidate compiler generated dependencies of target limo_msgs__rosidl_typesupport_cpp[0m
[35m[1mConsolidate compiler generated dependencies of target limo_msgs__rosidl_typesupport_fastrtps_cpp[0m
[35m[1mConsolidate compiler generated dependencies of target limo_msgs__rosidl_typesupport_introspection_cpp[0m
[35m[1mConsolidate compiler generated dependencies of target limo_msgs__rosidl_typesupport_c[0m
[35m[1mConsolidate compiler generated dependencies of target limo_msgs__rosidl_typesupport_introspection_c[0m
[35m[1mConsolidate compiler generated dependencies of target limo_msgs__rosidl_typesupport_fastrtps_c[0m
[ 41%] Built target limo_msgs__rosidl_typesupport_fastrtps_cpp
[ 41%] Built target limo_msgs__rosidl_typesupport_cpp
[ 41%] Built target limo_msgs__rosidl_typesupport_introspection_cpp
[ 64%] Built target limo_msgs__rosidl_typesupport_c
[ 70%] Built target limo_msgs__rosidl_typesupport_fastrtps_c
[ 70%] Built target limo_msgs__rosidl_typesupport_introspection_c
[ 70%] Built target limo_msgs
[ 74%] Built target limo_msgs__py
[35m[1mConsolidate compiler generated dependencies of target limo_msgs__rosidl_generator_py[0m
[ 80%] Built target limo_msgs__rosidl_generator_py
[35m[1mConsolidate compiler generated dependencies of target limo_msgs__rosidl_typesupport_fastrtps_c__pyext[0m
[35m[1mConsolidate compiler generated dependencies of target limo_msgs__rosidl_typesupport_c__pyext[0m
[35m[1mConsolidate compiler generated dependencies of target limo_msgs__rosidl_typesupport_introspection_c__pyext[0m
[100%] Built target limo_msgs__rosidl_typesupport_fastrtps_c__pyext
[100%] Built target limo_msgs__rosidl_typesupport_introspection_c__pyext
[100%] Built target limo_msgs__rosidl_typesupport_c__pyext
running egg_info
writing limo_msgs.egg-info/PKG-INFO
writing dependency_links to limo_msgs.egg-info/dependency_links.txt
writing top-level names to limo_msgs.egg-info/top_level.txt
reading manifest file 'limo_msgs.egg-info/SOURCES.txt'
writing manifest file 'limo_msgs.egg-info/SOURCES.txt'
[100%] Built target ament_cmake_python_build_limo_msgs_egg
