[  9%] Built target limo_msgs__rosidl_generator_c
[ 12%] Built target limo_msgs__cpp
[ 12%] Built target ament_cmake_python_symlink_limo_msgs
[ 32%] Built target limo_msgs__rosidl_typesupport_c
[ 32%] Built target limo_msgs__rosidl_typesupport_fastrtps_c
[ 48%] Built target limo_msgs__rosidl_typesupport_cpp
[ 51%] Built target limo_msgs__rosidl_typesupport_fastrtps_cpp
[ 61%] Built target limo_msgs__rosidl_typesupport_introspection_cpp
[ 70%] Built target limo_msgs__rosidl_typesupport_introspection_c
[ 70%] Built target limo_msgs
[ 74%] Built target limo_msgs__py
[ 80%] Built target limo_msgs__rosidl_generator_py
[100%] Built target limo_msgs__rosidl_typesupport_c__pyext
[100%] Built target limo_msgs__rosidl_typesupport_introspection_c__pyext
[100%] Built target limo_msgs__rosidl_typesupport_fastrtps_c__pyext
running egg_info
writing limo_msgs.egg-info/PKG-INFO
writing dependency_links to limo_msgs.egg-info/dependency_links.txt
writing top-level names to limo_msgs.egg-info/top_level.txt
reading manifest file 'limo_msgs.egg-info/SOURCES.txt'
writing manifest file 'limo_msgs.egg-info/SOURCES.txt'
[100%] Built target ament_cmake_python_build_limo_msgs_egg
-- Install configuration: ""
-- Execute custom install script
-- Symlinking: /home/yann/ros2_ws/install/limo_msgs/share/ament_index/resource_index/rosidl_interfaces/limo_msgs
-- Symlinking: /home/yann/ros2_ws/install/limo_msgs/include/limo_msgs/limo_msgs/msg/detail/limo_status__functions.h
-- Symlinking: /home/yann/ros2_ws/install/limo_msgs/include/limo_msgs/limo_msgs/msg/detail/limo_status__struct.h
-- Symlinking: /home/yann/ros2_ws/install/limo_msgs/include/limo_msgs/limo_msgs/msg/detail/limo_status__type_support.h
-- Symlinking: /home/yann/ros2_ws/install/limo_msgs/include/limo_msgs/limo_msgs/msg/limo_status.h
-- Symlinking: /home/yann/ros2_ws/install/limo_msgs/include/limo_msgs/limo_msgs/msg/rosidl_generator_c__visibility_control.h
-- Symlinking: /home/yann/ros2_ws/install/limo_msgs/share/limo_msgs/environment/library_path.sh
-- Symlinking: /home/yann/ros2_ws/install/limo_msgs/share/limo_msgs/environment/library_path.dsv
-- Symlinking: /home/yann/ros2_ws/install/limo_msgs/include/limo_msgs/limo_msgs/msg/detail/limo_status__rosidl_typesupport_fastrtps_c.h
-- Symlinking: /home/yann/ros2_ws/install/limo_msgs/include/limo_msgs/limo_msgs/msg/rosidl_typesupport_fastrtps_c__visibility_control.h
-- Symlinking: /home/yann/ros2_ws/install/limo_msgs/include/limo_msgs/limo_msgs/msg/detail/limo_status__builder.hpp
-- Symlinking: /home/yann/ros2_ws/install/limo_msgs/include/limo_msgs/limo_msgs/msg/detail/limo_status__struct.hpp
-- Symlinking: /home/yann/ros2_ws/install/limo_msgs/include/limo_msgs/limo_msgs/msg/detail/limo_status__traits.hpp
-- Symlinking: /home/yann/ros2_ws/install/limo_msgs/include/limo_msgs/limo_msgs/msg/detail/limo_status__type_support.hpp
-- Symlinking: /home/yann/ros2_ws/install/limo_msgs/include/limo_msgs/limo_msgs/msg/limo_status.hpp
-- Symlinking: /home/yann/ros2_ws/install/limo_msgs/include/limo_msgs/limo_msgs/msg/rosidl_generator_cpp__visibility_control.hpp
-- Symlinking: /home/yann/ros2_ws/install/limo_msgs/include/limo_msgs/limo_msgs/msg/detail/limo_status__rosidl_typesupport_fastrtps_cpp.hpp
-- Symlinking: /home/yann/ros2_ws/install/limo_msgs/include/limo_msgs/limo_msgs/msg/rosidl_typesupport_fastrtps_cpp__visibility_control.h
-- Symlinking: /home/yann/ros2_ws/install/limo_msgs/include/limo_msgs/limo_msgs/msg/detail/limo_status__rosidl_typesupport_introspection_c.h
-- Symlinking: /home/yann/ros2_ws/install/limo_msgs/include/limo_msgs/limo_msgs/msg/rosidl_typesupport_introspection_c__visibility_control.h
-- Symlinking: /home/yann/ros2_ws/install/limo_msgs/include/limo_msgs/limo_msgs/msg/detail/limo_status__rosidl_typesupport_introspection_cpp.hpp
-- Symlinking: /home/yann/ros2_ws/install/limo_msgs/share/limo_msgs/environment/pythonpath.sh
-- Symlinking: /home/yann/ros2_ws/install/limo_msgs/share/limo_msgs/environment/pythonpath.dsv
-- Symlinking: /home/yann/ros2_ws/install/limo_msgs/local/lib/python3.10/dist-packages/limo_msgs-0.0.0-py3.10.egg-info/PKG-INFO
-- Symlinking: /home/yann/ros2_ws/install/limo_msgs/local/lib/python3.10/dist-packages/limo_msgs-0.0.0-py3.10.egg-info/SOURCES.txt
-- Symlinking: /home/yann/ros2_ws/install/limo_msgs/local/lib/python3.10/dist-packages/limo_msgs-0.0.0-py3.10.egg-info/dependency_links.txt
-- Symlinking: /home/yann/ros2_ws/install/limo_msgs/local/lib/python3.10/dist-packages/limo_msgs-0.0.0-py3.10.egg-info/top_level.txt
-- Symlinking: /home/yann/ros2_ws/install/limo_msgs/local/lib/python3.10/dist-packages/limo_msgs/__init__.py
-- Symlinking: /home/yann/ros2_ws/install/limo_msgs/local/lib/python3.10/dist-packages/limo_msgs/_limo_msgs_s.ep.rosidl_typesupport_c.c
-- Symlinking: /home/yann/ros2_ws/install/limo_msgs/local/lib/python3.10/dist-packages/limo_msgs/_limo_msgs_s.ep.rosidl_typesupport_fastrtps_c.c
-- Symlinking: /home/yann/ros2_ws/install/limo_msgs/local/lib/python3.10/dist-packages/limo_msgs/_limo_msgs_s.ep.rosidl_typesupport_introspection_c.c
-- Symlinking: /home/yann/ros2_ws/install/limo_msgs/local/lib/python3.10/dist-packages/limo_msgs/liblimo_msgs__rosidl_generator_py.so
-- Symlinking: /home/yann/ros2_ws/install/limo_msgs/local/lib/python3.10/dist-packages/limo_msgs/limo_msgs_s__rosidl_typesupport_c.cpython-310-x86_64-linux-gnu.so
-- Symlinking: /home/yann/ros2_ws/install/limo_msgs/local/lib/python3.10/dist-packages/limo_msgs/limo_msgs_s__rosidl_typesupport_fastrtps_c.cpython-310-x86_64-linux-gnu.so
-- Symlinking: /home/yann/ros2_ws/install/limo_msgs/local/lib/python3.10/dist-packages/limo_msgs/limo_msgs_s__rosidl_typesupport_introspection_c.cpython-310-x86_64-linux-gnu.so
-- Symlinking: /home/yann/ros2_ws/install/limo_msgs/local/lib/python3.10/dist-packages/limo_msgs/msg/__init__.py
-- Symlinking: /home/yann/ros2_ws/install/limo_msgs/local/lib/python3.10/dist-packages/limo_msgs/msg/_limo_status.py
-- Symlinking: /home/yann/ros2_ws/install/limo_msgs/local/lib/python3.10/dist-packages/limo_msgs/msg/_limo_status_s.c
-- Up-to-date symlink: /home/yann/ros2_ws/install/limo_msgs/local/lib/python3.10/dist-packages/limo_msgs/limo_msgs_s__rosidl_typesupport_fastrtps_c.cpython-310-x86_64-linux-gnu.so
-- Up-to-date symlink: /home/yann/ros2_ws/install/limo_msgs/local/lib/python3.10/dist-packages/limo_msgs/limo_msgs_s__rosidl_typesupport_introspection_c.cpython-310-x86_64-linux-gnu.so
-- Up-to-date symlink: /home/yann/ros2_ws/install/limo_msgs/local/lib/python3.10/dist-packages/limo_msgs/limo_msgs_s__rosidl_typesupport_c.cpython-310-x86_64-linux-gnu.so
-- Symlinking: /home/yann/ros2_ws/install/limo_msgs/share/limo_msgs/msg/LimoStatus.idl
-- Symlinking: /home/yann/ros2_ws/install/limo_msgs/share/limo_msgs/msg/LimoStatus.msg
-- Symlinking: /home/yann/ros2_ws/install/limo_msgs/share/ament_index/resource_index/package_run_dependencies/limo_msgs
-- Symlinking: /home/yann/ros2_ws/install/limo_msgs/share/ament_index/resource_index/parent_prefix_path/limo_msgs
-- Symlinking: /home/yann/ros2_ws/install/limo_msgs/share/limo_msgs/environment/ament_prefix_path.sh
-- Symlinking: /home/yann/ros2_ws/install/limo_msgs/share/limo_msgs/environment/ament_prefix_path.dsv
-- Symlinking: /home/yann/ros2_ws/install/limo_msgs/share/limo_msgs/environment/path.sh
-- Symlinking: /home/yann/ros2_ws/install/limo_msgs/share/limo_msgs/environment/path.dsv
-- Symlinking: /home/yann/ros2_ws/install/limo_msgs/share/limo_msgs/local_setup.bash
-- Symlinking: /home/yann/ros2_ws/install/limo_msgs/share/limo_msgs/local_setup.sh
-- Symlinking: /home/yann/ros2_ws/install/limo_msgs/share/limo_msgs/local_setup.zsh
-- Symlinking: /home/yann/ros2_ws/install/limo_msgs/share/limo_msgs/local_setup.dsv
-- Symlinking: /home/yann/ros2_ws/install/limo_msgs/share/limo_msgs/package.dsv
-- Symlinking: /home/yann/ros2_ws/install/limo_msgs/share/ament_index/resource_index/packages/limo_msgs
-- Symlinking: /home/yann/ros2_ws/install/limo_msgs/share/limo_msgs/cmake/rosidl_cmake-extras.cmake
-- Symlinking: /home/yann/ros2_ws/install/limo_msgs/share/limo_msgs/cmake/ament_cmake_export_dependencies-extras.cmake
-- Symlinking: /home/yann/ros2_ws/install/limo_msgs/share/limo_msgs/cmake/ament_cmake_export_include_directories-extras.cmake
-- Symlinking: /home/yann/ros2_ws/install/limo_msgs/share/limo_msgs/cmake/ament_cmake_export_libraries-extras.cmake
-- Symlinking: /home/yann/ros2_ws/install/limo_msgs/share/limo_msgs/cmake/ament_cmake_export_targets-extras.cmake
-- Symlinking: /home/yann/ros2_ws/install/limo_msgs/share/limo_msgs/cmake/rosidl_cmake_export_typesupport_targets-extras.cmake
-- Symlinking: /home/yann/ros2_ws/install/limo_msgs/share/limo_msgs/cmake/rosidl_cmake_export_typesupport_libraries-extras.cmake
-- Symlinking: /home/yann/ros2_ws/install/limo_msgs/share/limo_msgs/cmake/limo_msgsConfig.cmake
-- Symlinking: /home/yann/ros2_ws/install/limo_msgs/share/limo_msgs/cmake/limo_msgsConfig-version.cmake
-- Symlinking: /home/yann/ros2_ws/install/limo_msgs/share/limo_msgs/package.xml
-- Installing: /home/yann/ros2_ws/install/limo_msgs/lib/liblimo_msgs__rosidl_generator_c.so
-- Set runtime path of "/home/yann/ros2_ws/install/limo_msgs/lib/liblimo_msgs__rosidl_generator_c.so" to ""
-- Installing: /home/yann/ros2_ws/install/limo_msgs/lib/liblimo_msgs__rosidl_typesupport_fastrtps_c.so
-- Set runtime path of "/home/yann/ros2_ws/install/limo_msgs/lib/liblimo_msgs__rosidl_typesupport_fastrtps_c.so" to ""
-- Installing: /home/yann/ros2_ws/install/limo_msgs/lib/liblimo_msgs__rosidl_typesupport_fastrtps_cpp.so
-- Set runtime path of "/home/yann/ros2_ws/install/limo_msgs/lib/liblimo_msgs__rosidl_typesupport_fastrtps_cpp.so" to ""
-- Installing: /home/yann/ros2_ws/install/limo_msgs/lib/liblimo_msgs__rosidl_typesupport_introspection_c.so
-- Set runtime path of "/home/yann/ros2_ws/install/limo_msgs/lib/liblimo_msgs__rosidl_typesupport_introspection_c.so" to ""
-- Installing: /home/yann/ros2_ws/install/limo_msgs/lib/liblimo_msgs__rosidl_typesupport_c.so
-- Set runtime path of "/home/yann/ros2_ws/install/limo_msgs/lib/liblimo_msgs__rosidl_typesupport_c.so" to ""
-- Installing: /home/yann/ros2_ws/install/limo_msgs/lib/liblimo_msgs__rosidl_typesupport_introspection_cpp.so
-- Set runtime path of "/home/yann/ros2_ws/install/limo_msgs/lib/liblimo_msgs__rosidl_typesupport_introspection_cpp.so" to ""
-- Installing: /home/yann/ros2_ws/install/limo_msgs/lib/liblimo_msgs__rosidl_typesupport_cpp.so
-- Set runtime path of "/home/yann/ros2_ws/install/limo_msgs/lib/liblimo_msgs__rosidl_typesupport_cpp.so" to ""
Listing '/home/yann/ros2_ws/install/limo_msgs/local/lib/python3.10/dist-packages/limo_msgs'...
Compiling '/home/yann/ros2_ws/install/limo_msgs/local/lib/python3.10/dist-packages/limo_msgs/__init__.py'...
Listing '/home/yann/ros2_ws/install/limo_msgs/local/lib/python3.10/dist-packages/limo_msgs/msg'...
Compiling '/home/yann/ros2_ws/install/limo_msgs/local/lib/python3.10/dist-packages/limo_msgs/msg/__init__.py'...
Compiling '/home/yann/ros2_ws/install/limo_msgs/local/lib/python3.10/dist-packages/limo_msgs/msg/_limo_status.py'...
-- Installing: /home/yann/ros2_ws/install/limo_msgs/lib/liblimo_msgs__rosidl_generator_py.so
-- Set runtime path of "/home/yann/ros2_ws/install/limo_msgs/lib/liblimo_msgs__rosidl_generator_py.so" to ""
-- Installing: /home/yann/ros2_ws/install/limo_msgs/share/limo_msgs/cmake/export_limo_msgs__rosidl_generator_cExport.cmake
-- Installing: /home/yann/ros2_ws/install/limo_msgs/share/limo_msgs/cmake/export_limo_msgs__rosidl_generator_cExport-noconfig.cmake
-- Installing: /home/yann/ros2_ws/install/limo_msgs/share/limo_msgs/cmake/export_limo_msgs__rosidl_typesupport_fastrtps_cExport.cmake
-- Installing: /home/yann/ros2_ws/install/limo_msgs/share/limo_msgs/cmake/export_limo_msgs__rosidl_typesupport_fastrtps_cExport-noconfig.cmake
-- Installing: /home/yann/ros2_ws/install/limo_msgs/share/limo_msgs/cmake/export_limo_msgs__rosidl_generator_cppExport.cmake
-- Installing: /home/yann/ros2_ws/install/limo_msgs/share/limo_msgs/cmake/export_limo_msgs__rosidl_typesupport_fastrtps_cppExport.cmake
-- Installing: /home/yann/ros2_ws/install/limo_msgs/share/limo_msgs/cmake/export_limo_msgs__rosidl_typesupport_fastrtps_cppExport-noconfig.cmake
-- Installing: /home/yann/ros2_ws/install/limo_msgs/share/limo_msgs/cmake/limo_msgs__rosidl_typesupport_introspection_cExport.cmake
-- Installing: /home/yann/ros2_ws/install/limo_msgs/share/limo_msgs/cmake/limo_msgs__rosidl_typesupport_introspection_cExport-noconfig.cmake
-- Installing: /home/yann/ros2_ws/install/limo_msgs/share/limo_msgs/cmake/limo_msgs__rosidl_typesupport_cExport.cmake
-- Installing: /home/yann/ros2_ws/install/limo_msgs/share/limo_msgs/cmake/limo_msgs__rosidl_typesupport_cExport-noconfig.cmake
-- Installing: /home/yann/ros2_ws/install/limo_msgs/share/limo_msgs/cmake/limo_msgs__rosidl_typesupport_introspection_cppExport.cmake
-- Installing: /home/yann/ros2_ws/install/limo_msgs/share/limo_msgs/cmake/limo_msgs__rosidl_typesupport_introspection_cppExport-noconfig.cmake
-- Installing: /home/yann/ros2_ws/install/limo_msgs/share/limo_msgs/cmake/limo_msgs__rosidl_typesupport_cppExport.cmake
-- Installing: /home/yann/ros2_ws/install/limo_msgs/share/limo_msgs/cmake/limo_msgs__rosidl_typesupport_cppExport-noconfig.cmake
-- Installing: /home/yann/ros2_ws/install/limo_msgs/share/limo_msgs/cmake/export_limo_msgs__rosidl_generator_pyExport.cmake
-- Installing: /home/yann/ros2_ws/install/limo_msgs/share/limo_msgs/cmake/export_limo_msgs__rosidl_generator_pyExport-noconfig.cmake
