[0.078s] Invoking command in '/home/yann/ros2_ws/build/limo_msgs': CMAKE_PREFIX_PATH=${CMAKE_PREFIX_PATH}:/opt/ros/humble:/home/yann/ros2_humble/install/rqt_bag_plugins:/home/yann/ros2_humble/install/rqt_bag:/home/yann/ros2_humble/install/launch_testing_examples:/home/yann/ros2_humble/install/ros2bag:/home/yann/ros2_humble/install/tracetools_test:/home/yann/ros2_humble/install/tracetools_launch:/home/yann/ros2_humble/install/topic_monitor:/home/yann/ros2_humble/install/tf2_tools:/home/yann/ros2_humble/install/examples_tf2_py:/home/yann/ros2_humble/install/tf2_ros_py:/home/yann/ros2_humble/install/sros2:/home/yann/ros2_humble/install/rqt_topic:/home/yann/ros2_humble/install/rqt_srv:/home/yann/ros2_humble/install/rqt_shell:/home/yann/ros2_humble/install/rqt_service_caller:/home/yann/ros2_humble/install/rqt_reconfigure:/home/yann/ros2_humble/install/rqt_py_console:/home/yann/ros2_humble/install/rqt_publisher:/home/yann/ros2_humble/install/rqt_plot:/home/yann/ros2_humble/install/rqt_action:/home/yann/ros2_humble/install/rqt_msg:/home/yann/ros2_humble/install/rqt_console:/home/yann/ros2_humble/install/rqt:/home/yann/ros2_humble/install/rqt_graph:/home/yann/ros2_humble/install/rqt_gui_py:/home/yann/ros2_humble/install/rqt_gui:/home/yann/ros2_humble/install/ros2trace:/home/yann/ros2_humble/install/ros2topic:/home/yann/ros2_humble/install/ros2test:/home/yann/ros2_humble/install/ros2component:/home/yann/ros2_humble/install/ros2param:/home/yann/ros2_humble/install/ros2lifecycle:/home/yann/ros2_humble/install/ros2service:/home/yann/ros2_humble/install/ros2run:/home/yann/ros2_humble/install/ros2plugin:/home/yann/ros2_humble/install/ros2launch:/home/yann/ros2_humble/install/ros2pkg:/home/yann/ros2_humble/install/ros2node:/home/yann/ros2_humble/install/ros2multicast:/home/yann/ros2_humble/install/ros2interface:/home/yann/ros2_humble/install/ros2doctor:/home/yann/ros2_humble/install/ros2action:/home/yann/ros2_humble/install/ros2cli:/home/yann/ros2_humble/install/quality_of_service_demo_py:/home/yann/ros2_humble/install/lifecycle_py:/home/yann/ros2_humble/install/launch_testing_ros:/home/yann/ros2_humble/install/launch_ros:/home/yann/ros2_humble/install/examples_rclpy_pointcloud_publisher:/home/yann/ros2_humble/install/examples_rclpy_minimal_subscriber:/home/yann/ros2_humble/install/examples_rclpy_minimal_service:/home/yann/ros2_humble/install/examples_rclpy_minimal_publisher:/home/yann/ros2_humble/install/examples_rclpy_minimal_client:/home/yann/ros2_humble/install/examples_rclpy_minimal_action_server:/home/yann/ros2_humble/install/examples_rclpy_minimal_action_client:/home/yann/ros2_humble/install/examples_rclpy_guard_conditions:/home/yann/ros2_humble/install/examples_rclpy_executors:/home/yann/ros2_humble/install/demo_nodes_py:/home/yann/ros2_humble/install/camera_info_manager_py:/home/yann/ros2_humble/install/action_tutorials_py:/home/yann/ros2_humble/install/ament_uncrustify:/home/yann/ros2_humble/install/tracetools_trace:/home/yann/ros2_humble/install/tracetools_read:/home/yann/ros2_humble/install/test_tracetools_launch:/home/yann/ros2_humble/install/test_launch_ros:/home/yann/ros2_humble/install/sensor_msgs_py:/home/yann/ros2_humble/install/rpyutils:/home/yann/ros2_humble/install/rosidl_runtime_py:/home/yann/ros2_humble/install/rosidl_cli:/home/yann/ros2_humble/install/launch_pytest:/home/yann/ros2_humble/install/launch_testing:/home/yann/ros2_humble/install/launch_yaml:/home/yann/ros2_humble/install/launch_xml:/home/yann/ros2_humble/install/launch:/home/yann/ros2_humble/install/osrf_pycommon:/home/yann/ros2_humble/install/domain_coordinator:/home/yann/ros2_humble/install/ament_xmllint:/home/yann/ros2_humble/install/ament_pyflakes:/home/yann/ros2_humble/install/ament_pycodestyle:/home/yann/ros2_humble/install/ament_pep257:/home/yann/ros2_humble/install/ament_pclint:/home/yann/ros2_humble/install/ament_package:/home/yann/ros2_humble/install/ament_mypy:/home/yann/ros2_humble/install/ament_lint_cmake:/home/yann/ros2_humble/install/ament_flake8:/home/yann/ros2_humble/install/ament_copyright:/home/yann/ros2_humble/install/ament_lint:/home/yann/ros2_humble/install/ament_index_python:/home/yann/ros2_humble/install/ament_cpplint:/home/yann/ros2_humble/install/ament_cppcheck:/home/yann/ros2_humble/install/ament_clang_tidy:/home/yann/ros2_humble/install/ament_clang_format /usr/bin/cmake --build /home/yann/ros2_ws/build/limo_msgs -- -j16 -l16
[0.219s] [  9%] Built target limo_msgs__rosidl_generator_c
[0.219s] [ 12%] Built target limo_msgs__cpp
[0.243s] [ 12%] Built target ament_cmake_python_symlink_limo_msgs
[0.281s] [ 32%] Built target limo_msgs__rosidl_typesupport_c
[0.282s] [ 32%] Built target limo_msgs__rosidl_typesupport_fastrtps_c
[0.282s] [ 48%] Built target limo_msgs__rosidl_typesupport_cpp
[0.282s] [ 51%] Built target limo_msgs__rosidl_typesupport_fastrtps_cpp
[0.282s] [ 61%] Built target limo_msgs__rosidl_typesupport_introspection_cpp
[0.284s] [ 70%] Built target limo_msgs__rosidl_typesupport_introspection_c
[0.347s] [ 70%] Built target limo_msgs
[0.408s] [ 74%] Built target limo_msgs__py
[0.471s] [ 80%] Built target limo_msgs__rosidl_generator_py
[0.532s] [100%] Built target limo_msgs__rosidl_typesupport_c__pyext
[0.532s] [100%] Built target limo_msgs__rosidl_typesupport_introspection_c__pyext
[0.532s] [100%] Built target limo_msgs__rosidl_typesupport_fastrtps_c__pyext
[0.753s] running egg_info
[0.754s] writing limo_msgs.egg-info/PKG-INFO
[0.754s] writing dependency_links to limo_msgs.egg-info/dependency_links.txt
[0.754s] writing top-level names to limo_msgs.egg-info/top_level.txt
[0.756s] reading manifest file 'limo_msgs.egg-info/SOURCES.txt'
[0.757s] writing manifest file 'limo_msgs.egg-info/SOURCES.txt'
[0.805s] [100%] Built target ament_cmake_python_build_limo_msgs_egg
[0.831s] Invoked command in '/home/yann/ros2_ws/build/limo_msgs' returned '0': CMAKE_PREFIX_PATH=${CMAKE_PREFIX_PATH}:/opt/ros/humble:/home/yann/ros2_humble/install/rqt_bag_plugins:/home/yann/ros2_humble/install/rqt_bag:/home/yann/ros2_humble/install/launch_testing_examples:/home/yann/ros2_humble/install/ros2bag:/home/yann/ros2_humble/install/tracetools_test:/home/yann/ros2_humble/install/tracetools_launch:/home/yann/ros2_humble/install/topic_monitor:/home/yann/ros2_humble/install/tf2_tools:/home/yann/ros2_humble/install/examples_tf2_py:/home/yann/ros2_humble/install/tf2_ros_py:/home/yann/ros2_humble/install/sros2:/home/yann/ros2_humble/install/rqt_topic:/home/yann/ros2_humble/install/rqt_srv:/home/yann/ros2_humble/install/rqt_shell:/home/yann/ros2_humble/install/rqt_service_caller:/home/yann/ros2_humble/install/rqt_reconfigure:/home/yann/ros2_humble/install/rqt_py_console:/home/yann/ros2_humble/install/rqt_publisher:/home/yann/ros2_humble/install/rqt_plot:/home/yann/ros2_humble/install/rqt_action:/home/yann/ros2_humble/install/rqt_msg:/home/yann/ros2_humble/install/rqt_console:/home/yann/ros2_humble/install/rqt:/home/yann/ros2_humble/install/rqt_graph:/home/yann/ros2_humble/install/rqt_gui_py:/home/yann/ros2_humble/install/rqt_gui:/home/yann/ros2_humble/install/ros2trace:/home/yann/ros2_humble/install/ros2topic:/home/yann/ros2_humble/install/ros2test:/home/yann/ros2_humble/install/ros2component:/home/yann/ros2_humble/install/ros2param:/home/yann/ros2_humble/install/ros2lifecycle:/home/yann/ros2_humble/install/ros2service:/home/yann/ros2_humble/install/ros2run:/home/yann/ros2_humble/install/ros2plugin:/home/yann/ros2_humble/install/ros2launch:/home/yann/ros2_humble/install/ros2pkg:/home/yann/ros2_humble/install/ros2node:/home/yann/ros2_humble/install/ros2multicast:/home/yann/ros2_humble/install/ros2interface:/home/yann/ros2_humble/install/ros2doctor:/home/yann/ros2_humble/install/ros2action:/home/yann/ros2_humble/install/ros2cli:/home/yann/ros2_humble/install/quality_of_service_demo_py:/home/yann/ros2_humble/install/lifecycle_py:/home/yann/ros2_humble/install/launch_testing_ros:/home/yann/ros2_humble/install/launch_ros:/home/yann/ros2_humble/install/examples_rclpy_pointcloud_publisher:/home/yann/ros2_humble/install/examples_rclpy_minimal_subscriber:/home/yann/ros2_humble/install/examples_rclpy_minimal_service:/home/yann/ros2_humble/install/examples_rclpy_minimal_publisher:/home/yann/ros2_humble/install/examples_rclpy_minimal_client:/home/yann/ros2_humble/install/examples_rclpy_minimal_action_server:/home/yann/ros2_humble/install/examples_rclpy_minimal_action_client:/home/yann/ros2_humble/install/examples_rclpy_guard_conditions:/home/yann/ros2_humble/install/examples_rclpy_executors:/home/yann/ros2_humble/install/demo_nodes_py:/home/yann/ros2_humble/install/camera_info_manager_py:/home/yann/ros2_humble/install/action_tutorials_py:/home/yann/ros2_humble/install/ament_uncrustify:/home/yann/ros2_humble/install/tracetools_trace:/home/yann/ros2_humble/install/tracetools_read:/home/yann/ros2_humble/install/test_tracetools_launch:/home/yann/ros2_humble/install/test_launch_ros:/home/yann/ros2_humble/install/sensor_msgs_py:/home/yann/ros2_humble/install/rpyutils:/home/yann/ros2_humble/install/rosidl_runtime_py:/home/yann/ros2_humble/install/rosidl_cli:/home/yann/ros2_humble/install/launch_pytest:/home/yann/ros2_humble/install/launch_testing:/home/yann/ros2_humble/install/launch_yaml:/home/yann/ros2_humble/install/launch_xml:/home/yann/ros2_humble/install/launch:/home/yann/ros2_humble/install/osrf_pycommon:/home/yann/ros2_humble/install/domain_coordinator:/home/yann/ros2_humble/install/ament_xmllint:/home/yann/ros2_humble/install/ament_pyflakes:/home/yann/ros2_humble/install/ament_pycodestyle:/home/yann/ros2_humble/install/ament_pep257:/home/yann/ros2_humble/install/ament_pclint:/home/yann/ros2_humble/install/ament_package:/home/yann/ros2_humble/install/ament_mypy:/home/yann/ros2_humble/install/ament_lint_cmake:/home/yann/ros2_humble/install/ament_flake8:/home/yann/ros2_humble/install/ament_copyright:/home/yann/ros2_humble/install/ament_lint:/home/yann/ros2_humble/install/ament_index_python:/home/yann/ros2_humble/install/ament_cpplint:/home/yann/ros2_humble/install/ament_cppcheck:/home/yann/ros2_humble/install/ament_clang_tidy:/home/yann/ros2_humble/install/ament_clang_format /usr/bin/cmake --build /home/yann/ros2_ws/build/limo_msgs -- -j16 -l16
[0.832s] Invoking command in '/home/yann/ros2_ws/build/limo_msgs': CMAKE_PREFIX_PATH=${CMAKE_PREFIX_PATH}:/opt/ros/humble:/home/yann/ros2_humble/install/rqt_bag_plugins:/home/yann/ros2_humble/install/rqt_bag:/home/yann/ros2_humble/install/launch_testing_examples:/home/yann/ros2_humble/install/ros2bag:/home/yann/ros2_humble/install/tracetools_test:/home/yann/ros2_humble/install/tracetools_launch:/home/yann/ros2_humble/install/topic_monitor:/home/yann/ros2_humble/install/tf2_tools:/home/yann/ros2_humble/install/examples_tf2_py:/home/yann/ros2_humble/install/tf2_ros_py:/home/yann/ros2_humble/install/sros2:/home/yann/ros2_humble/install/rqt_topic:/home/yann/ros2_humble/install/rqt_srv:/home/yann/ros2_humble/install/rqt_shell:/home/yann/ros2_humble/install/rqt_service_caller:/home/yann/ros2_humble/install/rqt_reconfigure:/home/yann/ros2_humble/install/rqt_py_console:/home/yann/ros2_humble/install/rqt_publisher:/home/yann/ros2_humble/install/rqt_plot:/home/yann/ros2_humble/install/rqt_action:/home/yann/ros2_humble/install/rqt_msg:/home/yann/ros2_humble/install/rqt_console:/home/yann/ros2_humble/install/rqt:/home/yann/ros2_humble/install/rqt_graph:/home/yann/ros2_humble/install/rqt_gui_py:/home/yann/ros2_humble/install/rqt_gui:/home/yann/ros2_humble/install/ros2trace:/home/yann/ros2_humble/install/ros2topic:/home/yann/ros2_humble/install/ros2test:/home/yann/ros2_humble/install/ros2component:/home/yann/ros2_humble/install/ros2param:/home/yann/ros2_humble/install/ros2lifecycle:/home/yann/ros2_humble/install/ros2service:/home/yann/ros2_humble/install/ros2run:/home/yann/ros2_humble/install/ros2plugin:/home/yann/ros2_humble/install/ros2launch:/home/yann/ros2_humble/install/ros2pkg:/home/yann/ros2_humble/install/ros2node:/home/yann/ros2_humble/install/ros2multicast:/home/yann/ros2_humble/install/ros2interface:/home/yann/ros2_humble/install/ros2doctor:/home/yann/ros2_humble/install/ros2action:/home/yann/ros2_humble/install/ros2cli:/home/yann/ros2_humble/install/quality_of_service_demo_py:/home/yann/ros2_humble/install/lifecycle_py:/home/yann/ros2_humble/install/launch_testing_ros:/home/yann/ros2_humble/install/launch_ros:/home/yann/ros2_humble/install/examples_rclpy_pointcloud_publisher:/home/yann/ros2_humble/install/examples_rclpy_minimal_subscriber:/home/yann/ros2_humble/install/examples_rclpy_minimal_service:/home/yann/ros2_humble/install/examples_rclpy_minimal_publisher:/home/yann/ros2_humble/install/examples_rclpy_minimal_client:/home/yann/ros2_humble/install/examples_rclpy_minimal_action_server:/home/yann/ros2_humble/install/examples_rclpy_minimal_action_client:/home/yann/ros2_humble/install/examples_rclpy_guard_conditions:/home/yann/ros2_humble/install/examples_rclpy_executors:/home/yann/ros2_humble/install/demo_nodes_py:/home/yann/ros2_humble/install/camera_info_manager_py:/home/yann/ros2_humble/install/action_tutorials_py:/home/yann/ros2_humble/install/ament_uncrustify:/home/yann/ros2_humble/install/tracetools_trace:/home/yann/ros2_humble/install/tracetools_read:/home/yann/ros2_humble/install/test_tracetools_launch:/home/yann/ros2_humble/install/test_launch_ros:/home/yann/ros2_humble/install/sensor_msgs_py:/home/yann/ros2_humble/install/rpyutils:/home/yann/ros2_humble/install/rosidl_runtime_py:/home/yann/ros2_humble/install/rosidl_cli:/home/yann/ros2_humble/install/launch_pytest:/home/yann/ros2_humble/install/launch_testing:/home/yann/ros2_humble/install/launch_yaml:/home/yann/ros2_humble/install/launch_xml:/home/yann/ros2_humble/install/launch:/home/yann/ros2_humble/install/osrf_pycommon:/home/yann/ros2_humble/install/domain_coordinator:/home/yann/ros2_humble/install/ament_xmllint:/home/yann/ros2_humble/install/ament_pyflakes:/home/yann/ros2_humble/install/ament_pycodestyle:/home/yann/ros2_humble/install/ament_pep257:/home/yann/ros2_humble/install/ament_pclint:/home/yann/ros2_humble/install/ament_package:/home/yann/ros2_humble/install/ament_mypy:/home/yann/ros2_humble/install/ament_lint_cmake:/home/yann/ros2_humble/install/ament_flake8:/home/yann/ros2_humble/install/ament_copyright:/home/yann/ros2_humble/install/ament_lint:/home/yann/ros2_humble/install/ament_index_python:/home/yann/ros2_humble/install/ament_cpplint:/home/yann/ros2_humble/install/ament_cppcheck:/home/yann/ros2_humble/install/ament_clang_tidy:/home/yann/ros2_humble/install/ament_clang_format /usr/bin/cmake --install /home/yann/ros2_ws/build/limo_msgs
[0.852s] -- Install configuration: ""
[0.853s] -- Execute custom install script
[0.853s] -- Symlinking: /home/yann/ros2_ws/install/limo_msgs/share/ament_index/resource_index/rosidl_interfaces/limo_msgs
[0.875s] -- Symlinking: /home/yann/ros2_ws/install/limo_msgs/include/limo_msgs/limo_msgs/msg/detail/limo_status__functions.h
[0.897s] -- Symlinking: /home/yann/ros2_ws/install/limo_msgs/include/limo_msgs/limo_msgs/msg/detail/limo_status__struct.h
[0.919s] -- Symlinking: /home/yann/ros2_ws/install/limo_msgs/include/limo_msgs/limo_msgs/msg/detail/limo_status__type_support.h
[0.941s] -- Symlinking: /home/yann/ros2_ws/install/limo_msgs/include/limo_msgs/limo_msgs/msg/limo_status.h
[0.963s] -- Symlinking: /home/yann/ros2_ws/install/limo_msgs/include/limo_msgs/limo_msgs/msg/rosidl_generator_c__visibility_control.h
[0.985s] -- Symlinking: /home/yann/ros2_ws/install/limo_msgs/share/limo_msgs/environment/library_path.sh
[1.008s] -- Symlinking: /home/yann/ros2_ws/install/limo_msgs/share/limo_msgs/environment/library_path.dsv
[1.031s] -- Symlinking: /home/yann/ros2_ws/install/limo_msgs/include/limo_msgs/limo_msgs/msg/detail/limo_status__rosidl_typesupport_fastrtps_c.h
[1.054s] -- Symlinking: /home/yann/ros2_ws/install/limo_msgs/include/limo_msgs/limo_msgs/msg/rosidl_typesupport_fastrtps_c__visibility_control.h
[1.076s] -- Symlinking: /home/yann/ros2_ws/install/limo_msgs/include/limo_msgs/limo_msgs/msg/detail/limo_status__builder.hpp
[1.100s] -- Symlinking: /home/yann/ros2_ws/install/limo_msgs/include/limo_msgs/limo_msgs/msg/detail/limo_status__struct.hpp
[1.122s] -- Symlinking: /home/yann/ros2_ws/install/limo_msgs/include/limo_msgs/limo_msgs/msg/detail/limo_status__traits.hpp
[1.145s] -- Symlinking: /home/yann/ros2_ws/install/limo_msgs/include/limo_msgs/limo_msgs/msg/detail/limo_status__type_support.hpp
[1.166s] -- Symlinking: /home/yann/ros2_ws/install/limo_msgs/include/limo_msgs/limo_msgs/msg/limo_status.hpp
[1.188s] -- Symlinking: /home/yann/ros2_ws/install/limo_msgs/include/limo_msgs/limo_msgs/msg/rosidl_generator_cpp__visibility_control.hpp
[1.210s] -- Symlinking: /home/yann/ros2_ws/install/limo_msgs/include/limo_msgs/limo_msgs/msg/detail/limo_status__rosidl_typesupport_fastrtps_cpp.hpp
[1.234s] -- Symlinking: /home/yann/ros2_ws/install/limo_msgs/include/limo_msgs/limo_msgs/msg/rosidl_typesupport_fastrtps_cpp__visibility_control.h
[1.255s] -- Symlinking: /home/yann/ros2_ws/install/limo_msgs/include/limo_msgs/limo_msgs/msg/detail/limo_status__rosidl_typesupport_introspection_c.h
[1.277s] -- Symlinking: /home/yann/ros2_ws/install/limo_msgs/include/limo_msgs/limo_msgs/msg/rosidl_typesupport_introspection_c__visibility_control.h
[1.300s] -- Symlinking: /home/yann/ros2_ws/install/limo_msgs/include/limo_msgs/limo_msgs/msg/detail/limo_status__rosidl_typesupport_introspection_cpp.hpp
[1.322s] -- Symlinking: /home/yann/ros2_ws/install/limo_msgs/share/limo_msgs/environment/pythonpath.sh
[1.345s] -- Symlinking: /home/yann/ros2_ws/install/limo_msgs/share/limo_msgs/environment/pythonpath.dsv
[1.368s] -- Symlinking: /home/yann/ros2_ws/install/limo_msgs/local/lib/python3.10/dist-packages/limo_msgs-0.0.0-py3.10.egg-info/PKG-INFO
[1.389s] -- Symlinking: /home/yann/ros2_ws/install/limo_msgs/local/lib/python3.10/dist-packages/limo_msgs-0.0.0-py3.10.egg-info/SOURCES.txt
[1.413s] -- Symlinking: /home/yann/ros2_ws/install/limo_msgs/local/lib/python3.10/dist-packages/limo_msgs-0.0.0-py3.10.egg-info/dependency_links.txt
[1.435s] -- Symlinking: /home/yann/ros2_ws/install/limo_msgs/local/lib/python3.10/dist-packages/limo_msgs-0.0.0-py3.10.egg-info/top_level.txt
[1.457s] -- Symlinking: /home/yann/ros2_ws/install/limo_msgs/local/lib/python3.10/dist-packages/limo_msgs/__init__.py
[1.479s] -- Symlinking: /home/yann/ros2_ws/install/limo_msgs/local/lib/python3.10/dist-packages/limo_msgs/_limo_msgs_s.ep.rosidl_typesupport_c.c
[1.500s] -- Symlinking: /home/yann/ros2_ws/install/limo_msgs/local/lib/python3.10/dist-packages/limo_msgs/_limo_msgs_s.ep.rosidl_typesupport_fastrtps_c.c
[1.522s] -- Symlinking: /home/yann/ros2_ws/install/limo_msgs/local/lib/python3.10/dist-packages/limo_msgs/_limo_msgs_s.ep.rosidl_typesupport_introspection_c.c
[1.544s] -- Symlinking: /home/yann/ros2_ws/install/limo_msgs/local/lib/python3.10/dist-packages/limo_msgs/liblimo_msgs__rosidl_generator_py.so
[1.565s] -- Symlinking: /home/yann/ros2_ws/install/limo_msgs/local/lib/python3.10/dist-packages/limo_msgs/limo_msgs_s__rosidl_typesupport_c.cpython-310-x86_64-linux-gnu.so
[1.588s] -- Symlinking: /home/yann/ros2_ws/install/limo_msgs/local/lib/python3.10/dist-packages/limo_msgs/limo_msgs_s__rosidl_typesupport_fastrtps_c.cpython-310-x86_64-linux-gnu.so
[1.609s] -- Symlinking: /home/yann/ros2_ws/install/limo_msgs/local/lib/python3.10/dist-packages/limo_msgs/limo_msgs_s__rosidl_typesupport_introspection_c.cpython-310-x86_64-linux-gnu.so
[1.631s] -- Symlinking: /home/yann/ros2_ws/install/limo_msgs/local/lib/python3.10/dist-packages/limo_msgs/msg/__init__.py
[1.653s] -- Symlinking: /home/yann/ros2_ws/install/limo_msgs/local/lib/python3.10/dist-packages/limo_msgs/msg/_limo_status.py
[1.675s] -- Symlinking: /home/yann/ros2_ws/install/limo_msgs/local/lib/python3.10/dist-packages/limo_msgs/msg/_limo_status_s.c
[1.698s] -- Up-to-date symlink: /home/yann/ros2_ws/install/limo_msgs/local/lib/python3.10/dist-packages/limo_msgs/limo_msgs_s__rosidl_typesupport_fastrtps_c.cpython-310-x86_64-linux-gnu.so
[1.698s] -- Up-to-date symlink: /home/yann/ros2_ws/install/limo_msgs/local/lib/python3.10/dist-packages/limo_msgs/limo_msgs_s__rosidl_typesupport_introspection_c.cpython-310-x86_64-linux-gnu.so
[1.698s] -- Up-to-date symlink: /home/yann/ros2_ws/install/limo_msgs/local/lib/python3.10/dist-packages/limo_msgs/limo_msgs_s__rosidl_typesupport_c.cpython-310-x86_64-linux-gnu.so
[1.698s] -- Symlinking: /home/yann/ros2_ws/install/limo_msgs/share/limo_msgs/msg/LimoStatus.idl
[1.721s] -- Symlinking: /home/yann/ros2_ws/install/limo_msgs/share/limo_msgs/msg/LimoStatus.msg
[1.743s] -- Symlinking: /home/yann/ros2_ws/install/limo_msgs/share/ament_index/resource_index/package_run_dependencies/limo_msgs
[1.765s] -- Symlinking: /home/yann/ros2_ws/install/limo_msgs/share/ament_index/resource_index/parent_prefix_path/limo_msgs
[1.787s] -- Symlinking: /home/yann/ros2_ws/install/limo_msgs/share/limo_msgs/environment/ament_prefix_path.sh
[1.809s] -- Symlinking: /home/yann/ros2_ws/install/limo_msgs/share/limo_msgs/environment/ament_prefix_path.dsv
[1.831s] -- Symlinking: /home/yann/ros2_ws/install/limo_msgs/share/limo_msgs/environment/path.sh
[1.852s] -- Symlinking: /home/yann/ros2_ws/install/limo_msgs/share/limo_msgs/environment/path.dsv
[1.874s] -- Symlinking: /home/yann/ros2_ws/install/limo_msgs/share/limo_msgs/local_setup.bash
[1.896s] -- Symlinking: /home/yann/ros2_ws/install/limo_msgs/share/limo_msgs/local_setup.sh
[1.918s] -- Symlinking: /home/yann/ros2_ws/install/limo_msgs/share/limo_msgs/local_setup.zsh
[1.940s] -- Symlinking: /home/yann/ros2_ws/install/limo_msgs/share/limo_msgs/local_setup.dsv
[1.962s] -- Symlinking: /home/yann/ros2_ws/install/limo_msgs/share/limo_msgs/package.dsv
[1.983s] -- Symlinking: /home/yann/ros2_ws/install/limo_msgs/share/ament_index/resource_index/packages/limo_msgs
[2.006s] -- Symlinking: /home/yann/ros2_ws/install/limo_msgs/share/limo_msgs/cmake/rosidl_cmake-extras.cmake
[2.027s] -- Symlinking: /home/yann/ros2_ws/install/limo_msgs/share/limo_msgs/cmake/ament_cmake_export_dependencies-extras.cmake
[2.049s] -- Symlinking: /home/yann/ros2_ws/install/limo_msgs/share/limo_msgs/cmake/ament_cmake_export_include_directories-extras.cmake
[2.072s] -- Symlinking: /home/yann/ros2_ws/install/limo_msgs/share/limo_msgs/cmake/ament_cmake_export_libraries-extras.cmake
[2.095s] -- Symlinking: /home/yann/ros2_ws/install/limo_msgs/share/limo_msgs/cmake/ament_cmake_export_targets-extras.cmake
[2.117s] -- Symlinking: /home/yann/ros2_ws/install/limo_msgs/share/limo_msgs/cmake/rosidl_cmake_export_typesupport_targets-extras.cmake
[2.139s] -- Symlinking: /home/yann/ros2_ws/install/limo_msgs/share/limo_msgs/cmake/rosidl_cmake_export_typesupport_libraries-extras.cmake
[2.161s] -- Symlinking: /home/yann/ros2_ws/install/limo_msgs/share/limo_msgs/cmake/limo_msgsConfig.cmake
[2.183s] -- Symlinking: /home/yann/ros2_ws/install/limo_msgs/share/limo_msgs/cmake/limo_msgsConfig-version.cmake
[2.206s] -- Symlinking: /home/yann/ros2_ws/install/limo_msgs/share/limo_msgs/package.xml
[2.228s] -- Installing: /home/yann/ros2_ws/install/limo_msgs/lib/liblimo_msgs__rosidl_generator_c.so
[2.228s] -- Set runtime path of "/home/yann/ros2_ws/install/limo_msgs/lib/liblimo_msgs__rosidl_generator_c.so" to ""
[2.228s] -- Installing: /home/yann/ros2_ws/install/limo_msgs/lib/liblimo_msgs__rosidl_typesupport_fastrtps_c.so
[2.229s] -- Set runtime path of "/home/yann/ros2_ws/install/limo_msgs/lib/liblimo_msgs__rosidl_typesupport_fastrtps_c.so" to ""
[2.229s] -- Installing: /home/yann/ros2_ws/install/limo_msgs/lib/liblimo_msgs__rosidl_typesupport_fastrtps_cpp.so
[2.229s] -- Set runtime path of "/home/yann/ros2_ws/install/limo_msgs/lib/liblimo_msgs__rosidl_typesupport_fastrtps_cpp.so" to ""
[2.229s] -- Installing: /home/yann/ros2_ws/install/limo_msgs/lib/liblimo_msgs__rosidl_typesupport_introspection_c.so
[2.230s] -- Set runtime path of "/home/yann/ros2_ws/install/limo_msgs/lib/liblimo_msgs__rosidl_typesupport_introspection_c.so" to ""
[2.230s] -- Installing: /home/yann/ros2_ws/install/limo_msgs/lib/liblimo_msgs__rosidl_typesupport_c.so
[2.230s] -- Set runtime path of "/home/yann/ros2_ws/install/limo_msgs/lib/liblimo_msgs__rosidl_typesupport_c.so" to ""
[2.230s] -- Installing: /home/yann/ros2_ws/install/limo_msgs/lib/liblimo_msgs__rosidl_typesupport_introspection_cpp.so
[2.230s] -- Set runtime path of "/home/yann/ros2_ws/install/limo_msgs/lib/liblimo_msgs__rosidl_typesupport_introspection_cpp.so" to ""
[2.231s] -- Installing: /home/yann/ros2_ws/install/limo_msgs/lib/liblimo_msgs__rosidl_typesupport_cpp.so
[2.231s] -- Set runtime path of "/home/yann/ros2_ws/install/limo_msgs/lib/liblimo_msgs__rosidl_typesupport_cpp.so" to ""
[2.364s] Listing '/home/yann/ros2_ws/install/limo_msgs/local/lib/python3.10/dist-packages/limo_msgs'...
[2.364s] Compiling '/home/yann/ros2_ws/install/limo_msgs/local/lib/python3.10/dist-packages/limo_msgs/__init__.py'...
[2.364s] Listing '/home/yann/ros2_ws/install/limo_msgs/local/lib/python3.10/dist-packages/limo_msgs/msg'...
[2.364s] Compiling '/home/yann/ros2_ws/install/limo_msgs/local/lib/python3.10/dist-packages/limo_msgs/msg/__init__.py'...
[2.364s] Compiling '/home/yann/ros2_ws/install/limo_msgs/local/lib/python3.10/dist-packages/limo_msgs/msg/_limo_status.py'...
[2.369s] -- Installing: /home/yann/ros2_ws/install/limo_msgs/lib/liblimo_msgs__rosidl_generator_py.so
[2.370s] -- Set runtime path of "/home/yann/ros2_ws/install/limo_msgs/lib/liblimo_msgs__rosidl_generator_py.so" to ""
[2.370s] -- Installing: /home/yann/ros2_ws/install/limo_msgs/share/limo_msgs/cmake/export_limo_msgs__rosidl_generator_cExport.cmake
[2.370s] -- Installing: /home/yann/ros2_ws/install/limo_msgs/share/limo_msgs/cmake/export_limo_msgs__rosidl_generator_cExport-noconfig.cmake
[2.370s] -- Installing: /home/yann/ros2_ws/install/limo_msgs/share/limo_msgs/cmake/export_limo_msgs__rosidl_typesupport_fastrtps_cExport.cmake
[2.370s] -- Installing: /home/yann/ros2_ws/install/limo_msgs/share/limo_msgs/cmake/export_limo_msgs__rosidl_typesupport_fastrtps_cExport-noconfig.cmake
[2.371s] -- Installing: /home/yann/ros2_ws/install/limo_msgs/share/limo_msgs/cmake/export_limo_msgs__rosidl_generator_cppExport.cmake
[2.371s] -- Installing: /home/yann/ros2_ws/install/limo_msgs/share/limo_msgs/cmake/export_limo_msgs__rosidl_typesupport_fastrtps_cppExport.cmake
[2.371s] -- Installing: /home/yann/ros2_ws/install/limo_msgs/share/limo_msgs/cmake/export_limo_msgs__rosidl_typesupport_fastrtps_cppExport-noconfig.cmake
[2.371s] -- Installing: /home/yann/ros2_ws/install/limo_msgs/share/limo_msgs/cmake/limo_msgs__rosidl_typesupport_introspection_cExport.cmake
[2.371s] -- Installing: /home/yann/ros2_ws/install/limo_msgs/share/limo_msgs/cmake/limo_msgs__rosidl_typesupport_introspection_cExport-noconfig.cmake
[2.371s] -- Installing: /home/yann/ros2_ws/install/limo_msgs/share/limo_msgs/cmake/limo_msgs__rosidl_typesupport_cExport.cmake
[2.371s] -- Installing: /home/yann/ros2_ws/install/limo_msgs/share/limo_msgs/cmake/limo_msgs__rosidl_typesupport_cExport-noconfig.cmake
[2.372s] -- Installing: /home/yann/ros2_ws/install/limo_msgs/share/limo_msgs/cmake/limo_msgs__rosidl_typesupport_introspection_cppExport.cmake
[2.372s] -- Installing: /home/yann/ros2_ws/install/limo_msgs/share/limo_msgs/cmake/limo_msgs__rosidl_typesupport_introspection_cppExport-noconfig.cmake
[2.372s] -- Installing: /home/yann/ros2_ws/install/limo_msgs/share/limo_msgs/cmake/limo_msgs__rosidl_typesupport_cppExport.cmake
[2.372s] -- Installing: /home/yann/ros2_ws/install/limo_msgs/share/limo_msgs/cmake/limo_msgs__rosidl_typesupport_cppExport-noconfig.cmake
[2.372s] -- Installing: /home/yann/ros2_ws/install/limo_msgs/share/limo_msgs/cmake/export_limo_msgs__rosidl_generator_pyExport.cmake
[2.372s] -- Installing: /home/yann/ros2_ws/install/limo_msgs/share/limo_msgs/cmake/export_limo_msgs__rosidl_generator_pyExport-noconfig.cmake
[2.375s] Invoked command in '/home/yann/ros2_ws/build/limo_msgs' returned '0': CMAKE_PREFIX_PATH=${CMAKE_PREFIX_PATH}:/opt/ros/humble:/home/yann/ros2_humble/install/rqt_bag_plugins:/home/yann/ros2_humble/install/rqt_bag:/home/yann/ros2_humble/install/launch_testing_examples:/home/yann/ros2_humble/install/ros2bag:/home/yann/ros2_humble/install/tracetools_test:/home/yann/ros2_humble/install/tracetools_launch:/home/yann/ros2_humble/install/topic_monitor:/home/yann/ros2_humble/install/tf2_tools:/home/yann/ros2_humble/install/examples_tf2_py:/home/yann/ros2_humble/install/tf2_ros_py:/home/yann/ros2_humble/install/sros2:/home/yann/ros2_humble/install/rqt_topic:/home/yann/ros2_humble/install/rqt_srv:/home/yann/ros2_humble/install/rqt_shell:/home/yann/ros2_humble/install/rqt_service_caller:/home/yann/ros2_humble/install/rqt_reconfigure:/home/yann/ros2_humble/install/rqt_py_console:/home/yann/ros2_humble/install/rqt_publisher:/home/yann/ros2_humble/install/rqt_plot:/home/yann/ros2_humble/install/rqt_action:/home/yann/ros2_humble/install/rqt_msg:/home/yann/ros2_humble/install/rqt_console:/home/yann/ros2_humble/install/rqt:/home/yann/ros2_humble/install/rqt_graph:/home/yann/ros2_humble/install/rqt_gui_py:/home/yann/ros2_humble/install/rqt_gui:/home/yann/ros2_humble/install/ros2trace:/home/yann/ros2_humble/install/ros2topic:/home/yann/ros2_humble/install/ros2test:/home/yann/ros2_humble/install/ros2component:/home/yann/ros2_humble/install/ros2param:/home/yann/ros2_humble/install/ros2lifecycle:/home/yann/ros2_humble/install/ros2service:/home/yann/ros2_humble/install/ros2run:/home/yann/ros2_humble/install/ros2plugin:/home/yann/ros2_humble/install/ros2launch:/home/yann/ros2_humble/install/ros2pkg:/home/yann/ros2_humble/install/ros2node:/home/yann/ros2_humble/install/ros2multicast:/home/yann/ros2_humble/install/ros2interface:/home/yann/ros2_humble/install/ros2doctor:/home/yann/ros2_humble/install/ros2action:/home/yann/ros2_humble/install/ros2cli:/home/yann/ros2_humble/install/quality_of_service_demo_py:/home/yann/ros2_humble/install/lifecycle_py:/home/yann/ros2_humble/install/launch_testing_ros:/home/yann/ros2_humble/install/launch_ros:/home/yann/ros2_humble/install/examples_rclpy_pointcloud_publisher:/home/yann/ros2_humble/install/examples_rclpy_minimal_subscriber:/home/yann/ros2_humble/install/examples_rclpy_minimal_service:/home/yann/ros2_humble/install/examples_rclpy_minimal_publisher:/home/yann/ros2_humble/install/examples_rclpy_minimal_client:/home/yann/ros2_humble/install/examples_rclpy_minimal_action_server:/home/yann/ros2_humble/install/examples_rclpy_minimal_action_client:/home/yann/ros2_humble/install/examples_rclpy_guard_conditions:/home/yann/ros2_humble/install/examples_rclpy_executors:/home/yann/ros2_humble/install/demo_nodes_py:/home/yann/ros2_humble/install/camera_info_manager_py:/home/yann/ros2_humble/install/action_tutorials_py:/home/yann/ros2_humble/install/ament_uncrustify:/home/yann/ros2_humble/install/tracetools_trace:/home/yann/ros2_humble/install/tracetools_read:/home/yann/ros2_humble/install/test_tracetools_launch:/home/yann/ros2_humble/install/test_launch_ros:/home/yann/ros2_humble/install/sensor_msgs_py:/home/yann/ros2_humble/install/rpyutils:/home/yann/ros2_humble/install/rosidl_runtime_py:/home/yann/ros2_humble/install/rosidl_cli:/home/yann/ros2_humble/install/launch_pytest:/home/yann/ros2_humble/install/launch_testing:/home/yann/ros2_humble/install/launch_yaml:/home/yann/ros2_humble/install/launch_xml:/home/yann/ros2_humble/install/launch:/home/yann/ros2_humble/install/osrf_pycommon:/home/yann/ros2_humble/install/domain_coordinator:/home/yann/ros2_humble/install/ament_xmllint:/home/yann/ros2_humble/install/ament_pyflakes:/home/yann/ros2_humble/install/ament_pycodestyle:/home/yann/ros2_humble/install/ament_pep257:/home/yann/ros2_humble/install/ament_pclint:/home/yann/ros2_humble/install/ament_package:/home/yann/ros2_humble/install/ament_mypy:/home/yann/ros2_humble/install/ament_lint_cmake:/home/yann/ros2_humble/install/ament_flake8:/home/yann/ros2_humble/install/ament_copyright:/home/yann/ros2_humble/install/ament_lint:/home/yann/ros2_humble/install/ament_index_python:/home/yann/ros2_humble/install/ament_cpplint:/home/yann/ros2_humble/install/ament_cppcheck:/home/yann/ros2_humble/install/ament_clang_tidy:/home/yann/ros2_humble/install/ament_clang_format /usr/bin/cmake --install /home/yann/ros2_ws/build/limo_msgs
